Log file open, 04/09/18 09:25:58
LogWindows: Failed to load 'aqProf.dll' (GetLastError=126)
LogWindows: File 'aqProf.dll' does not exist
LogWindows: Failed to load 'VSPerf140.dll' (GetLastError=126)
LogWindows: File 'VSPerf140.dll' does not exist
LogWindows: Failed to load 'VtuneApi.dll' (GetLastError=126)
LogWindows: File 'VtuneApi.dll' does not exist
LogWindows: Failed to load 'VtuneApi32e.dll' (GetLastError=126)
LogWindows: File 'VtuneApi32e.dll' does not exist
LogInit: Display: Running engine for game: RPG_OGH_OGH_3_SMORPG
LogPlatformFile: Not using cached read wrapper
LogInit: Display: RandInit(-1441023104) SRandInit(-1441023104).
LogInit: Read version file with build ID '3944462'
LogInit: Overriding engine version to CL 3944462, compatible CL 3944462
LogInit: Registered custom module enumerator with build ID '3944462'
LogTaskGraph: Started task graph with 5 named threads and 11 total threads with 3 sets of task threads.
LogStats: Stats thread started at 0.164105
LogD3D11RHI: Aftermath initialized
LogICUInternationalization: Display: ICU TimeZone Detection - Raw Offset: +1:00, Platform Override: ''
LogModuleManager: Display: Found up-to-date module file C:/Users/VaucouleurV/Documents/Unreal Projects/RPG_OGH_OGH_3_SMORPG/Plugins/Designer/Binaries/Win64/UE4Editor-Designer.dll (API version 3944462).
LogModuleManager: Display: Found up-to-date module file ../../../Engine/Plugins/2D/Paper2D/Binaries/Win64/UE4Editor-Paper2D.dll (API version 3944462).
LogModuleManager: Display: Found up-to-date module file ../../../Engine/Plugins/2D/Paper2D/Binaries/Win64/UE4Editor-Paper2DEditor.dll (API version 3944462).
LogModuleManager: Display: Found up-to-date module file ../../../Engine/Plugins/2D/Paper2D/Binaries/Win64/UE4Editor-PaperSpriteSheetImporter.dll (API version 3944462).
LogModuleManager: Display: Found up-to-date module file ../../../Engine/Plugins/2D/Paper2D/Binaries/Win64/UE4Editor-PaperTiledImporter.dll (API version 3944462).
LogModuleManager: Display: Found up-to-date module file ../../../Engine/Plugins/2D/Paper2D/Binaries/Win64/UE4Editor-SmartSnapping.dll (API version 3944462).
LogModuleManager: Display: Found up-to-date module file ../../../Engine/Plugins/Blendables/LightPropagationVolume/Binaries/Win64/UE4Editor-LightPropagationVolumeRuntime.dll (API version 3944462).
LogModuleManager: Display: Found up-to-date module file ../../../Engine/Plugins/Blendables/LightPropagationVolume/Binaries/Win64/UE4Editor-LightPropagationVolumeEditor.dll (API version 3944462).
LogModuleManager: Display: Found up-to-date module file ../../../Engine/Plugins/Developer/CLionSourceCodeAccess/Binaries/Win64/UE4Editor-CLionSourceCodeAccess.dll (API version 3944462).
LogModuleManager: Display: Found up-to-date module file ../../../Engine/Plugins/Developer/GitSourceControl/Binaries/Win64/UE4Editor-GitSourceControl.dll (API version 3944462).
LogModuleManager: Display: Found up-to-date module file ../../../Engine/Plugins/Developer/PerforceSourceControl/Binaries/Win64/UE4Editor-PerforceSourceControl.dll (API version 3944462).
LogModuleManager: Display: Found up-to-date module file ../../../Engine/Plugins/Developer/SubversionSourceControl/Binaries/Win64/UE4Editor-SubversionSourceControl.dll (API version 3944462).
LogModuleManager: Display: Found up-to-date module file ../../../Engine/Plugins/Developer/UObjectPlugin/Binaries/Win64/UE4Editor-UObjectPlugin.dll (API version 3944462).
LogModuleManager: Display: Found up-to-date module file ../../../Engine/Plugins/Developer/VisualStudioCodeSourceCodeAccess/Binaries/Win64/UE4Editor-VisualStudioCodeSourceCodeAccess.dll (API version 3944462).
LogModuleManager: Display: Found up-to-date module file ../../../Engine/Plugins/Developer/VisualStudioSourceCodeAccess/Binaries/Win64/UE4Editor-VisualStudioSourceCodeAccess.dll (API version 3944462).
LogModuleManager: Display: Found up-to-date module file ../../../Engine/Plugins/Editor/AssetManagerEditor/Binaries/Win64/UE4Editor-AssetManagerEditor.dll (API version 3944462).
LogModuleManager: Display: Found up-to-date module file ../../../Engine/Plugins/Editor/CryptoKeys/Binaries/Win64/UE4Editor-CryptoKeys.dll (API version 3944462).
LogModuleManager: Display: Found up-to-date module file ../../../Engine/Plugins/Editor/CryptoKeys/Binaries/Win64/UE4Editor-CryptoKeysOpenSSL.dll (API version 3944462).
LogModuleManager: Display: Found up-to-date module file ../../../Engine/Plugins/Editor/DataValidation/Binaries/Win64/UE4Editor-DataValidation.dll (API version 3944462).
LogModuleManager: Display: Found up-to-date module file ../../../Engine/Plugins/Editor/FacialAnimation/Binaries/Win64/UE4Editor-FacialAnimation.dll (API version 3944462).
LogModuleManager: Display: Found up-to-date module file ../../../Engine/Plugins/Editor/FacialAnimation/Binaries/Win64/UE4Editor-FacialAnimationEditor.dll (API version 3944462).
LogModuleManager: Display: Found up-to-date module file ../../../Engine/Plugins/Editor/GameplayTagsEditor/Binaries/Win64/UE4Editor-GameplayTagsEditor.dll (API version 3944462).
LogModuleManager: Display: Found up-to-date module file ../../../Engine/Plugins/Editor/MobileLauncherProfileWizard/Binaries/Win64/UE4Editor-MobileLauncherProfileWizard.dll (API version 3944462).
LogModuleManager: Display: Found up-to-date module file ../../../Engine/Plugins/Editor/PluginBrowser/Binaries/Win64/UE4Editor-PluginBrowser.dll (API version 3944462).
LogModuleManager: Display: Found up-to-date module file ../../../Engine/Plugins/Editor/SpeedTreeImporter/Binaries/Win64/UE4Editor-SpeedTreeImporter.dll (API version 3944462).
LogModuleManager: Display: Found up-to-date module file ../../../Engine/Plugins/Enterprise/DatasmithContent/Binaries/Win64/UE4Editor-DatasmithContent.dll (API version 3944462).
LogModuleManager: Display: Found up-to-date module file ../../../Engine/Plugins/Experimental/AlembicImporter/Binaries/Win64/UE4Editor-AlembicImporter.dll (API version 3944462).
LogModuleManager: Display: Found up-to-date module file ../../../Engine/Plugins/Experimental/AlembicImporter/Binaries/Win64/UE4Editor-AlembicLibrary.dll (API version 3944462).
LogModuleManager: Display: Found up-to-date module file ../../../Engine/Plugins/Experimental/CharacterAI/Binaries/Win64/UE4Editor-CharacterAI.dll (API version 3944462).
LogModuleManager: Display: Found up-to-date module file ../../../Engine/Plugins/Experimental/HTML5Networking/Binaries/Win64/UE4Editor-HTML5Networking.dll (API version 3944462).
LogModuleManager: Display: Found up-to-date module file ../../../Engine/Plugins/Media/AndroidMedia/Binaries/Win64/UE4Editor-AndroidMediaEditor.dll (API version 3944462).
LogModuleManager: Display: Found up-to-date module file ../../../Engine/Plugins/Media/AndroidMedia/Binaries/Win64/UE4Editor-AndroidMediaFactory.dll (API version 3944462).
LogModuleManager: Display: Found up-to-date module file ../../../Engine/Plugins/Media/AvfMedia/Binaries/Win64/UE4Editor-AvfMediaEditor.dll (API version 3944462).
LogModuleManager: Display: Found up-to-date module file ../../../Engine/Plugins/Media/AvfMedia/Binaries/Win64/UE4Editor-AvfMediaFactory.dll (API version 3944462).
LogModuleManager: Display: Found up-to-date module file ../../../Engine/Plugins/Media/AvfMedia/Binaries/Win64/UE4Editor-AvfMediaFactory.dll (API version 3944462).
LogModuleManager: Display: Found up-to-date module file ../../../Engine/Plugins/Media/ImgMedia/Binaries/Win64/UE4Editor-ImgMedia.dll (API version 3944462).
LogModuleManager: Display: Found up-to-date module file ../../../Engine/Plugins/Media/ImgMedia/Binaries/Win64/UE4Editor-ImgMediaEditor.dll (API version 3944462).
LogModuleManager: Display: Found up-to-date module file ../../../Engine/Plugins/Media/ImgMedia/Binaries/Win64/UE4Editor-ImgMediaFactory.dll (API version 3944462).
LogModuleManager: Display: Found up-to-date module file ../../../Engine/Plugins/Media/ImgMedia/Binaries/Win64/UE4Editor-ImgMediaFactory.dll (API version 3944462).
LogModuleManager: Display: Found up-to-date module file ../../../Engine/Plugins/Media/ImgMedia/Binaries/Win64/UE4Editor-OpenExrWrapper.dll (API version 3944462).
LogModuleManager: Display: Found up-to-date module file ../../../Engine/Plugins/Media/LinearTimecode/Binaries/Win64/UE4Editor-LinearTimecode.dll (API version 3944462).
LogModuleManager: Display: Found up-to-date module file ../../../Engine/Plugins/Media/MediaCompositing/Binaries/Win64/UE4Editor-MediaCompositing.dll (API version 3944462).
LogModuleManager: Display: Found up-to-date module file ../../../Engine/Plugins/Media/MediaCompositing/Binaries/Win64/UE4Editor-MediaCompositingEditor.dll (API version 3944462).
LogModuleManager: Display: Found up-to-date module file ../../../Engine/Plugins/Media/MediaPlayerEditor/Binaries/Win64/UE4Editor-MediaPlayerEditor.dll (API version 3944462).
LogModuleManager: Display: Found up-to-date module file ../../../Engine/Plugins/Media/WmfMedia/Binaries/Win64/UE4Editor-WmfMedia.dll (API version 3944462).
LogModuleManager: Display: Found up-to-date module file ../../../Engine/Plugins/Media/WmfMedia/Binaries/Win64/UE4Editor-WmfMediaEditor.dll (API version 3944462).
LogModuleManager: Display: Found up-to-date module file ../../../Engine/Plugins/Media/WmfMedia/Binaries/Win64/UE4Editor-WmfMediaFactory.dll (API version 3944462).
LogModuleManager: Display: Found up-to-date module file ../../../Engine/Plugins/Media/WmfMedia/Binaries/Win64/UE4Editor-WmfMediaFactory.dll (API version 3944462).
LogModuleManager: Display: Found up-to-date module file ../../../Engine/Plugins/Messaging/TcpMessaging/Binaries/Win64/UE4Editor-TcpMessaging.dll (API version 3944462).
LogModuleManager: Display: Found up-to-date module file ../../../Engine/Plugins/Messaging/UdpMessaging/Binaries/Win64/UE4Editor-UdpMessaging.dll (API version 3944462).
LogModuleManager: Display: Found up-to-date module file ../../../Engine/Plugins/MovieScene/ActorSequence/Binaries/Win64/UE4Editor-ActorSequence.dll (API version 3944462).
LogModuleManager: Display: Found up-to-date module file ../../../Engine/Plugins/MovieScene/LevelSequenceEditor/Binaries/Win64/UE4Editor-LevelSequenceEditor.dll (API version 3944462).
LogModuleManager: Display: Found up-to-date module file ../../../Engine/Plugins/MovieScene/MatineeToLevelSequence/Binaries/Win64/UE4Editor-MatineeToLevelSequence.dll (API version 3944462).
LogModuleManager: Display: Found up-to-date module file ../../../Engine/Plugins/NetcodeUnitTest/NetcodeUnitTest/Binaries/Win64/UE4Editor-NetcodeUnitTest.dll (API version 3944462).
LogModuleManager: Display: Found up-to-date module file ../../../Engine/Plugins/NetcodeUnitTest/NUTUnrealEngine4/Binaries/Win64/UE4Editor-NUTUnrealEngine4.dll (API version 3944462).
LogModuleManager: Display: Found up-to-date module file ../../../Engine/Plugins/Online/OnlineSubsystem/Binaries/Win64/UE4Editor-OnlineSubsystem.dll (API version 3944462).
LogModuleManager: Display: Found up-to-date module file ../../../Engine/Plugins/Runtime/AndroidPermission/Binaries/Win64/UE4Editor-AndroidPermission.dll (API version 3944462).
LogModuleManager: Display: Found up-to-date module file ../../../Engine/Plugins/Online/OnlineSubsystemNull/Binaries/Win64/UE4Editor-OnlineSubsystemNull.dll (API version 3944462).
LogModuleManager: Display: Found up-to-date module file ../../../Engine/Plugins/Online/OnlineSubsystemUtils/Binaries/Win64/UE4Editor-OnlineSubsystemUtils.dll (API version 3944462).
LogModuleManager: Display: Found up-to-date module file ../../../Engine/Plugins/Online/OnlineSubsystemUtils/Binaries/Win64/UE4Editor-OnlineBlueprintSupport.dll (API version 3944462).
LogModuleManager: Display: Found up-to-date module file ../../../Engine/Plugins/Runtime/AndroidDeviceProfileSelector/Binaries/Win64/UE4Editor-AndroidDeviceProfileSelector.dll (API version 3944462).
LogModuleManager: Display: Found up-to-date module file ../../../Engine/Plugins/Runtime/AppleARKit/Binaries/Win64/UE4Editor-AppleARKit.dll (API version 3944462).
LogModuleManager: Display: Found up-to-date module file ../../../Engine/Plugins/Runtime/ProceduralMeshComponent/Binaries/Win64/UE4Editor-ProceduralMeshComponent.dll (API version 3944462).
LogModuleManager: Display: Found up-to-date module file ../../../Engine/Plugins/Runtime/ProceduralMeshComponent/Binaries/Win64/UE4Editor-ProceduralMeshComponentEditor.dll (API version 3944462).
LogModuleManager: Display: Found up-to-date module file ../../../Engine/Plugins/Animation/LiveLink/Binaries/Win64/UE4Editor-LiveLink.dll (API version 3944462).
LogModuleManager: Display: Found up-to-date module file ../../../Engine/Plugins/Animation/LiveLink/Binaries/Win64/UE4Editor-LiveLinkEditor.dll (API version 3944462).
LogModuleManager: Display: Found up-to-date module file ../../../Engine/Plugins/Runtime/ArchVisCharacter/Binaries/Win64/UE4Editor-ArchVisCharacter.dll (API version 3944462).
LogModuleManager: Display: Found up-to-date module file ../../../Engine/Plugins/Runtime/AudioCapture/Binaries/Win64/UE4Editor-AudioCapture.dll (API version 3944462).
LogModuleManager: Display: Found up-to-date module file ../../../Engine/Plugins/Runtime/AudioCapture/Binaries/Win64/UE4Editor-AudioCaptureEditor.dll (API version 3944462).
LogModuleManager: Display: Found up-to-date module file ../../../Engine/Plugins/Runtime/CableComponent/Binaries/Win64/UE4Editor-CableComponent.dll (API version 3944462).
LogModuleManager: Display: Found up-to-date module file ../../../Engine/Plugins/Runtime/CustomMeshComponent/Binaries/Win64/UE4Editor-CustomMeshComponent.dll (API version 3944462).
LogModuleManager: Display: Found up-to-date module file ../../../Engine/Plugins/Runtime/ExampleDeviceProfileSelector/Binaries/Win64/UE4Editor-ExampleDeviceProfileSelector.dll (API version 3944462).
LogModuleManager: Display: Found up-to-date module file ../../../Engine/Plugins/Runtime/ImmediatePhysics/Binaries/Win64/UE4Editor-ImmediatePhysics.dll (API version 3944462).
LogModuleManager: Display: Found up-to-date module file ../../../Engine/Plugins/Runtime/ImmediatePhysics/Binaries/Win64/UE4Editor-ImmediatePhysicsEditor.dll (API version 3944462).
LogModuleManager: Display: Found up-to-date module file ../../../Engine/Plugins/Runtime/LocationServicesBPLibrary/Binaries/Win64/UE4Editor-LocationServicesBPLibrary.dll (API version 3944462).
LogModuleManager: Display: Found up-to-date module file ../../../Engine/Plugins/Runtime/MobilePatchingUtils/Binaries/Win64/UE4Editor-MobilePatchingUtils.dll (API version 3944462).
LogModuleManager: Display: Found up-to-date module file ../../../Engine/Plugins/Runtime/Oculus/OculusVR/Binaries/Win64/UE4Editor-OculusHMD.dll (API version 3944462).
LogModuleManager: Display: Found up-to-date module file ../../../Engine/Plugins/Runtime/Oculus/OculusVR/Binaries/Win64/UE4Editor-OculusInput.dll (API version 3944462).
LogModuleManager: Display: Found up-to-date module file ../../../Engine/Plugins/Runtime/Oculus/OculusVR/Binaries/Win64/UE4Editor-OculusEditor.dll (API version 3944462).
LogModuleManager: Display: Found up-to-date module file ../../../Engine/Plugins/Runtime/PhysXVehicles/Binaries/Win64/UE4Editor-PhysXVehicles.dll (API version 3944462).
LogModuleManager: Display: Found up-to-date module file ../../../Engine/Plugins/Runtime/PhysXVehicles/Binaries/Win64/UE4Editor-PhysXVehiclesEditor.dll (API version 3944462).
LogModuleManager: Display: Found up-to-date module file ../../../Engine/Plugins/Runtime/RuntimePhysXCooking/Binaries/Win64/UE4Editor-RuntimePhysXCooking.dll (API version 3944462).
LogModuleManager: Display: Found up-to-date module file ../../../Engine/Plugins/Runtime/Steam/SteamVR/Binaries/Win64/UE4Editor-SteamVR.dll (API version 3944462).
LogModuleManager: Display: Found up-to-date module file ../../../Engine/Plugins/Runtime/Steam/SteamVR/Binaries/Win64/UE4Editor-SteamVRController.dll (API version 3944462).
LogModuleManager: Display: Found up-to-date module file ../../../Engine/Plugins/Runtime/WindowsMoviePlayer/Binaries/Win64/UE4Editor-WindowsMoviePlayer.dll (API version 3944462).
LogPluginManager: Mounting plugin Paper2D
LogPluginManager: Mounting plugin LiveLink
LogPluginManager: Mounting plugin LightPropagationVolume
LogPluginManager: Mounting plugin Designer
LogPluginManager: Mounting plugin CLionSourceCodeAccess
LogPluginManager: Mounting plugin CodeLiteSourceCodeAccess
LogPluginManager: Mounting plugin GitSourceControl
LogPluginManager: Mounting plugin KDevelopSourceCodeAccess
LogPluginManager: Mounting plugin NullSourceCodeAccess
LogPluginManager: Mounting plugin PerforceSourceControl
LogPluginManager: Mounting plugin SubversionSourceControl
LogPluginManager: Mounting plugin UObjectPlugin
LogPluginManager: Mounting plugin VisualStudioCodeSourceCodeAccess
LogPluginManager: Mounting plugin VisualStudioSourceCodeAccess
LogPluginManager: Mounting plugin XCodeSourceCodeAccess
LogPluginManager: Mounting plugin AssetManagerEditor
LogPluginManager: Mounting plugin CryptoKeys
LogPluginManager: Mounting plugin DataValidation
LogPluginManager: Mounting plugin FacialAnimation
LogPluginManager: Mounting plugin GameplayTagsEditor
LogPluginManager: Mounting plugin MobileLauncherProfileWizard
LogPluginManager: Mounting plugin PluginBrowser
LogPluginManager: Mounting plugin SpeedTreeImporter
LogPluginManager: Mounting plugin DatasmithContent
LogPluginManager: Mounting plugin AlembicImporter
LogPluginManager: Mounting plugin CharacterAI
LogPluginManager: Mounting plugin HTML5Networking
LogPluginManager: Mounting plugin AndroidMedia
LogPluginManager: Mounting plugin AvfMedia
LogPluginManager: Mounting plugin ImgMedia
LogPluginManager: Mounting plugin LinearTimecode
LogPluginManager: Mounting plugin MediaCompositing
LogPluginManager: Mounting plugin MediaPlayerEditor
LogPluginManager: Mounting plugin WmfMedia
LogPluginManager: Mounting plugin TcpMessaging
LogPluginManager: Mounting plugin UdpMessaging
LogPluginManager: Mounting plugin ActorSequence
LogPluginManager: Mounting plugin LevelSequenceEditor
LogPluginManager: Mounting plugin MatineeToLevelSequence
LogPluginManager: Mounting plugin NetcodeUnitTest
LogPluginManager: Mounting plugin NUTUnrealEngine4
LogPluginManager: Mounting plugin OnlineSubsystemGooglePlay
LogPluginManager: Mounting plugin OnlineSubsystemIOS
LogPluginManager: Mounting plugin OnlineSubsystem
LogPluginManager: Mounting plugin OnlineSubsystemNull
LogPluginManager: Mounting plugin OnlineSubsystemUtils
LogPluginManager: Mounting plugin AndroidDeviceProfileSelector
LogPluginManager: Mounting plugin AndroidMoviePlayer
LogPluginManager: Mounting plugin AndroidPermission
LogPluginManager: Mounting plugin AppleARKit
LogPluginManager: Mounting plugin AppleMoviePlayer
LogPluginManager: Mounting plugin ArchVisCharacter
LogPluginManager: Mounting plugin AudioCapture
LogPluginManager: Mounting plugin CableComponent
LogPluginManager: Mounting plugin CustomMeshComponent
LogPluginManager: Mounting plugin ExampleDeviceProfileSelector
LogPluginManager: Mounting plugin GoogleCloudMessaging
LogPluginManager: Mounting plugin ImmediatePhysics
LogPluginManager: Mounting plugin IOSDeviceProfileSelector
LogPluginManager: Mounting plugin LinuxDeviceProfileSelector
LogPluginManager: Mounting plugin LocationServicesBPLibrary
LogPluginManager: Mounting plugin MobilePatchingUtils
LogPluginManager: Mounting plugin OculusVR
LogPluginManager: Plugin shader directory ../../../Engine/Plugins/Runtime/Oculus/OculusVR/Shaders found
LogPluginManager: Mapping shader source directory ../../../Engine/Plugins/Runtime/Oculus/OculusVR/Shaders to virtual directory /Plugin/OculusVR
LogPluginManager: Mounting plugin PhysXVehicles
LogPluginManager: Mounting plugin ProceduralMeshComponent
LogPluginManager: Mounting plugin RuntimePhysXCooking
LogPluginManager: Mounting plugin SteamVR
LogPluginManager: Mounting plugin WindowsMoviePlayer
LogStreaming: Display: Took  1.804s to configure plugins.
LogInit: Using libcurl 7.47.1
LogInit:  - built for x86_64-pc-win32
LogInit:  - supports SSL with OpenSSL/1.0.2g
LogInit:  - supports HTTP deflate (compression) using libz 1.2.8
LogInit:  - other features:
LogInit:      CURL_VERSION_SSL
LogInit:      CURL_VERSION_LIBZ
LogInit:      CURL_VERSION_IPV6
LogInit:      CURL_VERSION_ASYNCHDNS
LogInit:      CURL_VERSION_LARGEFILE
LogInit:      CURL_VERSION_IDN
LogInit:  CurlRequestOptions (configurable via config and command line):
LogInit:  - bVerifyPeer = false  - Libcurl will NOT verify peer certificate
LogInit:  - bUseHttpProxy = false  - Libcurl will NOT use HTTP proxy
LogInit:  - bDontReuseConnections = false  - Libcurl will reuse connections
LogInit:  - CertBundlePath = nullptr  - Libcurl will use whatever was configured at build time.
LogInit:  - MaxHostConnections = 16  - Libcurl will limit the number of connections to a host
LogInit:  - LocalHostAddr = Default
LogInit: WinSock: version 1.1 (2.2), MaxSocks=32767, MaxUdp=65467
LogInit: WinSock: I am HPIlluminati (10.131.94.103:0)
LogInit: Build: ++UE4+Release-4.19-CL-3944462
LogInit: Engine Version: 4.19.0-3944462+++UE4+Release-4.19
LogInit: Compatible Engine Version: 4.19.0-3944462+++UE4+Release-4.19
LogInit: Net CL: 3944462
LogDevObjectVersion: Number of dev versions registered: 18
LogDevObjectVersion:   Dev-Blueprints (B0D832E4-1F89-4F0D-ACCF-7EB736FD4AA2): 10
LogDevObjectVersion:   Dev-Build (E1C64328-A22C-4D53-A36C-8E866417BD8C): 0
LogDevObjectVersion:   Dev-Core (375EC13C-06E4-48FB-B500-84F0262A717E): 2
LogDevObjectVersion:   Dev-Editor (E4B068ED-F494-42E9-A231-DA0B2E46BB41): 23
LogDevObjectVersion:   Dev-Framework (CFFC743F-43B0-4480-9391-14DF171D2073): 33
LogDevObjectVersion:   Dev-Mobile (B02B49B5-BB20-44E9-A304-32B752E40360): 2
LogDevObjectVersion:   Dev-Networking (A4E4105C-59A1-49B5-A7C5-40C4547EDFEE): 0
LogDevObjectVersion:   Dev-Online (39C831C9-5AE6-47DC-9A44-9C173E1C8E7C): 0
LogDevObjectVersion:   Dev-Physics (78F01B33-EBEA-4F98-B9B4-84EACCB95AA2): 0
LogDevObjectVersion:   Dev-Platform (6631380F-2D4D-43E0-8009-CF276956A95A): 0
LogDevObjectVersion:   Dev-Rendering (12F88B9F-8875-4AFC-A67C-D90C383ABD29): 25
LogDevObjectVersion:   Dev-Sequencer (7B5AE74C-D270-4C10-A958-57980B212A5A): 6
LogDevObjectVersion:   Dev-VR (D7296918-1DD6-4BDD-9DE2-64A83CC13884): 1
LogDevObjectVersion:   Dev-LoadTimes (C2A15278-BFE7-4AFE-6C17-90FF531DF755): 1
LogDevObjectVersion:   Private-Geometry (6EACA3D4-40EC-4CC1-B786-8BED09428FC5): 2
LogDevObjectVersion:   Dev-AnimPhys (29E575DD-E0A3-4627-9D10-D276232CDCEA): 16
LogDevObjectVersion:   Dev-ReflectionCapture (6B266CEC-1EC7-4B8F-A30B-E4D90942FC07): 1
LogDevObjectVersion:   Dev-Automation (0DF73D61-A23F-47EA-B727-89E90C41499A): 1
LogInit: Compiled (64-bit): Mar 13 2018 23:12:32
LogInit: Compiled with Visual C++: 19.00.24215.01
LogInit: Build Configuration: Development
LogInit: Branch Name: ++UE4+Release-4.19
LogInit: Command Line:  
LogInit: Base Directory: F:/Epic Games/UE_4.19/Engine/Binaries/Win64/
LogInit: Installed Engine Build: 1
LogStreaming: Display: Took  0.008s to delete old logs.
LogInit: Presizing for max 8388607 objects, including 0 objects not considered by GC, pre-allocating 0 bytes for permanent pool.
LogInit: Object subsystem initialized
[2018.04.09-07.26.00:435][  0]LogInit: Selected Device Profile: [Windows]
[2018.04.09-07.26.00:435][  0]LogInit: Applying CVar settings loaded from the selected device profile: [Windows]
[2018.04.09-07.26.00:450][  0]LogInit: Computer: HPILLUMINATI
[2018.04.09-07.26.00:450][  0]LogInit: User: VaucouleurV
[2018.04.09-07.26.00:450][  0]LogInit: CPU Page size=4096, Cores=2
[2018.04.09-07.26.00:450][  0]LogInit: High frequency timer resolution =2.531248 MHz
[2018.04.09-07.26.00:451][  0]LogMemory: Memory total: Physical=7.9GB (8GB approx)
[2018.04.09-07.26.00:451][  0]LogMemory: Platform Memory Stats for Windows
[2018.04.09-07.26.00:451][  0]LogMemory: Process Physical Memory: 275.62 MB used, 275.62 MB peak
[2018.04.09-07.26.00:451][  0]LogMemory: Process Virtual Memory: 276.35 MB used, 276.35 MB peak
[2018.04.09-07.26.00:451][  0]LogMemory: Physical Memory: 3945.38 MB used,  4127.22 MB free, 8072.59 MB total
[2018.04.09-07.26.00:451][  0]LogMemory: Virtual Memory: 643.31 MB used,  4127.22 MB free, 134217728.00 MB total
[2018.04.09-07.26.00:491][  0]LogInit: Using OS detected language (fr-FR).
[2018.04.09-07.26.00:491][  0]LogInit: Using OS detected locale (fr-FR).
[2018.04.09-07.26.00:497][  0]LogTextLocalizationManager: No localization for 'fr-FR' exists, so 'en' will be used for the language.
[2018.04.09-07.26.01:044][  0]LogStreaming: Display: Took  0.553s to EndInitTextLocalization.
[2018.04.09-07.26.01:044][  0]LogInit: Setting process to per monitor DPI aware
[2018.04.09-07.26.01:072][  0]LogSlate: New Slate User Created.  User Index 0, Is Virtual User: 0
[2018.04.09-07.26.01:072][  0]LogSlate: Slate User Registered.  User Index 0, Is Virtual User: 0
[2018.04.09-07.26.01:386][  0]LogD3D11RHI: D3D11 adapters:
[2018.04.09-07.26.01:452][  0]LogD3D11RHI:    0. 'Intel(R) HD Graphics 520' (Feature Level 11_0)
[2018.04.09-07.26.01:452][  0]LogD3D11RHI:       128/0/4036 MB DedicatedVideo/DedicatedSystem/SharedSystem, Outputs:1, VendorId:0x8086
[2018.04.09-07.26.01:455][  0]LogD3D11RHI:    1. 'Microsoft Basic Render Driver' (Feature Level 11_0)
[2018.04.09-07.26.01:455][  0]LogD3D11RHI:       0/0/4036 MB DedicatedVideo/DedicatedSystem/SharedSystem, Outputs:0, VendorId:0x1414
[2018.04.09-07.26.01:455][  0]LogD3D11RHI: Chosen D3D11 Adapter: 0
[2018.04.09-07.26.01:460][  0]LogD3D11RHI: Creating new Direct3DDevice
[2018.04.09-07.26.01:460][  0]LogD3D11RHI:     GPU DeviceId: 0x1916 (for the marketing name, search the web for "GPU Device Id")
[2018.04.09-07.26.01:460][  0]LogWindows: EnumDisplayDevices:
[2018.04.09-07.26.01:460][  0]LogWindows:    0. 'Intel(R) HD Graphics 520' (P:1 D:1)
[2018.04.09-07.26.01:460][  0]LogWindows:    1. 'Intel(R) HD Graphics 520' (P:0 D:0)
[2018.04.09-07.26.01:461][  0]LogWindows:    2. 'Intel(R) HD Graphics 520' (P:0 D:0)
[2018.04.09-07.26.01:461][  0]LogWindows: DebugString: FoundDriverCount:3 
[2018.04.09-07.26.01:461][  0]LogD3D11RHI:     Adapter Name: Intel(R) HD Graphics 520
[2018.04.09-07.26.01:461][  0]LogD3D11RHI:   Driver Version: 23.20.16.4877 (internal:23.20.16.4877, unified:23.20.16.4877)
[2018.04.09-07.26.01:461][  0]LogD3D11RHI:      Driver Date: 12-1-2017
[2018.04.09-07.26.01:461][  0]LogRHI: Texture pool is 1502 MB (70% of 2146 MB)
[2018.04.09-07.26.01:515][  0]LogD3D11RHI: Async texture creation enabled
[2018.04.09-07.26.01:525][  0]LogD3D11RHI: GPU Timing Frequency: 12.000048 (Debug: 2 0)
[2018.04.09-07.26.01:526][  0]LogShaderCompilers: Guid format shader working directory is -15 characters bigger than the processId version (C:/Users/VaucouleurV/Documents/Unreal Projects/RPG_OGH_OGH_3_SMORPG/Intermediate/Shaders/WorkingDirectory/8280/).
[2018.04.09-07.26.01:527][  0]LogShaderCompilers: Cleaned the shader compiler working directory 'C:/Users/VaucouleurV/AppData/Local/Temp/UnrealShaderWorkingDir/77C15A44447AD1A0E402A692C206135B/'.
[2018.04.09-07.26.01:840][  0]LogTemp: Display: Loaded TP AllDesktopTargetPlatform
[2018.04.09-07.26.01:858][  0]LogTemp: Display: Loaded TP MacClientTargetPlatform
[2018.04.09-07.26.01:874][  0]LogTemp: Display: Loaded TP MacNoEditorTargetPlatform
[2018.04.09-07.26.01:894][  0]LogTemp: Display: Loaded TP MacServerTargetPlatform
[2018.04.09-07.26.01:911][  0]LogTemp: Display: Loaded TP MacTargetPlatform
[2018.04.09-07.26.01:928][  0]LogTemp: Display: Loaded TP WindowsClientTargetPlatform
[2018.04.09-07.26.01:944][  0]LogTemp: Display: Loaded TP WindowsNoEditorTargetPlatform
[2018.04.09-07.26.01:961][  0]LogTemp: Display: Loaded TP WindowsServerTargetPlatform
[2018.04.09-07.26.01:969][  0]LogTemp: Display: Loaded TP WindowsTargetPlatform
[2018.04.09-07.26.01:987][  0]LogTemp: Display: Loaded TP Android_ASTCTargetPlatform
[2018.04.09-07.26.02:003][  0]LogTemp: Display: Loaded TP Android_ATCTargetPlatform
[2018.04.09-07.26.02:018][  0]LogTemp: Display: Loaded TP Android_DXTTargetPlatform
[2018.04.09-07.26.02:033][  0]LogTemp: Display: Loaded TP Android_ETC1aTargetPlatform
[2018.04.09-07.26.02:049][  0]LogTemp: Display: Loaded TP Android_ETC1TargetPlatform
[2018.04.09-07.26.02:065][  0]LogTemp: Display: Loaded TP Android_ETC2TargetPlatform
[2018.04.09-07.26.02:097][  0]LogTemp: Display: Loaded TP Android_MultiTargetPlatform
[2018.04.09-07.26.02:097][  0]LogTemp: Display: Loaded TP Android_PVRTCTargetPlatform
[2018.04.09-07.26.02:112][  0]LogTemp: Display: Loaded TP AndroidTargetPlatform
[2018.04.09-07.26.02:114][  0]LogTemp: Display: Loaded TP HTML5TargetPlatform
[2018.04.09-07.26.02:156][  0]LogTemp: Display: Loaded TP IOSTargetPlatform
[2018.04.09-07.26.02:170][  0]LogTemp: Display: Loaded TP TVOSTargetPlatform
[2018.04.09-07.26.02:186][  0]LogTemp: Display: Loaded TP LinuxClientTargetPlatform
[2018.04.09-07.26.02:201][  0]LogTemp: Display: Loaded TP LinuxNoEditorTargetPlatform
[2018.04.09-07.26.02:215][  0]LogTemp: Display: Loaded TP LinuxServerTargetPlatform
[2018.04.09-07.26.02:231][  0]LogTemp: Display: Loaded TP LinuxTargetPlatform
[2018.04.09-07.26.02:231][  0]LogTargetPlatformManager: Display: Building Assets For Windows
[2018.04.09-07.26.02:395][  0]LogXGEController: Cleaning working directory: C:/Users/VaucouleurV/AppData/Local/Temp/UnrealXGEWorkingDir/
[2018.04.09-07.26.02:395][  0]LogXGEController: Cannot use XGE Controller as Incredibuild is not installed on this machine.
[2018.04.09-07.26.02:395][  0]LogShaderCompilers: Cannot use XGE Shader Compiler as Incredibuild is not installed on this machine.
[2018.04.09-07.26.02:395][  0]LogShaderCompilers: Display: Using Local Shader Compiler.
[2018.04.09-07.26.03:343][  0]LogDerivedDataCache: Display: Max Cache Size: 512 MB
[2018.04.09-07.26.03:427][  0]LogDerivedDataCache: Loaded boot cache 0.08s 74MB C:/Users/VaucouleurV/AppData/Local/UnrealEngine/4.19/DerivedDataCache/Boot.ddc.
[2018.04.09-07.26.03:428][  0]LogDerivedDataCache: Display: Loaded Boot cache: C:/Users/VaucouleurV/AppData/Local/UnrealEngine/4.19/DerivedDataCache/Boot.ddc
[2018.04.09-07.26.03:428][  0]LogDerivedDataCache: FDerivedDataBackendGraph:  Pak pak cache file C:/Users/VaucouleurV/Documents/Unreal Projects/RPG_OGH_OGH_3_SMORPG/DerivedDataCache/DDC.ddp not found, will not use a pak cache.
[2018.04.09-07.26.03:428][  0]LogDerivedDataCache: Unable to find inner node Pak for hierarchical cache Hierarchy.
[2018.04.09-07.26.03:428][  0]LogDerivedDataCache: FDerivedDataBackendGraph:  CompressedPak pak cache file C:/Users/VaucouleurV/Documents/Unreal Projects/RPG_OGH_OGH_3_SMORPG/DerivedDataCache/Compressed.ddp not found, will not use a pak cache.
[2018.04.09-07.26.03:428][  0]LogDerivedDataCache: Unable to find inner node CompressedPak for hierarchical cache Hierarchy.
[2018.04.09-07.26.03:451][  0]LogDerivedDataCache: Display: Pak cache opened for reading ../../../Engine/DerivedDataCache/Compressed.ddp.
[2018.04.09-07.26.03:464][  0]LogDerivedDataCache: Using Local data cache path C:/Users/VaucouleurV/AppData/Local/UnrealEngine/Common/DerivedDataCache: Writable
[2018.04.09-07.26.03:480][  0]LogMaterial: Verifying Global Shaders for PCD3D_SM5
[2018.04.09-07.26.03:480][  0]LogSlate: Using Freetype 2.6.0
[2018.04.09-07.26.03:481][  0]LogSlate: SlateFontCache - WITH_FREETYPE: 1, WITH_HARFBUZZ: 1
[2018.04.09-07.26.03:481][  0]LogSlate: SlateFontCache - WITH_FREETYPE: 1, WITH_HARFBUZZ: 1
[2018.04.09-07.26.03:677][  0]LogAssetRegistry: FAssetRegistry took 0.0322 seconds to start up
[2018.04.09-07.26.04:310][  0]LogInit: Selected Device Profile: [Windows]
[2018.04.09-07.26.04:528][  0]LogSimplygon: Simplygon DLL not present - disabling.
[2018.04.09-07.26.04:532][  0]LogMeshReduction: Using SimplygonSwarm for distributed automatic mesh merging
[2018.04.09-07.26.04:532][  0]LogMeshReduction: Using QuadricMeshReduction for automatic static mesh reduction
[2018.04.09-07.26.04:532][  0]LogMeshReduction: No automatic skeletal mesh reduction module available
[2018.04.09-07.26.04:532][  0]LogMeshReduction: No automatic mesh merging module available
[2018.04.09-07.26.04:532][  0]LogMeshMerging: No automatic mesh merging module available
[2018.04.09-07.26.04:584][  0]LogNetVersion: RPG_OGH_OGH_3_SMORPG , NetCL: 3944462, EngineNetVer: 2, GameNetVer: 0 (Checksum: 1955048836)
[2018.04.09-07.26.05:157][  0]LogPackageLocalizationCache: Processed 10 localized package path(s) for 1 prioritized culture(s) in 0.068540 seconds
[2018.04.09-07.26.05:164][  0]LogUObjectArray: 36729 objects as part of root set at end of initial load.
[2018.04.09-07.26.05:164][  0]LogUObjectAllocator: 7314536 out of 0 bytes used by permanent object pool.
[2018.04.09-07.26.05:164][  0]LogUObjectArray: CloseDisregardForGC: 0/0 objects in disregard for GC pool
[2018.04.09-07.26.07:579][  0]LogTcpMessaging: Initializing TcpMessaging bridge
[2018.04.09-07.26.07:620][  0]LogUdpMessaging: Initializing bridge on interface 0.0.0.0:0 to multicast group 230.0.0.1:6666.
[2018.04.09-07.26.08:188][  0]SourceControl: Source control is disabled
[2018.04.09-07.26.08:188][  0]SourceControl: Source control is disabled
[2018.04.09-07.26.08:228][  0]SourceControl: Source control is disabled
[2018.04.09-07.26.08:258][  0]SourceControl: Source control is disabled
[2018.04.09-07.26.08:996][  0]LogAndroidPermission: UAndroidPermissionCallbackProxy::GetInstance
[2018.04.09-07.26.09:247][  0]LogOcInput: OculusInput pre-init called
[2018.04.09-07.26.09:406][  0]LogEngine: Initializing Engine...
[2018.04.09-07.26.09:409][  0]LogHMD: Failed to initialize OpenVR with code 110
[2018.04.09-07.26.09:411][  0]LogStats: UGameplayTagsManager::ConstructGameplayTagTree: Construct from data asset -  0.000 s
[2018.04.09-07.26.09:411][  0]LogStats: UGameplayTagsManager::ConstructGameplayTagTree: GameplayTagTreeChangedEvent.Broadcast -  0.000 s
[2018.04.09-07.26.09:715][  0]LogAIModule: Creating AISystem for world Untitled
[2018.04.09-07.26.09:728][  0]LogInit: XAudio2 using 'Haut-parleurs (Conexant ISST Audio)' : 2 channels at 48 kHz using 32 bits per sample (channel mask 0x3)
[2018.04.09-07.26.09:810][  0]LogInit: FAudioDevice initialized.
[2018.04.09-07.26.09:912][  0]LogDerivedDataCache: Saved boot cache 0.10s 74MB C:/Users/VaucouleurV/AppData/Local/UnrealEngine/4.19/DerivedDataCache/Boot.ddc.
[2018.04.09-07.26.09:927][  0]LogInit: Texture streaming: Enabled
[2018.04.09-07.26.09:950][  0]LogEngineSessionManager: EngineSessionManager initialized
[2018.04.09-07.26.09:965][  0]LogInit: Transaction tracking system initialized
[2018.04.09-07.26.09:998][  0]BlueprintLog: New page: Editor Load
[2018.04.09-07.26.10:096][  0]LocalizationService: Localization service is disabled
[2018.04.09-07.26.10:541][  0]LogConsoleResponse: Display: 
[2018.04.09-07.26.10:723][  0]LogCook: Display: Max memory allowance for cook 16384mb min free memory 0mb
[2018.04.09-07.26.10:724][  0]LogCook: Display: Mobile HDR setting 1
[2018.04.09-07.26.10:724][  0]LogGameplayTags: Display: UGameplayTagsManager::DoneAddingNativeTags. DelegateIsBound: 0
[2018.04.09-07.26.10:724][  0]LogStats: UGameplayTagsManager::ConstructGameplayTagTree: Construct from data asset -  0.000 s
[2018.04.09-07.26.10:724][  0]LogStats: UGameplayTagsManager::ConstructGameplayTagTree: GameplayTagTreeChangedEvent.Broadcast -  0.000 s
[2018.04.09-07.26.11:343][  0]LogFileCache: Scanning file cache for directory 'C:/Users/VaucouleurV/Documents/Unreal Projects/RPG_OGH_OGH_3_SMORPG/Content/' took 0.02s
[2018.04.09-07.26.11:343][  0]SourceControl: Source control is disabled
[2018.04.09-07.26.11:405][  0]LogWindowsTextInputMethodSystem: Display: IME system now deactivated.
[2018.04.09-07.26.11:436][  0]LogSlate: Took 0.000284 seconds to synchronously load lazily loaded font '../../../Engine/Content/Slate/Fonts/Roboto-Regular.ttf' (155K)
[2018.04.09-07.26.20:160][  0]LogSlate: Window 'Restore Packages' being destroyed
[2018.04.09-07.26.20:161][  0]LogWindowsTextInputMethodSystem: Display: IME system now deactivated.
[2018.04.09-07.26.20:163][  0]LogWindowsTextInputMethodSystem: Display: IME system now deactivated.
[2018.04.09-07.26.21:327][  0]LogSlate: Window 'Unable to Check Out From Source Control!' being destroyed
[2018.04.09-07.26.21:328][  0]LogWindowsTextInputMethodSystem: Display: IME system now deactivated.
[2018.04.09-07.26.21:329][  0]LogWindowsTextInputMethodSystem: Display: IME system now deactivated.
[2018.04.09-07.26.21:360][  0]Cmd: MAP LOAD FILE="C:/Users/VaucouleurV/Documents/Unreal Projects/RPG_OGH_OGH_3_SMORPG/Content/Maps/BaseMap.umap" TEMPLATE=0 SHOWPROGRESS=1 FEATURELEVEL=3
[2018.04.09-07.26.21:361][  0]LightingResults: New page: Lighting Build
[2018.04.09-07.26.21:366][  0]MapCheck: New page: Map Check
[2018.04.09-07.26.21:366][  0]LightingResults: New page: Lighting Build
[2018.04.09-07.26.21:780][  0]LogBlueprint: Warning: [Compiler My_Player] Get : 'Level' variable not found. Base class was probably changed. /Game/Blueprints/My_Player.My_Player
[2018.04.09-07.26.21:780][  0]LogBlueprint: Warning: [Compiler My_Player] Get : 'MaxXp' variable not found. Base class was probably changed. /Game/Blueprints/My_Player.My_Player
[2018.04.09-07.26.21:795][  0]LogBlueprint: Warning: [Compiler My_Player] [0025,03] Compile of My_Player successful, but with 2 Warning(s) [in 16 ms] (/Game/Blueprints/My_Player.My_Player)
[2018.04.09-07.26.23:462][  0]LogAIModule: Creating AISystem for world BaseMap
[2018.04.09-07.26.23:598][  0]LogEditorServer: Finished looking for orphan Actors (0.000 secs)
[2018.04.09-07.26.23:649][  0]Cmd: MAP CHECKDEP NOCLEARLOG
[2018.04.09-07.26.23:811][  0]MapCheck: Map check complete: 0 Error(s), 0 Warning(s), took 161,851ms to complete.
[2018.04.09-07.26.23:812][  0]LogFileHelpers: Loading map 'BaseMap' took 2.452
[2018.04.09-07.26.23:899][  0]LogStats: Warning: MetaData mismatch. Did you assign a stat to two groups? New //STATGROUP_Threads//SplashScreenThread///Thread_1b10_0///####STATCAT_Advanced#### old //STATGROUP_Threads//SplashScreenThread///Thread_37c_0///####STATCAT_Advanced####
[2018.04.09-07.26.23:899][  0]LogCollectionManager: Loaded 0 collections in 0.001911 seconds
[2018.04.09-07.26.23:945][  0]LogFileCache: Scanning file cache for directory 'C:/Users/VaucouleurV/Documents/Unreal Projects/RPG_OGH_OGH_3_SMORPG/Saved/Collections/' took 0.01s
[2018.04.09-07.26.23:945][  0]LogFileCache: Scanning file cache for directory 'C:/Users/VaucouleurV/Documents/Unreal Projects/RPG_OGH_OGH_3_SMORPG/Content/Developers/VaucouleurV/Collections/' took 0.01s
[2018.04.09-07.26.23:945][  0]LogFileCache: Scanning file cache for directory 'C:/Users/VaucouleurV/Documents/Unreal Projects/RPG_OGH_OGH_3_SMORPG/Content/Collections/' took 0.01s
[2018.04.09-07.26.23:945][  0]LogCollectionManager: Rebuilt the GUID cache for 0 collections in 0.000000 seconds
[2018.04.09-07.26.23:957][  0]LogContentBrowser: Native class hierarchy populated in 0.0121 seconds. Added 2453 classes and 561 folders.
[2018.04.09-07.26.23:965][  0]LogContentBrowser: Native class hierarchy updated for 'WidgetCarousel' in 0.0004 seconds. Added 0 classes and 0 folders.
[2018.04.09-07.26.24:054][  0]LogContentBrowser: Native class hierarchy updated for 'AddContentDialog' in 0.0002 seconds. Added 0 classes and 0 folders.
[2018.04.09-07.26.24:059][  0]LogContentBrowser: Native class hierarchy updated for 'SceneOutliner' in 0.0003 seconds. Added 1 classes and 2 folders.
[2018.04.09-07.26.24:229][  0]LogSlate: Took 0.000325 seconds to synchronously load lazily loaded font '../../../Engine/Content/Slate/Fonts/Roboto-Bold.ttf' (160K)
[2018.04.09-07.26.24:239][  0]LogSlate: Took 0.000336 seconds to synchronously load lazily loaded font '../../../Engine/Content/Editor/Slate/Fonts/FontAwesome.ttf' (139K)
[2018.04.09-07.26.24:413][  0]LogRenderer: Reallocating scene render targets to support 1248x648 Format 9 NumSamples 1 (Frame:1).
[2018.04.09-07.26.24:646][  0]LogContentBrowser: Native class hierarchy updated for 'HierarchicalLODOutliner' in 0.0003 seconds. Added 0 classes and 0 folders.
[2018.04.09-07.26.24:646][  0]LogLoad: (Engine Initialization) Total time: 27.88 seconds
[2018.04.09-07.26.24:646][  0]LogLoad: (Engine Initialization) Total Blueprint compile time: 0.00 seconds
[2018.04.09-07.26.24:703][  0]LogContentStreaming: Texture pool size now 400 MB
[2018.04.09-07.26.24:716][  0]LogSlate: Took 0.000331 seconds to synchronously load lazily loaded font '../../../Engine/Content/Slate/Fonts/Roboto-Light.ttf' (167K)
[2018.04.09-07.26.24:731][  1]LogFileCache: Retrieving MD5 hashes for directory 'C:/Users/VaucouleurV/Documents/Unreal Projects/RPG_OGH_OGH_3_SMORPG/Content/' took 0.06s
[2018.04.09-07.26.24:794][  2]LogAssetRegistry: Asset discovery search completed in 21.1384 seconds
[2018.04.09-07.26.24:797][  2]LogCollectionManager: Rebuilt the object cache for 0 collections in 0.000000 seconds (found 0 objects)
[2018.04.09-07.26.24:797][  2]LogCollectionManager: Fixed up redirectors for 0 collections in 0.000082 seconds (updated 0 objects)
[2018.04.09-07.26.25:794][ 18]LogSlate: Took 0.000330 seconds to synchronously load lazily loaded font '../../../Engine/Content/Slate/Fonts/Roboto-Light.ttf' (167K)
[2018.04.09-07.26.28:026][132]LogSlate: FSceneViewport::OnFocusLost() reason 0
[2018.04.09-07.26.30:247][227]LogSlate: FSceneViewport::OnFocusLost() reason 0
[2018.04.09-07.26.30:541][229]LogSlate: Window 'RPG_OGH_OGH_3_SMORPG - Unreal Editor' being destroyed
[2018.04.09-07.26.30:542][229]LogWindowsTextInputMethodSystem: Display: IME system now deactivated.
[2018.04.09-07.26.30:780][230]Cmd: QUIT_EDITOR
[2018.04.09-07.26.30:831][230]LogSlate: Slate User Destroyed.  User Index 0, Is Virtual User: 0
[2018.04.09-07.26.30:831][230]LogExit: Preparing to exit.
[2018.04.09-07.26.31:768][230]LogExit: Editor shut down
[2018.04.09-07.26.31:775][230]LogExit: Transaction tracking system shut down
[2018.04.09-07.26.31:935][230]LogDirectoryWatcher: A directory notification for '../../../Engine/Content/' was aborted.
[2018.04.09-07.26.31:935][230]LogDirectoryWatcher: A directory notification for 'C:/Users/VaucouleurV/Documents/Unreal Projects/RPG_OGH_OGH_3_SMORPG/Content/' was aborted.
[2018.04.09-07.26.31:935][230]LogDirectoryWatcher: A directory notification for '../../Plugins/2D/Paper2D/Content/' was aborted.
[2018.04.09-07.26.31:935][230]LogDirectoryWatcher: A directory notification for 'C:/Users/VaucouleurV/Documents/Unreal Projects/RPG_OGH_OGH_3_SMORPG/Plugins/Designer/Content/' was aborted.
[2018.04.09-07.26.31:936][230]LogDirectoryWatcher: A directory notification for '../../Plugins/Enterprise/DatasmithContent/Content/' was aborted.
[2018.04.09-07.26.31:936][230]LogDirectoryWatcher: A directory notification for '../../Plugins/Media/MediaCompositing/Content/' was aborted.
[2018.04.09-07.26.31:936][230]LogDirectoryWatcher: A directory notification for '../../Plugins/Runtime/AppleARKit/Content/' was aborted.
[2018.04.09-07.26.31:936][230]LogDirectoryWatcher: A directory notification for '../../Plugins/Runtime/Oculus/OculusVR/Content/' was aborted.
[2018.04.09-07.26.31:936][230]LogDirectoryWatcher: A directory notification for '../../Plugins/Runtime/Steam/SteamVR/Content/' was aborted.
[2018.04.09-07.26.32:023][230]LogExit: Object subsystem successfully closed.
[2018.04.09-07.26.32:038][230]LogShaderCompilers: Display: Shaders left to compile 0
[2018.04.09-07.26.32:042][230]LogD3D11RHI: Shutdown
[2018.04.09-07.26.32:042][230]LogD3D11RHI: CleanupD3DDevice
[2018.04.09-07.26.32:093][230]LogD3D11RHI: ~FD3D11DynamicRHI
[2018.04.09-07.26.32:120][230]LogModuleManager: Shutting down and abandoning module HierarchicalLODOutliner (576)
[2018.04.09-07.26.32:120][230]LogModuleManager: Shutting down and abandoning module SceneOutliner (574)
[2018.04.09-07.26.32:120][230]LogModuleManager: Shutting down and abandoning module AddContentDialog (572)
[2018.04.09-07.26.32:120][230]LogDirectoryWatcher: A directory notification for 'F:/Epic Games/UE_4.19/FeaturePacks/' was aborted.
[2018.04.09-07.26.32:120][230]LogDirectoryWatcher: A directory notification for 'F:/Epic Games/UE_4.19/Enterprise/FeaturePacks/' was aborted.
[2018.04.09-07.26.32:121][230]LogModuleManager: Shutting down and abandoning module WidgetCarousel (571)
[2018.04.09-07.26.32:121][230]LogModuleManager: Shutting down and abandoning module EditorWidgets (568)
[2018.04.09-07.26.32:121][230]LogModuleManager: Shutting down and abandoning module CollectionManager (566)
[2018.04.09-07.26.32:121][230]LogDirectoryWatcher: A directory notification for 'C:/Users/VaucouleurV/Documents/Unreal Projects/RPG_OGH_OGH_3_SMORPG/Content/Collections/' was aborted.
[2018.04.09-07.26.32:121][230]LogDirectoryWatcher: A directory notification for 'C:/Users/VaucouleurV/Documents/Unreal Projects/RPG_OGH_OGH_3_SMORPG/Content/Developers/VaucouleurV/Collections/' was aborted.
[2018.04.09-07.26.32:121][230]LogDirectoryWatcher: A directory notification for 'C:/Users/VaucouleurV/Documents/Unreal Projects/RPG_OGH_OGH_3_SMORPG/Saved/Collections/' was aborted.
[2018.04.09-07.26.32:121][230]LogModuleManager: Shutting down and abandoning module StatsViewer (564)
[2018.04.09-07.26.32:121][230]LogModuleManager: Shutting down and abandoning module FoliageEdit (562)
[2018.04.09-07.26.32:122][230]LogModuleManager: Shutting down and abandoning module LandscapeEditor (560)
[2018.04.09-07.26.32:122][230]LogModuleManager: Shutting down and abandoning module MeshPaintMode (558)
[2018.04.09-07.26.32:122][230]LogModuleManager: Shutting down and abandoning module SceneDepthPickerMode (556)
[2018.04.09-07.26.32:122][230]LogModuleManager: Shutting down and abandoning module ActorPickerMode (554)
[2018.04.09-07.26.32:122][230]LogModuleManager: Shutting down and abandoning module GeometryMode (552)
[2018.04.09-07.26.32:122][230]LogModuleManager: Shutting down and abandoning module TextureAlignMode (550)
[2018.04.09-07.26.32:122][230]LogModuleManager: Shutting down and abandoning module BspMode (548)
[2018.04.09-07.26.32:122][230]LogModuleManager: Shutting down and abandoning module PIEPreviewDeviceProfileSelector (546)
[2018.04.09-07.26.32:122][230]LogModuleManager: Shutting down and abandoning module HardwareSurvey (544)
[2018.04.09-07.26.32:122][230]LogModuleManager: Shutting down and abandoning module SequenceRecorderSections (542)
[2018.04.09-07.26.32:122][230]LogModuleManager: Shutting down and abandoning module AutomationWorker (540)
[2018.04.09-07.26.32:122][230]LogModuleManager: Shutting down and abandoning module AudioCaptureEditor (538)
[2018.04.09-07.26.32:122][230]LogModuleManager: Shutting down and abandoning module SequenceRecorder (537)
[2018.04.09-07.26.32:122][230]LogModuleManager: Shutting down and abandoning module MatineeToLevelSequence (534)
[2018.04.09-07.26.32:122][230]LogModuleManager: Shutting down and abandoning module LevelSequenceEditor (532)
[2018.04.09-07.26.32:122][230]LogModuleManager: Shutting down and abandoning module PlacementMode (531)
[2018.04.09-07.26.32:122][230]LogModuleManager: Shutting down and abandoning module MaterialEditor (530)
[2018.04.09-07.26.32:122][230]LogModuleManager: Shutting down and abandoning module WmfMediaFactory (526)
[2018.04.09-07.26.32:122][230]LogModuleManager: Shutting down and abandoning module WmfMediaEditor (524)
[2018.04.09-07.26.32:122][230]LogModuleManager: Shutting down and abandoning module MediaPlayerEditor (522)
[2018.04.09-07.26.32:122][230]LogModuleManager: Shutting down and abandoning module OpenExrWrapper (520)
[2018.04.09-07.26.32:122][230]LogModuleManager: Shutting down and abandoning module ImgMediaFactory (518)
[2018.04.09-07.26.32:122][230]LogModuleManager: Shutting down and abandoning module ImgMediaEditor (516)
[2018.04.09-07.26.32:122][230]LogModuleManager: Shutting down and abandoning module AvfMediaFactory (514)
[2018.04.09-07.26.32:123][230]LogModuleManager: Shutting down and abandoning module AvfMediaEditor (512)
[2018.04.09-07.26.32:123][230]LogModuleManager: Shutting down and abandoning module AndroidMediaFactory (510)
[2018.04.09-07.26.32:123][230]LogModuleManager: Shutting down and abandoning module AndroidMediaEditor (508)
[2018.04.09-07.26.32:123][230]LogModuleManager: Shutting down and abandoning module CharacterAI (506)
[2018.04.09-07.26.32:123][230]LogModuleManager: Shutting down and abandoning module SmartSnapping (504)
[2018.04.09-07.26.32:123][230]LogModuleManager: Shutting down and abandoning module SessionServices (502)
[2018.04.09-07.26.32:123][230]LogModuleManager: Shutting down and abandoning module ViewportSnapping (500)
[2018.04.09-07.26.32:123][230]LogModuleManager: Shutting down and abandoning module ViewportInteraction (498)
[2018.04.09-07.26.32:123][230]LogModuleManager: Shutting down and abandoning module ClothPainter (496)
[2018.04.09-07.26.32:123][230]LogModuleManager: Shutting down and abandoning module SkeletalMeshEditor (495)
[2018.04.09-07.26.32:123][230]LogModuleManager: Shutting down and abandoning module LogVisualizer (492)
[2018.04.09-07.26.32:123][230]LogModuleManager: Shutting down and abandoning module IntroTutorials (490)
[2018.04.09-07.26.32:123][230]LogModuleManager: Shutting down and abandoning module GameProjectGeneration (489)
[2018.04.09-07.26.32:123][230]LogModuleManager: Shutting down and abandoning module IOSPlatformEditor (486)
[2018.04.09-07.26.32:123][230]LogModuleManager: Shutting down and abandoning module HTML5PlatformEditor (484)
[2018.04.09-07.26.32:123][230]LogModuleManager: Shutting down and abandoning module AndroidPlatformEditor (482)
[2018.04.09-07.26.32:123][230]LogModuleManager: Shutting down and abandoning module AndroidDeviceDetection (481)
[2018.04.09-07.26.32:189][230]LogModuleManager: Shutting down and abandoning module WindowsPlatformEditor (478)
[2018.04.09-07.26.32:189][230]LogModuleManager: Shutting down and abandoning module IOSRuntimeSettings (476)
[2018.04.09-07.26.32:189][230]LogModuleManager: Shutting down and abandoning module AndroidRuntimeSettings (474)
[2018.04.09-07.26.32:189][230]LogModuleManager: Shutting down and abandoning module InputBindingEditor (472)
[2018.04.09-07.26.32:189][230]LogModuleManager: Shutting down and abandoning module MergeActors (470)
[2018.04.09-07.26.32:189][230]LogModuleManager: Shutting down and abandoning module LocalizationDashboard (468)
[2018.04.09-07.26.32:189][230]LogModuleManager: Shutting down and abandoning module LocalizationService (467)
[2018.04.09-07.26.32:189][230]LogModuleManager: Shutting down and abandoning module HardwareTargeting (464)
[2018.04.09-07.26.32:189][230]LogModuleManager: Shutting down and abandoning module DeviceProfileEditor (462)
[2018.04.09-07.26.32:189][230]LogModuleManager: Shutting down and abandoning module UndoHistory (460)
[2018.04.09-07.26.32:190][230]LogModuleManager: Shutting down and abandoning module XmlParser (458)
[2018.04.09-07.26.32:190][230]LogModuleManager: Shutting down and abandoning module Blutility (456)
[2018.04.09-07.26.32:190][230]LogModuleManager: Shutting down and abandoning module ProjectSettingsViewer (454)
[2018.04.09-07.26.32:190][230]LogModuleManager: Shutting down and abandoning module ProjectTargetPlatformEditor (453)
[2018.04.09-07.26.32:190][230]LogModuleManager: Shutting down and abandoning module EditorSettingsViewer (450)
[2018.04.09-07.26.32:190][230]LogModuleManager: Shutting down and abandoning module SettingsEditor (448)
[2018.04.09-07.26.32:190][230]LogModuleManager: Shutting down and abandoning module ProjectLauncher (446)
[2018.04.09-07.26.32:190][230]LogModuleManager: Shutting down and abandoning module SessionFrontend (444)
[2018.04.09-07.26.32:190][230]LogModuleManager: Shutting down and abandoning module ProfilerClient (442)
[2018.04.09-07.26.32:190][230]LogModuleManager: Shutting down and abandoning module DeviceManager (440)
[2018.04.09-07.26.32:190][230]LogModuleManager: Shutting down and abandoning module TargetDeviceServices (439)
[2018.04.09-07.26.32:244][230]LogModuleManager: Shutting down and abandoning module AutomationController (436)
[2018.04.09-07.26.32:244][230]LogModuleManager: Shutting down and abandoning module AutomationWindow (434)
[2018.04.09-07.26.32:244][230]LogModuleManager: Shutting down and abandoning module Layers (432)
[2018.04.09-07.26.32:244][230]LogModuleManager: Shutting down and abandoning module ComponentVisualizers (430)
[2018.04.09-07.26.32:244][230]LogModuleManager: Shutting down and abandoning module DetailCustomizations (428)
[2018.04.09-07.26.32:244][230]LogModuleManager: Shutting down and abandoning module PackagesDialog (426)
[2018.04.09-07.26.32:244][230]LogModuleManager: Shutting down and abandoning module Persona (424)
[2018.04.09-07.26.32:244][230]LogModuleManager: Shutting down and abandoning module AdvancedPreviewScene (423)
[2018.04.09-07.26.32:244][230]LogModuleManager: Shutting down and abandoning module AnimGraph (421)
[2018.04.09-07.26.32:244][230]LogModuleManager: Shutting down and abandoning module Kismet (418)
[2018.04.09-07.26.32:245][230]LogModuleManager: Shutting down and abandoning module GraphEditor (416)
[2018.04.09-07.26.32:245][230]LogModuleManager: Shutting down and abandoning module ClassViewer (414)
[2018.04.09-07.26.32:245][230]LogModuleManager: Shutting down and abandoning module Toolbox (412)
[2018.04.09-07.26.32:245][230]LogModuleManager: Shutting down and abandoning module ModuleUI (410)
[2018.04.09-07.26.32:245][230]LogModuleManager: Shutting down and abandoning module MovieSceneTools (408)
[2018.04.09-07.26.32:245][230]LogModuleManager: Shutting down and abandoning module OutputLog (406)
[2018.04.09-07.26.32:245][230]LogModuleManager: Shutting down and abandoning module GammaUI (404)
[2018.04.09-07.26.32:245][230]LogModuleManager: Shutting down and abandoning module Documentation (402)
[2018.04.09-07.26.32:245][230]LogModuleManager: Shutting down and abandoning module MovieSceneTracks (400)
[2018.04.09-07.26.32:245][230]LogModuleManager: Shutting down and abandoning module MovieScene (398)
[2018.04.09-07.26.32:245][230]LogModuleManager: Shutting down and abandoning module StreamingPauseRendering (396)
[2018.04.09-07.26.32:245][230]LogModuleManager: Shutting down and abandoning module LauncherPlatform (394)
[2018.04.09-07.26.32:245][230]LogModuleManager: Shutting down and abandoning module AnalyticsET (392)
[2018.04.09-07.26.32:245][230]LogModuleManager: Shutting down and abandoning module PortalServices (390)
[2018.04.09-07.26.32:245][230]LogModuleManager: Shutting down and abandoning module PortalRpc (388)
[2018.04.09-07.26.32:245][230]LogModuleManager: Shutting down and abandoning module MessagingRpc (386)
[2018.04.09-07.26.32:245][230]LogModuleManager: Shutting down and abandoning module AIModule (384)
[2018.04.09-07.26.32:245][230]LogModuleManager: Shutting down and abandoning module GameplayDebugger (383)
[2018.04.09-07.26.32:245][230]LogModuleManager: Shutting down and abandoning module AITestSuite (381)
[2018.04.09-07.26.32:245][230]LogModuleManager: Shutting down and abandoning module DesktopPlatform (378)
[2018.04.09-07.26.32:245][230]LogModuleManager: Shutting down and abandoning module ProfilerService (376)
[2018.04.09-07.26.32:412][230]LogModuleManager: Shutting down and abandoning module TaskGraph (374)
[2018.04.09-07.26.32:412][230]LogModuleManager: Shutting down and abandoning module SteamVRController (372)
[2018.04.09-07.26.32:412][230]LogModuleManager: Shutting down and abandoning module ProceduralMeshComponentEditor (370)
[2018.04.09-07.26.32:412][230]LogModuleManager: Shutting down and abandoning module ProceduralMeshComponent (368)
[2018.04.09-07.26.32:412][230]LogModuleManager: Shutting down and abandoning module OculusInput (366)
[2018.04.09-07.26.32:412][230]LogModuleManager: Shutting down and abandoning module MobilePatchingUtils (364)
[2018.04.09-07.26.32:412][230]LogModuleManager: Shutting down and abandoning module CustomMeshComponent (362)
[2018.04.09-07.26.32:412][230]LogModuleManager: Shutting down and abandoning module CableComponent (360)
[2018.04.09-07.26.32:412][230]LogModuleManager: Shutting down and abandoning module AudioCapture (358)
[2018.04.09-07.26.32:413][230]LogModuleManager: Shutting down and abandoning module ArchVisCharacter (356)
[2018.04.09-07.26.32:413][230]LogModuleManager: Shutting down and abandoning module AndroidPermission (354)
[2018.04.09-07.26.32:413][230]LogModuleManager: Shutting down and abandoning module NUTUnrealEngine4 (350)
[2018.04.09-07.26.32:413][230]LogModuleManager: Shutting down and abandoning module NetcodeUnitTest (348)
[2018.04.09-07.26.32:413][230]LogModuleManager: Shutting down and abandoning module MediaCompositingEditor (346)
[2018.04.09-07.26.32:413][230]LogModuleManager: Shutting down and abandoning module MediaCompositing (344)
[2018.04.09-07.26.32:413][230]LogModuleManager: Shutting down and abandoning module LinearTimecode (342)
[2018.04.09-07.26.32:413][230]LogModuleManager: Shutting down and abandoning module ImgMedia (340)
[2018.04.09-07.26.32:416][230]LogModuleManager: Shutting down and abandoning module HTML5Networking (338)
[2018.04.09-07.26.32:416][230]LogModuleManager: Shutting down and abandoning module AlembicImporter (336)
[2018.04.09-07.26.32:417][230]LogModuleManager: Shutting down and abandoning module AlembicLibrary (335)
[2018.04.09-07.26.32:417][230]LogModuleManager: Shutting down and abandoning module GeometryCache (334)
[2018.04.09-07.26.32:417][230]LogModuleManager: Shutting down and abandoning module GeometryCacheEd (333)
[2018.04.09-07.26.32:417][230]LogModuleManager: Shutting down and abandoning module DatasmithContent (328)
[2018.04.09-07.26.32:417][230]LogModuleManager: Shutting down and abandoning module SpeedTreeImporter (326)
[2018.04.09-07.26.32:417][230]LogModuleManager: Shutting down and abandoning module PluginBrowser (324)
[2018.04.09-07.26.32:417][230]LogModuleManager: Shutting down and abandoning module MobileLauncherProfileWizard (322)
[2018.04.09-07.26.32:417][230]LogModuleManager: Shutting down and abandoning module CryptoKeysOpenSSL (320)
[2018.04.09-07.26.32:417][230]LogModuleManager: Shutting down and abandoning module CryptoKeys (318)
[2018.04.09-07.26.32:417][230]LogModuleManager: Shutting down and abandoning module VisualStudioSourceCodeAccess (316)
[2018.04.09-07.26.32:417][230]LogModuleManager: Shutting down and abandoning module VisualStudioCodeSourceCodeAccess (314)
[2018.04.09-07.26.32:417][230]LogModuleManager: Shutting down and abandoning module UObjectPlugin (312)
[2018.04.09-07.26.32:417][230]LogModuleManager: Shutting down and abandoning module SubversionSourceControl (310)
[2018.04.09-07.26.32:417][230]LogModuleManager: Shutting down and abandoning module PerforceSourceControl (308)
[2018.04.09-07.26.32:418][230]LogModuleManager: Shutting down and abandoning module GitSourceControl (306)
[2018.04.09-07.26.32:418][230]LogModuleManager: Shutting down and abandoning module SourceControl (305)
[2018.04.09-07.26.32:418][230]LogModuleManager: Shutting down and abandoning module CLionSourceCodeAccess (302)
[2018.04.09-07.26.32:418][230]LogModuleManager: Shutting down and abandoning module Designer (300)
[2018.04.09-07.26.32:418][230]LogModuleManager: Shutting down and abandoning module LightPropagationVolumeEditor (298)
[2018.04.09-07.26.32:418][230]LogModuleManager: Shutting down and abandoning module PaperTiledImporter (296)
[2018.04.09-07.26.32:418][230]LogModuleManager: Shutting down and abandoning module PaperSpriteSheetImporter (294)
[2018.04.09-07.26.32:418][230]LogModuleManager: Shutting down and abandoning module Paper2DEditor (292)
[2018.04.09-07.26.32:418][230]LogModuleManager: Shutting down and abandoning module MeshPaint (291)
[2018.04.09-07.26.32:418][230]LogModuleManager: Shutting down and abandoning module RuntimePhysXCooking (288)
[2018.04.09-07.26.32:418][230]LogModuleManager: Shutting down and abandoning module PhysXVehiclesEditor (286)
[2018.04.09-07.26.32:418][230]LogModuleManager: Shutting down and abandoning module PhysXVehicles (284)
[2018.04.09-07.26.32:418][230]LogModuleManager: Shutting down and abandoning module OculusEditor (282)
[2018.04.09-07.26.32:419][230]LogModuleManager: Shutting down and abandoning module LocationServicesBPLibrary (280)
[2018.04.09-07.26.32:419][230]LogModuleManager: Shutting down and abandoning module ImmediatePhysicsEditor (278)
[2018.04.09-07.26.32:419][230]LogModuleManager: Shutting down and abandoning module ImmediatePhysics (276)
[2018.04.09-07.26.32:419][230]LogModuleManager: Shutting down and abandoning module ActorSequence (274)
[2018.04.09-07.26.32:419][230]LogModuleManager: Shutting down and abandoning module UdpMessaging (272)
[2018.04.09-07.26.32:519][230]LogModuleManager: Shutting down and abandoning module TcpMessaging (270)
[2018.04.09-07.26.32:620][230]LogModuleManager: Shutting down and abandoning module GameplayTagsEditor (268)
[2018.04.09-07.26.32:620][230]LogModuleManager: Shutting down and abandoning module FacialAnimationEditor (266)
[2018.04.09-07.26.32:620][230]LogModuleManager: Shutting down and abandoning module FacialAnimation (264)
[2018.04.09-07.26.32:620][230]LogModuleManager: Shutting down and abandoning module DataValidation (262)
[2018.04.09-07.26.32:620][230]LogModuleManager: Shutting down and abandoning module AssetManagerEditor (260)
[2018.04.09-07.26.32:620][230]LogModuleManager: Shutting down and abandoning module LevelEditor (259)
[2018.04.09-07.26.32:621][230]LogModuleManager: Shutting down and abandoning module PixelInspectorModule (258)
[2018.04.09-07.26.32:621][230]LogModuleManager: Shutting down and abandoning module CommonMenuExtensions (256)
[2018.04.09-07.26.32:621][230]LogModuleManager: Shutting down and abandoning module MainFrame (254)
[2018.04.09-07.26.32:621][230]LogModuleManager: Shutting down and abandoning module HotReload (253)
[2018.04.09-07.26.32:621][230]LogDirectoryWatcher: A directory notification for 'C:/Users/VaucouleurV/Documents/Unreal Projects/RPG_OGH_OGH_3_SMORPG/Plugins/Designer/Binaries/Win64' was aborted.
[2018.04.09-07.26.32:621][230]LogModuleManager: Shutting down and abandoning module ContentBrowser (249)
[2018.04.09-07.26.32:622][230]LogModuleManager: Shutting down and abandoning module TreeMap (247)
[2018.04.09-07.26.32:622][230]LogModuleManager: Shutting down and abandoning module LightPropagationVolumeRuntime (244)
[2018.04.09-07.26.32:622][230]LogModuleManager: Shutting down and abandoning module LiveLinkEditor (242)
[2018.04.09-07.26.32:622][230]LogModuleManager: Shutting down and abandoning module LiveLink (240)
[2018.04.09-07.26.33:130][230]LogModuleManager: Shutting down and abandoning module Paper2D (238)
[2018.04.09-07.26.33:130][230]LogModuleManager: Shutting down and abandoning module WindowsMoviePlayer (236)
[2018.04.09-07.26.33:130][230]LogModuleManager: Shutting down and abandoning module WmfMedia (234)
[2018.04.09-07.26.33:131][230]LogModuleManager: Shutting down and abandoning module PacketHandler (232)
[2018.04.09-07.26.33:131][230]LogModuleManager: Shutting down and abandoning module ClothingSystemEditor (230)
[2018.04.09-07.26.33:131][230]LogModuleManager: Shutting down and abandoning module ClothingSystemRuntime (228)
[2018.04.09-07.26.33:131][230]LogModuleManager: Shutting down and abandoning module MediaAssets (226)
[2018.04.09-07.26.33:131][230]LogModuleManager: Shutting down and abandoning module Media (225)
[2018.04.09-07.26.33:137][230]LogModuleManager: Shutting down and abandoning module Overlay (222)
[2018.04.09-07.26.33:137][230]LogModuleManager: Shutting down and abandoning module OverlayEditor (221)
[2018.04.09-07.26.33:137][230]LogModuleManager: Shutting down and abandoning module VREditor (218)
[2018.04.09-07.26.33:137][230]LogModuleManager: Shutting down and abandoning module StringTableEditor (216)
[2018.04.09-07.26.33:137][230]LogModuleManager: Shutting down and abandoning module GameplayTasksEditor (214)
[2018.04.09-07.26.33:137][230]LogModuleManager: Shutting down and abandoning module BehaviorTreeEditor (212)
[2018.04.09-07.26.33:137][230]LogModuleManager: Shutting down and abandoning module FunctionalTesting (210)
[2018.04.09-07.26.33:137][230]LogModuleManager: Shutting down and abandoning module CollisionAnalyzer (208)
[2018.04.09-07.26.33:137][230]LogModuleManager: Shutting down and abandoning module WorkspaceMenuStructure (207)
[2018.04.09-07.26.33:137][230]LogModuleManager: Shutting down and abandoning module UMG (204)
[2018.04.09-07.26.33:137][230]LogModuleManager: Shutting down and abandoning module UMGEditor (203)
[2018.04.09-07.26.33:138][230]LogModuleManager: Shutting down and abandoning module Sequencer (202)
[2018.04.09-07.26.33:138][230]LogModuleManager: Shutting down and abandoning module MessageLog (199)
[2018.04.09-07.26.33:138][230]LogModuleManager: Shutting down and abandoning module SlateReflector (194)
[2018.04.09-07.26.33:138][230]LogModuleManager: Shutting down and abandoning module Slate (192)
[2018.04.09-07.26.33:138][230]LogModuleManager: Shutting down and abandoning module EditorStyle (190)
[2018.04.09-07.26.33:140][230]LogModuleManager: Shutting down and abandoning module MRMesh (188)
[2018.04.09-07.26.33:140][230]LogModuleManager: Shutting down and abandoning module SourceCodeAccess (186)
[2018.04.09-07.26.33:140][230]LogModuleManager: Shutting down and abandoning module HeadMountedDisplay (184)
[2018.04.09-07.26.33:140][230]LogModuleManager: Shutting down and abandoning module XAudio2 (182)
[2018.04.09-07.26.33:140][230]LogModuleManager: Shutting down and abandoning module Networking (180)
[2018.04.09-07.26.33:140][230]LogModuleManager: Shutting down and abandoning module Core (178)
[2018.04.09-07.26.33:140][230]LogModuleManager: Shutting down and abandoning module LevelSequence (176)
[2018.04.09-07.26.33:140][230]LogModuleManager: Shutting down and abandoning module KismetCompiler (174)
[2018.04.09-07.26.33:140][230]LogModuleManager: Shutting down and abandoning module MeshUtilities (172)
[2018.04.09-07.26.33:140][230]LogModuleManager: Shutting down and abandoning module MeshMergeUtilities (171)
[2018.04.09-07.26.33:140][230]LogModuleManager: Shutting down and abandoning module MeshReductionInterface (170)
[2018.04.09-07.26.33:140][230]LogModuleManager: Shutting down and abandoning module SimplygonSwarm (169)
[2018.04.09-07.26.33:140][230]LogModuleManager: Shutting down and abandoning module SimplygonMeshReduction (167)
[2018.04.09-07.26.33:140][230]LogModuleManager: Shutting down and abandoning module QuadricMeshReduction (165)
[2018.04.09-07.26.33:140][230]LogModuleManager: Shutting down and abandoning module MaterialBaking (161)
[2018.04.09-07.26.33:140][230]LogModuleManager: Shutting down and abandoning module DirectoryWatcher (157)
[2018.04.09-07.26.33:141][230]LogModuleManager: Shutting down and abandoning module DerivedDataCache (154)
[2018.04.09-07.26.34:293][230]LogDerivedDataCache: Shutdown
[2018.04.09-07.26.34:293][230]LogModuleManager: Shutting down and abandoning module XGEController (152)
[2018.04.09-07.26.34:293][230]LogXGEController: Cleaning working directory: C:/Users/VaucouleurV/AppData/Local/Temp/UnrealXGEWorkingDir/
[2018.04.09-07.26.34:294][230]LogModuleManager: Shutting down and abandoning module TargetPlatform (150)
[2018.04.09-07.26.34:294][230]LogModuleManager: Shutting down and abandoning module VulkanShaderFormat (149)
[2018.04.09-07.26.34:294][230]LogModuleManager: Shutting down and abandoning module ShaderFormatVectorVM (147)
[2018.04.09-07.26.34:294][230]LogModuleManager: Shutting down and abandoning module ShaderFormatOpenGL (145)
[2018.04.09-07.26.34:294][230]LogModuleManager: Shutting down and abandoning module ShaderFormatD3D (143)
[2018.04.09-07.26.34:294][230]LogModuleManager: Shutting down and abandoning module MetalShaderFormat (141)
[2018.04.09-07.26.34:294][230]LogModuleManager: Shutting down and abandoning module TextureFormatUncompressed (139)
[2018.04.09-07.26.34:294][230]LogModuleManager: Shutting down and abandoning module TextureFormatPVR (137)
[2018.04.09-07.26.34:294][230]LogModuleManager: Shutting down and abandoning module TextureFormatDXT (135)
[2018.04.09-07.26.34:294][230]LogModuleManager: Shutting down and abandoning module TextureFormatIntelISPCTexComp (133)
[2018.04.09-07.26.34:294][230]LogModuleManager: Shutting down and abandoning module TextureFormatASTC (131)
[2018.04.09-07.26.34:294][230]LogModuleManager: Shutting down and abandoning module ImageWrapper (130)
[2018.04.09-07.26.34:294][230]LogModuleManager: Shutting down and abandoning module TextureFormatAndroid (127)
[2018.04.09-07.26.34:295][230]LogModuleManager: Shutting down and abandoning module AudioFormatOpus (125)
[2018.04.09-07.26.34:295][230]LogModuleManager: Shutting down and abandoning module AudioFormatOgg (123)
[2018.04.09-07.26.34:295][230]LogModuleManager: Shutting down and abandoning module AudioFormatADPCM (121)
[2018.04.09-07.26.34:295][230]LogModuleManager: Shutting down and abandoning module LinuxTargetPlatform (119)
[2018.04.09-07.26.34:295][230]LogModuleManager: Shutting down and abandoning module LinuxServerTargetPlatform (117)
[2018.04.09-07.26.34:295][230]LogModuleManager: Shutting down and abandoning module LinuxNoEditorTargetPlatform (115)
[2018.04.09-07.26.34:295][230]LogModuleManager: Shutting down and abandoning module LinuxClientTargetPlatform (113)
[2018.04.09-07.26.34:295][230]LogModuleManager: Shutting down and abandoning module TVOSTargetPlatform (111)
[2018.04.09-07.26.34:295][230]LogModuleManager: Shutting down and abandoning module Messaging (109)
[2018.04.09-07.26.34:295][230]LogModuleManager: Shutting down and abandoning module IOSTargetPlatform (107)
[2018.04.09-07.26.34:295][230]LogModuleManager: Shutting down and abandoning module HTML5TargetPlatform (105)
[2018.04.09-07.26.34:295][230]LogModuleManager: Shutting down and abandoning module AndroidTargetPlatform (103)
[2018.04.09-07.26.34:295][230]LogModuleManager: Shutting down and abandoning module Android_PVRTCTargetPlatform (101)
[2018.04.09-07.26.34:295][230]LogModuleManager: Shutting down and abandoning module Android_MultiTargetPlatform (99)
[2018.04.09-07.26.34:295][230]LogModuleManager: Shutting down and abandoning module Android_ETC2TargetPlatform (97)
[2018.04.09-07.26.34:295][230]LogModuleManager: Shutting down and abandoning module Android_ETC1TargetPlatform (95)
[2018.04.09-07.26.34:295][230]LogModuleManager: Shutting down and abandoning module Android_ETC1aTargetPlatform (93)
[2018.04.09-07.26.34:295][230]LogModuleManager: Shutting down and abandoning module Android_DXTTargetPlatform (91)
[2018.04.09-07.26.34:295][230]LogModuleManager: Shutting down and abandoning module Android_ATCTargetPlatform (89)
[2018.04.09-07.26.34:295][230]LogModuleManager: Shutting down and abandoning module Android_ASTCTargetPlatform (87)
[2018.04.09-07.26.34:295][230]LogModuleManager: Shutting down and abandoning module WindowsTargetPlatform (85)
[2018.04.09-07.26.34:296][230]LogModuleManager: Shutting down and abandoning module WindowsServerTargetPlatform (83)
[2018.04.09-07.26.34:296][230]LogModuleManager: Shutting down and abandoning module WindowsNoEditorTargetPlatform (81)
[2018.04.09-07.26.34:296][230]LogModuleManager: Shutting down and abandoning module WindowsClientTargetPlatform (79)
[2018.04.09-07.26.34:296][230]LogModuleManager: Shutting down and abandoning module MacTargetPlatform (77)
[2018.04.09-07.26.34:296][230]LogModuleManager: Shutting down and abandoning module MacServerTargetPlatform (75)
[2018.04.09-07.26.34:296][230]LogModuleManager: Shutting down and abandoning module MacNoEditorTargetPlatform (73)
[2018.04.09-07.26.34:296][230]LogModuleManager: Shutting down and abandoning module MacClientTargetPlatform (71)
[2018.04.09-07.26.34:296][230]LogModuleManager: Shutting down and abandoning module AllDesktopTargetPlatform (69)
[2018.04.09-07.26.34:296][230]LogModuleManager: Shutting down and abandoning module InputCore (66)
[2018.04.09-07.26.34:296][230]LogModuleManager: Shutting down and abandoning module Settings (64)
[2018.04.09-07.26.34:296][230]LogModuleManager: Shutting down and abandoning module PhysXCooking (62)
[2018.04.09-07.26.34:296][230]LogModuleManager: Shutting down and abandoning module SteamVR (60)
[2018.04.09-07.26.34:296][230]LogModuleManager: Shutting down and abandoning module OculusHMD (58)
[2018.04.09-07.26.34:296][230]LogModuleManager: Shutting down and abandoning module ExampleDeviceProfileSelector (56)
[2018.04.09-07.26.34:296][230]LogModuleManager: Shutting down and abandoning module AppleARKit (54)
[2018.04.09-07.26.34:296][230]LogModuleManager: Shutting down and abandoning module AugmentedReality (51)
[2018.04.09-07.26.34:296][230]LogModuleManager: Shutting down and abandoning module OnlineBlueprintSupport (48)
[2018.04.09-07.26.34:296][230]LogModuleManager: Shutting down and abandoning module OnlineSubsystem (44)
[2018.04.09-07.26.34:296][230]LogModuleManager: Shutting down and abandoning module XMPP (43)
[2018.04.09-07.26.34:297][230]LogModuleManager: Shutting down and abandoning module HTTP (41)
[2018.04.09-07.26.34:297][230]LogHttp: Display: Http module shutting down, but needs to wait on 1 outstanding Http requests:
[2018.04.09-07.26.34:297][230]LogHttp: Display: 	verb=[POST] url=[https://datarouter.ol.epicgames.com/datarouter/api/v1/public/data?SessionID=%7BD4DCB126-46F0-349F-1292-61A55DA9FDC6%7D&AppID=UEEditor.Rocket.Release&AppVersion=4.19.0-3944462%2B%2B%2BUE4%2BRelease-4.19&UserID=f3f4c4614ae92268290eef9ab01bc95d%7C9667c87ae98b4c59b33858b78b85c915%7C256f2a14-a5f3-4699-86f1-9ff3e8e37f47&AppEnvironment=datacollector-binary&UploadType=eteventstream] status=Processing
[2018.04.09-07.26.34:297][230]LogHttp: Display: Sleeping 0.5s to wait for 1 outstanding Http requests.
[2018.04.09-07.26.34:859][230]LogHttp: Display: Sleeping 0.5s to wait for 1 outstanding Http requests.
[2018.04.09-07.26.35:620][230]LogHttp: Display: Sleeping 0.5s to wait for 1 outstanding Http requests.
[2018.04.09-07.26.36:134][230]LogHttp: Display: Sleeping 0.5s to wait for 1 outstanding Http requests.
[2018.04.09-07.26.36:637][230]LogHttp: Display: Sleeping 0.5s to wait for 1 outstanding Http requests.
[2018.04.09-07.26.37:138][230]LogHttp: Display: Sleeping 0.5s to wait for 1 outstanding Http requests.
[2018.04.09-07.26.37:640][230]LogHttp: Display: Sleeping 0.5s to wait for 1 outstanding Http requests.
[2018.04.09-07.26.38:141][230]LogHttp: Display: Sleeping 0.5s to wait for 1 outstanding Http requests.
[2018.04.09-07.26.38:660][230]LogHttp: Display: Sleeping 0.5s to wait for 1 outstanding Http requests.
[2018.04.09-07.26.39:162][230]LogHttp: Display: Sleeping 0.5s to wait for 1 outstanding Http requests.
[2018.04.09-07.26.39:662][230]LogHttp: Display: Sleeping 0.5s to wait for 1 outstanding Http requests.
[2018.04.09-07.26.40:163][230]LogHttp: Display: Sleeping 0.5s to wait for 1 outstanding Http requests.
[2018.04.09-07.26.40:664][230]LogHttp: Display: Sleeping 0.5s to wait for 1 outstanding Http requests.
[2018.04.09-07.26.41:165][230]LogHttp: Display: Sleeping 0.5s to wait for 1 outstanding Http requests.
[2018.04.09-07.26.41:665][230]LogHttp: Display: Sleeping 0.5s to wait for 1 outstanding Http requests.
[2018.04.09-07.26.42:166][230]LogHttp: Display: Sleeping 0.5s to wait for 1 outstanding Http requests.
[2018.04.09-07.26.42:666][230]LogHttp: Display: Sleeping 0.5s to wait for 1 outstanding Http requests.
[2018.04.09-07.26.43:167][230]LogHttp: Display: Sleeping 0.5s to wait for 1 outstanding Http requests.
[2018.04.09-08.27.18:541][230]LogHttp: Warning: 000001A99F45B880: request failed, libcurl error: 28 (Timeout was reached)
[2018.04.09-08.27.18:541][230]LogHttp: Warning: 000001A99F45B880: libcurl info message cache 0 (  Trying 52.201.85.3...)
[2018.04.09-08.27.18:541][230]LogHttp: Warning: 000001A99F45B880: libcurl info message cache 1 (Connection timed out after 3647672 milliseconds)
[2018.04.09-08.27.18:541][230]LogHttp: Warning: 000001A99F45B880: libcurl info message cache 2 (Closing connection 0)
[2018.04.09-08.27.18:570][230]LogModuleManager: Shutting down and abandoning module SSL (40)
[2018.04.09-08.27.18:571][230]LogModuleManager: Shutting down and abandoning module AnimationModifiers (36)
[2018.04.09-08.27.18:589][230]LogModuleManager: Shutting down and abandoning module PropertyEditor (35)
[2018.04.09-08.27.18:589][230]LogModuleManager: Shutting down and abandoning module AudioEditor (32)
[2018.04.09-08.27.18:589][230]LogModuleManager: Shutting down and abandoning module TextureCompressor (30)
[2018.04.09-08.27.18:589][230]LogModuleManager: Shutting down and abandoning module ShaderCore (28)
[2018.04.09-08.27.18:589][230]LogModuleManager: Shutting down and abandoning module Landscape (26)
[2018.04.09-08.27.18:589][230]LogModuleManager: Shutting down and abandoning module SlateRHIRenderer (24)
[2018.04.09-08.27.18:590][230]LogModuleManager: Shutting down and abandoning module OpenGLDrv (22)
[2018.04.09-08.27.18:590][230]LogModuleManager: Shutting down and abandoning module D3D11RHI (20)
[2018.04.09-08.27.18:590][230]LogModuleManager: Shutting down and abandoning module AnimGraphRuntime (18)
[2018.04.09-08.27.18:591][230]LogModuleManager: Shutting down and abandoning module Renderer (16)
[2018.04.09-08.27.18:591][230]LogModuleManager: Shutting down and abandoning module Engine (14)
[2018.04.09-08.27.18:591][230]LogModuleManager: Shutting down and abandoning module CoreUObject (12)
[2018.04.09-08.27.18:591][230]LogModuleManager: Shutting down and abandoning module NetworkFile (10)
[2018.04.09-08.27.18:591][230]LogModuleManager: Shutting down and abandoning module CookedIterativeFile (8)
[2018.04.09-08.27.18:591][230]LogModuleManager: Shutting down and abandoning module StreamingFile (6)
[2018.04.09-08.27.18:591][230]LogModuleManager: Shutting down and abandoning module SandboxFile (4)
[2018.04.09-08.27.18:591][230]LogModuleManager: Shutting down and abandoning module PakFile (2)
[2018.04.09-08.27.18:594][230]LogExit: Exiting.
[2018.04.09-08.27.20:415][230]Log file closed, 04/09/18 10:27:20
