Log file open, 04/09/18 11:44:37
LogWindows: Failed to load 'aqProf.dll' (GetLastError=126)
LogWindows: File 'aqProf.dll' does not exist
LogWindows: Failed to load 'VSPerf140.dll' (GetLastError=126)
LogWindows: File 'VSPerf140.dll' does not exist
LogWindows: Failed to load 'VtuneApi.dll' (GetLastError=126)
LogWindows: File 'VtuneApi.dll' does not exist
LogWindows: Failed to load 'VtuneApi32e.dll' (GetLastError=126)
LogWindows: File 'VtuneApi32e.dll' does not exist
LogInit: Display: Running engine for game: RPG_OGH_OGH_3_SMORPG
LogPlatformFile: Not using cached read wrapper
LogInit: Display: RandInit(-1859062920) SRandInit(-1859062920).
LogInit: Read version file with build ID '3944462'
LogInit: Overriding engine version to CL 3944462, compatible CL 3944462
LogInit: Registered custom module enumerator with build ID '3944462'
LogTaskGraph: Started task graph with 5 named threads and 11 total threads with 3 sets of task threads.
LogStats: Stats thread started at 0.275737
LogD3D11RHI: Aftermath initialized
LogICUInternationalization: Display: ICU TimeZone Detection - Raw Offset: +1:00, Platform Override: ''
LogModuleManager: Display: Found up-to-date module file C:/Users/VaucouleurV/Documents/Unreal Projects/RPG_OGH_OGH_3_SMORPG/Plugins/Designer/Binaries/Win64/UE4Editor-Designer.dll (API version 3944462).
LogModuleManager: Display: Found up-to-date module file ../../../Engine/Plugins/2D/Paper2D/Binaries/Win64/UE4Editor-Paper2D.dll (API version 3944462).
LogModuleManager: Display: Found up-to-date module file ../../../Engine/Plugins/2D/Paper2D/Binaries/Win64/UE4Editor-Paper2DEditor.dll (API version 3944462).
LogModuleManager: Display: Found up-to-date module file ../../../Engine/Plugins/2D/Paper2D/Binaries/Win64/UE4Editor-PaperSpriteSheetImporter.dll (API version 3944462).
LogModuleManager: Display: Found up-to-date module file ../../../Engine/Plugins/2D/Paper2D/Binaries/Win64/UE4Editor-PaperTiledImporter.dll (API version 3944462).
LogModuleManager: Display: Found up-to-date module file ../../../Engine/Plugins/2D/Paper2D/Binaries/Win64/UE4Editor-SmartSnapping.dll (API version 3944462).
LogModuleManager: Display: Found up-to-date module file ../../../Engine/Plugins/Blendables/LightPropagationVolume/Binaries/Win64/UE4Editor-LightPropagationVolumeRuntime.dll (API version 3944462).
LogModuleManager: Display: Found up-to-date module file ../../../Engine/Plugins/Blendables/LightPropagationVolume/Binaries/Win64/UE4Editor-LightPropagationVolumeEditor.dll (API version 3944462).
LogModuleManager: Display: Found up-to-date module file ../../../Engine/Plugins/Developer/CLionSourceCodeAccess/Binaries/Win64/UE4Editor-CLionSourceCodeAccess.dll (API version 3944462).
LogModuleManager: Display: Found up-to-date module file ../../../Engine/Plugins/Developer/GitSourceControl/Binaries/Win64/UE4Editor-GitSourceControl.dll (API version 3944462).
LogModuleManager: Display: Found up-to-date module file ../../../Engine/Plugins/Developer/PerforceSourceControl/Binaries/Win64/UE4Editor-PerforceSourceControl.dll (API version 3944462).
LogModuleManager: Display: Found up-to-date module file ../../../Engine/Plugins/Developer/SubversionSourceControl/Binaries/Win64/UE4Editor-SubversionSourceControl.dll (API version 3944462).
LogModuleManager: Display: Found up-to-date module file ../../../Engine/Plugins/Developer/UObjectPlugin/Binaries/Win64/UE4Editor-UObjectPlugin.dll (API version 3944462).
LogModuleManager: Display: Found up-to-date module file ../../../Engine/Plugins/Developer/VisualStudioCodeSourceCodeAccess/Binaries/Win64/UE4Editor-VisualStudioCodeSourceCodeAccess.dll (API version 3944462).
LogModuleManager: Display: Found up-to-date module file ../../../Engine/Plugins/Developer/VisualStudioSourceCodeAccess/Binaries/Win64/UE4Editor-VisualStudioSourceCodeAccess.dll (API version 3944462).
LogModuleManager: Display: Found up-to-date module file ../../../Engine/Plugins/Editor/AssetManagerEditor/Binaries/Win64/UE4Editor-AssetManagerEditor.dll (API version 3944462).
LogModuleManager: Display: Found up-to-date module file ../../../Engine/Plugins/Editor/CryptoKeys/Binaries/Win64/UE4Editor-CryptoKeys.dll (API version 3944462).
LogModuleManager: Display: Found up-to-date module file ../../../Engine/Plugins/Editor/CryptoKeys/Binaries/Win64/UE4Editor-CryptoKeysOpenSSL.dll (API version 3944462).
LogModuleManager: Display: Found up-to-date module file ../../../Engine/Plugins/Editor/DataValidation/Binaries/Win64/UE4Editor-DataValidation.dll (API version 3944462).
LogModuleManager: Display: Found up-to-date module file ../../../Engine/Plugins/Editor/FacialAnimation/Binaries/Win64/UE4Editor-FacialAnimation.dll (API version 3944462).
LogModuleManager: Display: Found up-to-date module file ../../../Engine/Plugins/Editor/FacialAnimation/Binaries/Win64/UE4Editor-FacialAnimationEditor.dll (API version 3944462).
LogModuleManager: Display: Found up-to-date module file ../../../Engine/Plugins/Editor/GameplayTagsEditor/Binaries/Win64/UE4Editor-GameplayTagsEditor.dll (API version 3944462).
LogModuleManager: Display: Found up-to-date module file ../../../Engine/Plugins/Editor/MobileLauncherProfileWizard/Binaries/Win64/UE4Editor-MobileLauncherProfileWizard.dll (API version 3944462).
LogModuleManager: Display: Found up-to-date module file ../../../Engine/Plugins/Editor/PluginBrowser/Binaries/Win64/UE4Editor-PluginBrowser.dll (API version 3944462).
LogModuleManager: Display: Found up-to-date module file ../../../Engine/Plugins/Editor/SpeedTreeImporter/Binaries/Win64/UE4Editor-SpeedTreeImporter.dll (API version 3944462).
LogModuleManager: Display: Found up-to-date module file ../../../Engine/Plugins/Enterprise/DatasmithContent/Binaries/Win64/UE4Editor-DatasmithContent.dll (API version 3944462).
LogModuleManager: Display: Found up-to-date module file ../../../Engine/Plugins/Experimental/AlembicImporter/Binaries/Win64/UE4Editor-AlembicImporter.dll (API version 3944462).
LogModuleManager: Display: Found up-to-date module file ../../../Engine/Plugins/Experimental/AlembicImporter/Binaries/Win64/UE4Editor-AlembicLibrary.dll (API version 3944462).
LogModuleManager: Display: Found up-to-date module file ../../../Engine/Plugins/Experimental/CharacterAI/Binaries/Win64/UE4Editor-CharacterAI.dll (API version 3944462).
LogModuleManager: Display: Found up-to-date module file ../../../Engine/Plugins/Experimental/HTML5Networking/Binaries/Win64/UE4Editor-HTML5Networking.dll (API version 3944462).
LogModuleManager: Display: Found up-to-date module file ../../../Engine/Plugins/Media/AndroidMedia/Binaries/Win64/UE4Editor-AndroidMediaEditor.dll (API version 3944462).
LogModuleManager: Display: Found up-to-date module file ../../../Engine/Plugins/Media/AndroidMedia/Binaries/Win64/UE4Editor-AndroidMediaFactory.dll (API version 3944462).
LogModuleManager: Display: Found up-to-date module file ../../../Engine/Plugins/Media/AvfMedia/Binaries/Win64/UE4Editor-AvfMediaEditor.dll (API version 3944462).
LogModuleManager: Display: Found up-to-date module file ../../../Engine/Plugins/Media/AvfMedia/Binaries/Win64/UE4Editor-AvfMediaFactory.dll (API version 3944462).
LogModuleManager: Display: Found up-to-date module file ../../../Engine/Plugins/Media/AvfMedia/Binaries/Win64/UE4Editor-AvfMediaFactory.dll (API version 3944462).
LogModuleManager: Display: Found up-to-date module file ../../../Engine/Plugins/Media/ImgMedia/Binaries/Win64/UE4Editor-ImgMedia.dll (API version 3944462).
LogModuleManager: Display: Found up-to-date module file ../../../Engine/Plugins/Media/ImgMedia/Binaries/Win64/UE4Editor-ImgMediaEditor.dll (API version 3944462).
LogModuleManager: Display: Found up-to-date module file ../../../Engine/Plugins/Media/ImgMedia/Binaries/Win64/UE4Editor-ImgMediaFactory.dll (API version 3944462).
LogModuleManager: Display: Found up-to-date module file ../../../Engine/Plugins/Media/ImgMedia/Binaries/Win64/UE4Editor-ImgMediaFactory.dll (API version 3944462).
LogModuleManager: Display: Found up-to-date module file ../../../Engine/Plugins/Media/ImgMedia/Binaries/Win64/UE4Editor-OpenExrWrapper.dll (API version 3944462).
LogModuleManager: Display: Found up-to-date module file ../../../Engine/Plugins/Media/LinearTimecode/Binaries/Win64/UE4Editor-LinearTimecode.dll (API version 3944462).
LogModuleManager: Display: Found up-to-date module file ../../../Engine/Plugins/Media/MediaCompositing/Binaries/Win64/UE4Editor-MediaCompositing.dll (API version 3944462).
LogModuleManager: Display: Found up-to-date module file ../../../Engine/Plugins/Media/MediaCompositing/Binaries/Win64/UE4Editor-MediaCompositingEditor.dll (API version 3944462).
LogModuleManager: Display: Found up-to-date module file ../../../Engine/Plugins/Media/MediaPlayerEditor/Binaries/Win64/UE4Editor-MediaPlayerEditor.dll (API version 3944462).
LogModuleManager: Display: Found up-to-date module file ../../../Engine/Plugins/Media/WmfMedia/Binaries/Win64/UE4Editor-WmfMedia.dll (API version 3944462).
LogModuleManager: Display: Found up-to-date module file ../../../Engine/Plugins/Media/WmfMedia/Binaries/Win64/UE4Editor-WmfMediaEditor.dll (API version 3944462).
LogModuleManager: Display: Found up-to-date module file ../../../Engine/Plugins/Media/WmfMedia/Binaries/Win64/UE4Editor-WmfMediaFactory.dll (API version 3944462).
LogModuleManager: Display: Found up-to-date module file ../../../Engine/Plugins/Media/WmfMedia/Binaries/Win64/UE4Editor-WmfMediaFactory.dll (API version 3944462).
LogModuleManager: Display: Found up-to-date module file ../../../Engine/Plugins/Messaging/TcpMessaging/Binaries/Win64/UE4Editor-TcpMessaging.dll (API version 3944462).
LogModuleManager: Display: Found up-to-date module file ../../../Engine/Plugins/Messaging/UdpMessaging/Binaries/Win64/UE4Editor-UdpMessaging.dll (API version 3944462).
LogModuleManager: Display: Found up-to-date module file ../../../Engine/Plugins/MovieScene/ActorSequence/Binaries/Win64/UE4Editor-ActorSequence.dll (API version 3944462).
LogModuleManager: Display: Found up-to-date module file ../../../Engine/Plugins/MovieScene/LevelSequenceEditor/Binaries/Win64/UE4Editor-LevelSequenceEditor.dll (API version 3944462).
LogModuleManager: Display: Found up-to-date module file ../../../Engine/Plugins/MovieScene/MatineeToLevelSequence/Binaries/Win64/UE4Editor-MatineeToLevelSequence.dll (API version 3944462).
LogModuleManager: Display: Found up-to-date module file ../../../Engine/Plugins/NetcodeUnitTest/NetcodeUnitTest/Binaries/Win64/UE4Editor-NetcodeUnitTest.dll (API version 3944462).
LogModuleManager: Display: Found up-to-date module file ../../../Engine/Plugins/NetcodeUnitTest/NUTUnrealEngine4/Binaries/Win64/UE4Editor-NUTUnrealEngine4.dll (API version 3944462).
LogModuleManager: Display: Found up-to-date module file ../../../Engine/Plugins/Online/OnlineSubsystem/Binaries/Win64/UE4Editor-OnlineSubsystem.dll (API version 3944462).
LogModuleManager: Display: Found up-to-date module file ../../../Engine/Plugins/Runtime/AndroidPermission/Binaries/Win64/UE4Editor-AndroidPermission.dll (API version 3944462).
LogModuleManager: Display: Found up-to-date module file ../../../Engine/Plugins/Online/OnlineSubsystemNull/Binaries/Win64/UE4Editor-OnlineSubsystemNull.dll (API version 3944462).
LogModuleManager: Display: Found up-to-date module file ../../../Engine/Plugins/Online/OnlineSubsystemUtils/Binaries/Win64/UE4Editor-OnlineSubsystemUtils.dll (API version 3944462).
LogModuleManager: Display: Found up-to-date module file ../../../Engine/Plugins/Online/OnlineSubsystemUtils/Binaries/Win64/UE4Editor-OnlineBlueprintSupport.dll (API version 3944462).
LogModuleManager: Display: Found up-to-date module file ../../../Engine/Plugins/Runtime/AndroidDeviceProfileSelector/Binaries/Win64/UE4Editor-AndroidDeviceProfileSelector.dll (API version 3944462).
LogModuleManager: Display: Found up-to-date module file ../../../Engine/Plugins/Runtime/AppleARKit/Binaries/Win64/UE4Editor-AppleARKit.dll (API version 3944462).
LogModuleManager: Display: Found up-to-date module file ../../../Engine/Plugins/Runtime/ProceduralMeshComponent/Binaries/Win64/UE4Editor-ProceduralMeshComponent.dll (API version 3944462).
LogModuleManager: Display: Found up-to-date module file ../../../Engine/Plugins/Runtime/ProceduralMeshComponent/Binaries/Win64/UE4Editor-ProceduralMeshComponentEditor.dll (API version 3944462).
LogModuleManager: Display: Found up-to-date module file ../../../Engine/Plugins/Animation/LiveLink/Binaries/Win64/UE4Editor-LiveLink.dll (API version 3944462).
LogModuleManager: Display: Found up-to-date module file ../../../Engine/Plugins/Animation/LiveLink/Binaries/Win64/UE4Editor-LiveLinkEditor.dll (API version 3944462).
LogModuleManager: Display: Found up-to-date module file ../../../Engine/Plugins/Runtime/ArchVisCharacter/Binaries/Win64/UE4Editor-ArchVisCharacter.dll (API version 3944462).
LogModuleManager: Display: Found up-to-date module file ../../../Engine/Plugins/Runtime/AudioCapture/Binaries/Win64/UE4Editor-AudioCapture.dll (API version 3944462).
LogModuleManager: Display: Found up-to-date module file ../../../Engine/Plugins/Runtime/AudioCapture/Binaries/Win64/UE4Editor-AudioCaptureEditor.dll (API version 3944462).
LogModuleManager: Display: Found up-to-date module file ../../../Engine/Plugins/Runtime/CableComponent/Binaries/Win64/UE4Editor-CableComponent.dll (API version 3944462).
LogModuleManager: Display: Found up-to-date module file ../../../Engine/Plugins/Runtime/CustomMeshComponent/Binaries/Win64/UE4Editor-CustomMeshComponent.dll (API version 3944462).
LogModuleManager: Display: Found up-to-date module file ../../../Engine/Plugins/Runtime/ExampleDeviceProfileSelector/Binaries/Win64/UE4Editor-ExampleDeviceProfileSelector.dll (API version 3944462).
LogModuleManager: Display: Found up-to-date module file ../../../Engine/Plugins/Runtime/ImmediatePhysics/Binaries/Win64/UE4Editor-ImmediatePhysics.dll (API version 3944462).
LogModuleManager: Display: Found up-to-date module file ../../../Engine/Plugins/Runtime/ImmediatePhysics/Binaries/Win64/UE4Editor-ImmediatePhysicsEditor.dll (API version 3944462).
LogModuleManager: Display: Found up-to-date module file ../../../Engine/Plugins/Runtime/LocationServicesBPLibrary/Binaries/Win64/UE4Editor-LocationServicesBPLibrary.dll (API version 3944462).
LogModuleManager: Display: Found up-to-date module file ../../../Engine/Plugins/Runtime/MobilePatchingUtils/Binaries/Win64/UE4Editor-MobilePatchingUtils.dll (API version 3944462).
LogModuleManager: Display: Found up-to-date module file ../../../Engine/Plugins/Runtime/Oculus/OculusVR/Binaries/Win64/UE4Editor-OculusHMD.dll (API version 3944462).
LogModuleManager: Display: Found up-to-date module file ../../../Engine/Plugins/Runtime/Oculus/OculusVR/Binaries/Win64/UE4Editor-OculusInput.dll (API version 3944462).
LogModuleManager: Display: Found up-to-date module file ../../../Engine/Plugins/Runtime/Oculus/OculusVR/Binaries/Win64/UE4Editor-OculusEditor.dll (API version 3944462).
LogModuleManager: Display: Found up-to-date module file ../../../Engine/Plugins/Runtime/PhysXVehicles/Binaries/Win64/UE4Editor-PhysXVehicles.dll (API version 3944462).
LogModuleManager: Display: Found up-to-date module file ../../../Engine/Plugins/Runtime/PhysXVehicles/Binaries/Win64/UE4Editor-PhysXVehiclesEditor.dll (API version 3944462).
LogModuleManager: Display: Found up-to-date module file ../../../Engine/Plugins/Runtime/RuntimePhysXCooking/Binaries/Win64/UE4Editor-RuntimePhysXCooking.dll (API version 3944462).
LogModuleManager: Display: Found up-to-date module file ../../../Engine/Plugins/Runtime/Steam/SteamVR/Binaries/Win64/UE4Editor-SteamVR.dll (API version 3944462).
LogModuleManager: Display: Found up-to-date module file ../../../Engine/Plugins/Runtime/Steam/SteamVR/Binaries/Win64/UE4Editor-SteamVRController.dll (API version 3944462).
LogModuleManager: Display: Found up-to-date module file ../../../Engine/Plugins/Runtime/WindowsMoviePlayer/Binaries/Win64/UE4Editor-WindowsMoviePlayer.dll (API version 3944462).
LogPluginManager: Mounting plugin Paper2D
LogPluginManager: Mounting plugin LiveLink
LogPluginManager: Mounting plugin LightPropagationVolume
LogPluginManager: Mounting plugin Designer
LogPluginManager: Mounting plugin CLionSourceCodeAccess
LogPluginManager: Mounting plugin CodeLiteSourceCodeAccess
LogPluginManager: Mounting plugin GitSourceControl
LogPluginManager: Mounting plugin KDevelopSourceCodeAccess
LogPluginManager: Mounting plugin NullSourceCodeAccess
LogPluginManager: Mounting plugin PerforceSourceControl
LogPluginManager: Mounting plugin SubversionSourceControl
LogPluginManager: Mounting plugin UObjectPlugin
LogPluginManager: Mounting plugin VisualStudioCodeSourceCodeAccess
LogPluginManager: Mounting plugin VisualStudioSourceCodeAccess
LogPluginManager: Mounting plugin XCodeSourceCodeAccess
LogPluginManager: Mounting plugin AssetManagerEditor
LogPluginManager: Mounting plugin CryptoKeys
LogPluginManager: Mounting plugin DataValidation
LogPluginManager: Mounting plugin FacialAnimation
LogPluginManager: Mounting plugin GameplayTagsEditor
LogPluginManager: Mounting plugin MobileLauncherProfileWizard
LogPluginManager: Mounting plugin PluginBrowser
LogPluginManager: Mounting plugin SpeedTreeImporter
LogPluginManager: Mounting plugin DatasmithContent
LogPluginManager: Mounting plugin AlembicImporter
LogPluginManager: Mounting plugin CharacterAI
LogPluginManager: Mounting plugin HTML5Networking
LogPluginManager: Mounting plugin AndroidMedia
LogPluginManager: Mounting plugin AvfMedia
LogPluginManager: Mounting plugin ImgMedia
LogPluginManager: Mounting plugin LinearTimecode
LogPluginManager: Mounting plugin MediaCompositing
LogPluginManager: Mounting plugin MediaPlayerEditor
LogPluginManager: Mounting plugin WmfMedia
LogPluginManager: Mounting plugin TcpMessaging
LogPluginManager: Mounting plugin UdpMessaging
LogPluginManager: Mounting plugin ActorSequence
LogPluginManager: Mounting plugin LevelSequenceEditor
LogPluginManager: Mounting plugin MatineeToLevelSequence
LogPluginManager: Mounting plugin NetcodeUnitTest
LogPluginManager: Mounting plugin NUTUnrealEngine4
LogPluginManager: Mounting plugin OnlineSubsystemGooglePlay
LogPluginManager: Mounting plugin OnlineSubsystemIOS
LogPluginManager: Mounting plugin OnlineSubsystem
LogPluginManager: Mounting plugin OnlineSubsystemNull
LogPluginManager: Mounting plugin OnlineSubsystemUtils
LogPluginManager: Mounting plugin AndroidDeviceProfileSelector
LogPluginManager: Mounting plugin AndroidMoviePlayer
LogPluginManager: Mounting plugin AndroidPermission
LogPluginManager: Mounting plugin AppleARKit
LogPluginManager: Mounting plugin AppleMoviePlayer
LogPluginManager: Mounting plugin ArchVisCharacter
LogPluginManager: Mounting plugin AudioCapture
LogPluginManager: Mounting plugin CableComponent
LogPluginManager: Mounting plugin CustomMeshComponent
LogPluginManager: Mounting plugin ExampleDeviceProfileSelector
LogPluginManager: Mounting plugin GoogleCloudMessaging
LogPluginManager: Mounting plugin ImmediatePhysics
LogPluginManager: Mounting plugin IOSDeviceProfileSelector
LogPluginManager: Mounting plugin LinuxDeviceProfileSelector
LogPluginManager: Mounting plugin LocationServicesBPLibrary
LogPluginManager: Mounting plugin MobilePatchingUtils
LogPluginManager: Mounting plugin OculusVR
LogPluginManager: Plugin shader directory ../../../Engine/Plugins/Runtime/Oculus/OculusVR/Shaders found
LogPluginManager: Mapping shader source directory ../../../Engine/Plugins/Runtime/Oculus/OculusVR/Shaders to virtual directory /Plugin/OculusVR
LogPluginManager: Mounting plugin PhysXVehicles
LogPluginManager: Mounting plugin ProceduralMeshComponent
LogPluginManager: Mounting plugin RuntimePhysXCooking
LogPluginManager: Mounting plugin SteamVR
LogPluginManager: Mounting plugin WindowsMoviePlayer
LogPluginManager: Mounting plugin VaRestPlugin
LogStreaming: Display: Took  7.460s to configure plugins.
LogInit: Using libcurl 7.47.1
LogInit:  - built for x86_64-pc-win32
LogInit:  - supports SSL with OpenSSL/1.0.2g
LogInit:  - supports HTTP deflate (compression) using libz 1.2.8
LogInit:  - other features:
LogInit:      CURL_VERSION_SSL
LogInit:      CURL_VERSION_LIBZ
LogInit:      CURL_VERSION_IPV6
LogInit:      CURL_VERSION_ASYNCHDNS
LogInit:      CURL_VERSION_LARGEFILE
LogInit:      CURL_VERSION_IDN
LogInit:  CurlRequestOptions (configurable via config and command line):
LogInit:  - bVerifyPeer = false  - Libcurl will NOT verify peer certificate
LogInit:  - bUseHttpProxy = false  - Libcurl will NOT use HTTP proxy
LogInit:  - bDontReuseConnections = false  - Libcurl will reuse connections
LogInit:  - CertBundlePath = nullptr  - Libcurl will use whatever was configured at build time.
LogInit:  - MaxHostConnections = 16  - Libcurl will limit the number of connections to a host
LogInit:  - LocalHostAddr = Default
LogInit: WinSock: version 1.1 (2.2), MaxSocks=32767, MaxUdp=65467
LogInit: WinSock: I am HPIlluminati (192.168.43.28:0)
LogInit: Build: ++UE4+Release-4.19-CL-3944462
LogInit: Engine Version: 4.19.0-3944462+++UE4+Release-4.19
LogInit: Compatible Engine Version: 4.19.0-3944462+++UE4+Release-4.19
LogInit: Net CL: 3944462
LogDevObjectVersion: Number of dev versions registered: 18
LogDevObjectVersion:   Dev-Blueprints (B0D832E4-1F89-4F0D-ACCF-7EB736FD4AA2): 10
LogDevObjectVersion:   Dev-Build (E1C64328-A22C-4D53-A36C-8E866417BD8C): 0
LogDevObjectVersion:   Dev-Core (375EC13C-06E4-48FB-B500-84F0262A717E): 2
LogDevObjectVersion:   Dev-Editor (E4B068ED-F494-42E9-A231-DA0B2E46BB41): 23
LogDevObjectVersion:   Dev-Framework (CFFC743F-43B0-4480-9391-14DF171D2073): 33
LogDevObjectVersion:   Dev-Mobile (B02B49B5-BB20-44E9-A304-32B752E40360): 2
LogDevObjectVersion:   Dev-Networking (A4E4105C-59A1-49B5-A7C5-40C4547EDFEE): 0
LogDevObjectVersion:   Dev-Online (39C831C9-5AE6-47DC-9A44-9C173E1C8E7C): 0
LogDevObjectVersion:   Dev-Physics (78F01B33-EBEA-4F98-B9B4-84EACCB95AA2): 0
LogDevObjectVersion:   Dev-Platform (6631380F-2D4D-43E0-8009-CF276956A95A): 0
LogDevObjectVersion:   Dev-Rendering (12F88B9F-8875-4AFC-A67C-D90C383ABD29): 25
LogDevObjectVersion:   Dev-Sequencer (7B5AE74C-D270-4C10-A958-57980B212A5A): 6
LogDevObjectVersion:   Dev-VR (D7296918-1DD6-4BDD-9DE2-64A83CC13884): 1
LogDevObjectVersion:   Dev-LoadTimes (C2A15278-BFE7-4AFE-6C17-90FF531DF755): 1
LogDevObjectVersion:   Private-Geometry (6EACA3D4-40EC-4CC1-B786-8BED09428FC5): 2
LogDevObjectVersion:   Dev-AnimPhys (29E575DD-E0A3-4627-9D10-D276232CDCEA): 16
LogDevObjectVersion:   Dev-ReflectionCapture (6B266CEC-1EC7-4B8F-A30B-E4D90942FC07): 1
LogDevObjectVersion:   Dev-Automation (0DF73D61-A23F-47EA-B727-89E90C41499A): 1
LogInit: Compiled (64-bit): Mar 13 2018 23:12:32
LogInit: Compiled with Visual C++: 19.00.24215.01
LogInit: Build Configuration: Development
LogInit: Branch Name: ++UE4+Release-4.19
LogInit: Command Line:  
LogInit: Base Directory: F:/Epic Games/UE_4.19/Engine/Binaries/Win64/
LogInit: Installed Engine Build: 1
LogStreaming: Display: Took  0.011s to delete old logs.
LogInit: Presizing for max 8388607 objects, including 0 objects not considered by GC, pre-allocating 0 bytes for permanent pool.
LogInit: Object subsystem initialized
[2018.04.09-09.44.46:037][  0]LogInit: Selected Device Profile: [Windows]
[2018.04.09-09.44.46:037][  0]LogInit: Applying CVar settings loaded from the selected device profile: [Windows]
[2018.04.09-09.44.46:060][  0]LogInit: Computer: HPILLUMINATI
[2018.04.09-09.44.46:060][  0]LogInit: User: VaucouleurV
[2018.04.09-09.44.46:060][  0]LogInit: CPU Page size=4096, Cores=2
[2018.04.09-09.44.46:060][  0]LogInit: High frequency timer resolution =2.531248 MHz
[2018.04.09-09.44.46:061][  0]LogMemory: Memory total: Physical=7.9GB (8GB approx)
[2018.04.09-09.44.46:061][  0]LogMemory: Platform Memory Stats for Windows
[2018.04.09-09.44.46:061][  0]LogMemory: Process Physical Memory: 277.97 MB used, 277.97 MB peak
[2018.04.09-09.44.46:061][  0]LogMemory: Process Virtual Memory: 276.56 MB used, 276.56 MB peak
[2018.04.09-09.44.46:061][  0]LogMemory: Physical Memory: 5317.93 MB used,  2754.66 MB free, 8072.59 MB total
[2018.04.09-09.44.46:061][  0]LogMemory: Virtual Memory: 663.32 MB used,  2754.66 MB free, 134217728.00 MB total
[2018.04.09-09.44.46:114][  0]LogInit: Using OS detected language (fr-FR).
[2018.04.09-09.44.46:114][  0]LogInit: Using OS detected locale (fr-FR).
[2018.04.09-09.44.46:125][  0]LogTextLocalizationManager: No localization for 'fr-FR' exists, so 'en' will be used for the language.
[2018.04.09-09.44.46:806][  0]LogStreaming: Display: Took  0.692s to EndInitTextLocalization.
[2018.04.09-09.44.46:806][  0]LogInit: Setting process to per monitor DPI aware
[2018.04.09-09.44.46:856][  0]LogSlate: New Slate User Created.  User Index 0, Is Virtual User: 0
[2018.04.09-09.44.46:856][  0]LogSlate: Slate User Registered.  User Index 0, Is Virtual User: 0
[2018.04.09-09.44.47:551][  0]LogD3D11RHI: D3D11 adapters:
[2018.04.09-09.44.47:636][  0]LogD3D11RHI:    0. 'Intel(R) HD Graphics 520' (Feature Level 11_0)
[2018.04.09-09.44.47:636][  0]LogD3D11RHI:       128/0/4036 MB DedicatedVideo/DedicatedSystem/SharedSystem, Outputs:1, VendorId:0x8086
[2018.04.09-09.44.47:640][  0]LogD3D11RHI:    1. 'Microsoft Basic Render Driver' (Feature Level 11_0)
[2018.04.09-09.44.47:640][  0]LogD3D11RHI:       0/0/4036 MB DedicatedVideo/DedicatedSystem/SharedSystem, Outputs:0, VendorId:0x1414
[2018.04.09-09.44.47:641][  0]LogD3D11RHI: Chosen D3D11 Adapter: 0
[2018.04.09-09.44.47:648][  0]LogD3D11RHI: Creating new Direct3DDevice
[2018.04.09-09.44.47:648][  0]LogD3D11RHI:     GPU DeviceId: 0x1916 (for the marketing name, search the web for "GPU Device Id")
[2018.04.09-09.44.47:648][  0]LogWindows: EnumDisplayDevices:
[2018.04.09-09.44.47:649][  0]LogWindows:    0. 'Intel(R) HD Graphics 520' (P:1 D:1)
[2018.04.09-09.44.47:649][  0]LogWindows:    1. 'Intel(R) HD Graphics 520' (P:0 D:0)
[2018.04.09-09.44.47:650][  0]LogWindows:    2. 'Intel(R) HD Graphics 520' (P:0 D:0)
[2018.04.09-09.44.47:650][  0]LogWindows: DebugString: FoundDriverCount:3 
[2018.04.09-09.44.47:650][  0]LogD3D11RHI:     Adapter Name: Intel(R) HD Graphics 520
[2018.04.09-09.44.47:650][  0]LogD3D11RHI:   Driver Version: 23.20.16.4877 (internal:23.20.16.4877, unified:23.20.16.4877)
[2018.04.09-09.44.47:650][  0]LogD3D11RHI:      Driver Date: 12-1-2017
[2018.04.09-09.44.47:650][  0]LogRHI: Texture pool is 1502 MB (70% of 2146 MB)
[2018.04.09-09.44.47:727][  0]LogD3D11RHI: Async texture creation enabled
[2018.04.09-09.44.47:738][  0]LogD3D11RHI: GPU Timing Frequency: 12.000048 (Debug: 2 0)
[2018.04.09-09.44.47:740][  0]LogShaderCompilers: Guid format shader working directory is -15 characters bigger than the processId version (C:/Users/VaucouleurV/Documents/Unreal Projects/RPG_OGH_OGH_3_SMORPG/Intermediate/Shaders/WorkingDirectory/8584/).
[2018.04.09-09.44.47:741][  0]LogShaderCompilers: Cleaned the shader compiler working directory 'C:/Users/VaucouleurV/AppData/Local/Temp/UnrealShaderWorkingDir/00E08CC242ADE848B4C60693A80B4D6D/'.
[2018.04.09-09.44.48:466][  0]LogTemp: Display: Loaded TP AllDesktopTargetPlatform
[2018.04.09-09.44.48:498][  0]LogTemp: Display: Loaded TP MacClientTargetPlatform
[2018.04.09-09.44.48:526][  0]LogTemp: Display: Loaded TP MacNoEditorTargetPlatform
[2018.04.09-09.44.48:559][  0]LogTemp: Display: Loaded TP MacServerTargetPlatform
[2018.04.09-09.44.48:595][  0]LogTemp: Display: Loaded TP MacTargetPlatform
[2018.04.09-09.44.48:620][  0]LogTemp: Display: Loaded TP WindowsClientTargetPlatform
[2018.04.09-09.44.48:650][  0]LogTemp: Display: Loaded TP WindowsNoEditorTargetPlatform
[2018.04.09-09.44.48:678][  0]LogTemp: Display: Loaded TP WindowsServerTargetPlatform
[2018.04.09-09.44.48:690][  0]LogTemp: Display: Loaded TP WindowsTargetPlatform
[2018.04.09-09.44.48:717][  0]LogTemp: Display: Loaded TP Android_ASTCTargetPlatform
[2018.04.09-09.44.48:738][  0]LogTemp: Display: Loaded TP Android_ATCTargetPlatform
[2018.04.09-09.44.48:775][  0]LogTemp: Display: Loaded TP Android_DXTTargetPlatform
[2018.04.09-09.44.48:808][  0]LogTemp: Display: Loaded TP Android_ETC1aTargetPlatform
[2018.04.09-09.44.48:840][  0]LogTemp: Display: Loaded TP Android_ETC1TargetPlatform
[2018.04.09-09.44.48:870][  0]LogTemp: Display: Loaded TP Android_ETC2TargetPlatform
[2018.04.09-09.44.48:940][  0]LogTemp: Display: Loaded TP Android_MultiTargetPlatform
[2018.04.09-09.44.48:940][  0]LogTemp: Display: Loaded TP Android_PVRTCTargetPlatform
[2018.04.09-09.44.48:970][  0]LogTemp: Display: Loaded TP AndroidTargetPlatform
[2018.04.09-09.44.48:974][  0]LogTemp: Display: Loaded TP HTML5TargetPlatform
[2018.04.09-09.44.49:036][  0]LogTemp: Display: Loaded TP IOSTargetPlatform
[2018.04.09-09.44.49:058][  0]LogTemp: Display: Loaded TP TVOSTargetPlatform
[2018.04.09-09.44.49:081][  0]LogTemp: Display: Loaded TP LinuxClientTargetPlatform
[2018.04.09-09.44.49:107][  0]LogTemp: Display: Loaded TP LinuxNoEditorTargetPlatform
[2018.04.09-09.44.49:131][  0]LogTemp: Display: Loaded TP LinuxServerTargetPlatform
[2018.04.09-09.44.49:162][  0]LogTemp: Display: Loaded TP LinuxTargetPlatform
[2018.04.09-09.44.49:162][  0]LogTargetPlatformManager: Display: Building Assets For Windows
[2018.04.09-09.44.49:447][  0]LogXGEController: Cannot use XGE Controller as Incredibuild is not installed on this machine.
[2018.04.09-09.44.49:448][  0]LogShaderCompilers: Cannot use XGE Shader Compiler as Incredibuild is not installed on this machine.
[2018.04.09-09.44.49:448][  0]LogShaderCompilers: Display: Using Local Shader Compiler.
[2018.04.09-09.44.51:080][  0]LogDerivedDataCache: Display: Max Cache Size: 512 MB
[2018.04.09-09.44.51:214][  0]LogDerivedDataCache: Loaded boot cache 0.13s 74MB C:/Users/VaucouleurV/AppData/Local/UnrealEngine/4.19/DerivedDataCache/Boot.ddc.
[2018.04.09-09.44.51:214][  0]LogDerivedDataCache: Display: Loaded Boot cache: C:/Users/VaucouleurV/AppData/Local/UnrealEngine/4.19/DerivedDataCache/Boot.ddc
[2018.04.09-09.44.51:214][  0]LogDerivedDataCache: FDerivedDataBackendGraph:  Pak pak cache file C:/Users/VaucouleurV/Documents/Unreal Projects/RPG_OGH_OGH_3_SMORPG/DerivedDataCache/DDC.ddp not found, will not use a pak cache.
[2018.04.09-09.44.51:214][  0]LogDerivedDataCache: Unable to find inner node Pak for hierarchical cache Hierarchy.
[2018.04.09-09.44.51:214][  0]LogDerivedDataCache: FDerivedDataBackendGraph:  CompressedPak pak cache file C:/Users/VaucouleurV/Documents/Unreal Projects/RPG_OGH_OGH_3_SMORPG/DerivedDataCache/Compressed.ddp not found, will not use a pak cache.
[2018.04.09-09.44.51:214][  0]LogDerivedDataCache: Unable to find inner node CompressedPak for hierarchical cache Hierarchy.
[2018.04.09-09.44.51:274][  0]LogDerivedDataCache: Display: Pak cache opened for reading ../../../Engine/DerivedDataCache/Compressed.ddp.
[2018.04.09-09.44.51:288][  0]LogDerivedDataCache: Using Local data cache path C:/Users/VaucouleurV/AppData/Local/UnrealEngine/Common/DerivedDataCache: Writable
[2018.04.09-09.44.51:312][  0]LogMaterial: Verifying Global Shaders for PCD3D_SM5
[2018.04.09-09.44.51:313][  0]LogSlate: Using Freetype 2.6.0
[2018.04.09-09.44.51:314][  0]LogSlate: SlateFontCache - WITH_FREETYPE: 1, WITH_HARFBUZZ: 1
[2018.04.09-09.44.51:314][  0]LogSlate: SlateFontCache - WITH_FREETYPE: 1, WITH_HARFBUZZ: 1
[2018.04.09-09.44.51:713][  0]LogAssetRegistry: FAssetRegistry took 0.0365 seconds to start up
[2018.04.09-09.44.52:481][  0]LogInit: Selected Device Profile: [Windows]
[2018.04.09-09.44.52:774][  0]LogSimplygon: Simplygon DLL not present - disabling.
[2018.04.09-09.44.52:779][  0]LogMeshReduction: Using SimplygonSwarm for distributed automatic mesh merging
[2018.04.09-09.44.52:779][  0]LogMeshReduction: Using QuadricMeshReduction for automatic static mesh reduction
[2018.04.09-09.44.52:779][  0]LogMeshReduction: No automatic skeletal mesh reduction module available
[2018.04.09-09.44.52:779][  0]LogMeshReduction: No automatic mesh merging module available
[2018.04.09-09.44.52:779][  0]LogMeshMerging: No automatic mesh merging module available
[2018.04.09-09.44.52:831][  0]LogNetVersion: RPG_OGH_OGH_3_SMORPG , NetCL: 3944462, EngineNetVer: 2, GameNetVer: 0 (Checksum: 1955048836)
[2018.04.09-09.44.53:538][  0]LogPackageLocalizationCache: Processed 10 localized package path(s) for 1 prioritized culture(s) in 0.070650 seconds
[2018.04.09-09.44.53:545][  0]LogUObjectArray: 36729 objects as part of root set at end of initial load.
[2018.04.09-09.44.53:545][  0]LogUObjectAllocator: 7314536 out of 0 bytes used by permanent object pool.
[2018.04.09-09.44.53:545][  0]LogUObjectArray: CloseDisregardForGC: 0/0 objects in disregard for GC pool
[2018.04.09-09.44.56:297][  0]LogTcpMessaging: Initializing TcpMessaging bridge
[2018.04.09-09.44.56:346][  0]LogUdpMessaging: Initializing bridge on interface 0.0.0.0:0 to multicast group 230.0.0.1:6666.
[2018.04.09-09.44.56:779][  0]LogModuleManager: Warning: No filename provided for module VaRestPlugin
[2018.04.09-09.44.56:779][  0]LogModuleManager: Warning: ModuleManager: Unable to load module 'VaRestPlugin' because the file 'F:/Epic Games/UE_4.19/Engine/Binaries/Win64/' was not found.
[2018.04.09-09.44.58:042][  0]LogWindowsTextInputMethodSystem: Display: IME system now deactivated.
[2018.04.09-09.44.58:064][  0]LogSlate: Slate User Destroyed.  User Index 0, Is Virtual User: 0
[2018.04.09-09.44.58:064][  0]LogExit: Preparing to exit.
[2018.04.09-09.44.58:538][  0]LogDirectoryWatcher: A directory notification for '../../../Engine/Content/' was aborted.
[2018.04.09-09.44.58:539][  0]LogDirectoryWatcher: A directory notification for 'C:/Users/VaucouleurV/Documents/Unreal Projects/RPG_OGH_OGH_3_SMORPG/Content/' was aborted.
[2018.04.09-09.44.58:539][  0]LogDirectoryWatcher: A directory notification for '../../Plugins/2D/Paper2D/Content/' was aborted.
[2018.04.09-09.44.58:539][  0]LogDirectoryWatcher: A directory notification for 'C:/Users/VaucouleurV/Documents/Unreal Projects/RPG_OGH_OGH_3_SMORPG/Plugins/Designer/Content/' was aborted.
[2018.04.09-09.44.58:539][  0]LogDirectoryWatcher: A directory notification for '../../Plugins/Enterprise/DatasmithContent/Content/' was aborted.
[2018.04.09-09.44.58:539][  0]LogDirectoryWatcher: A directory notification for '../../Plugins/Media/MediaCompositing/Content/' was aborted.
[2018.04.09-09.44.58:539][  0]LogDirectoryWatcher: A directory notification for '../../Plugins/Runtime/AppleARKit/Content/' was aborted.
[2018.04.09-09.44.58:539][  0]LogDirectoryWatcher: A directory notification for '../../Plugins/Runtime/Oculus/OculusVR/Content/' was aborted.
[2018.04.09-09.44.58:540][  0]LogDirectoryWatcher: A directory notification for '../../Plugins/Runtime/Steam/SteamVR/Content/' was aborted.
[2018.04.09-09.44.58:604][  0]LogExit: Object subsystem successfully closed.
[2018.04.09-09.44.58:612][  0]LogShaderCompilers: Display: Shaders left to compile 0
[2018.04.09-09.44.58:613][  0]LogD3D11RHI: Shutdown
[2018.04.09-09.44.58:613][  0]LogD3D11RHI: CleanupD3DDevice
[2018.04.09-09.44.58:658][  0]LogD3D11RHI: ~FD3D11DynamicRHI
[2018.04.09-09.44.58:668][  0]LogModuleManager: Shutting down and abandoning module RuntimePhysXCooking (288)
[2018.04.09-09.44.58:668][  0]LogModuleManager: Shutting down and abandoning module PhysXVehiclesEditor (286)
[2018.04.09-09.44.58:668][  0]LogModuleManager: Shutting down and abandoning module PhysXVehicles (284)
[2018.04.09-09.44.58:668][  0]LogModuleManager: Shutting down and abandoning module OculusEditor (282)
[2018.04.09-09.44.58:668][  0]LogModuleManager: Shutting down and abandoning module LocationServicesBPLibrary (280)
[2018.04.09-09.44.58:668][  0]LogModuleManager: Shutting down and abandoning module ImmediatePhysicsEditor (278)
[2018.04.09-09.44.58:668][  0]LogModuleManager: Shutting down and abandoning module ImmediatePhysics (276)
[2018.04.09-09.44.58:668][  0]LogModuleManager: Shutting down and abandoning module ActorSequence (274)
[2018.04.09-09.44.58:668][  0]LogModuleManager: Shutting down and abandoning module UdpMessaging (272)
[2018.04.09-09.44.58:769][  0]LogModuleManager: Shutting down and abandoning module TcpMessaging (270)
[2018.04.09-09.44.59:300][  0]LogModuleManager: Shutting down and abandoning module GameplayTagsEditor (268)
[2018.04.09-09.44.59:300][  0]LogModuleManager: Shutting down and abandoning module FacialAnimationEditor (266)
[2018.04.09-09.44.59:300][  0]LogModuleManager: Shutting down and abandoning module FacialAnimation (264)
[2018.04.09-09.44.59:300][  0]LogModuleManager: Shutting down and abandoning module DataValidation (262)
[2018.04.09-09.44.59:300][  0]LogModuleManager: Shutting down and abandoning module AssetManagerEditor (260)
[2018.04.09-09.44.59:300][  0]LogModuleManager: Shutting down and abandoning module LevelEditor (259)
[2018.04.09-09.44.59:301][  0]LogModuleManager: Shutting down and abandoning module PixelInspectorModule (258)
[2018.04.09-09.44.59:301][  0]LogModuleManager: Shutting down and abandoning module CommonMenuExtensions (256)
[2018.04.09-09.44.59:302][  0]LogModuleManager: Shutting down and abandoning module MainFrame (254)
[2018.04.09-09.44.59:302][  0]LogModuleManager: Shutting down and abandoning module HotReload (253)
[2018.04.09-09.44.59:302][  0]LogDirectoryWatcher: A directory notification for 'C:/Users/VaucouleurV/Documents/Unreal Projects/RPG_OGH_OGH_3_SMORPG/Plugins/Designer/Binaries/Win64' was aborted.
[2018.04.09-09.44.59:302][  0]LogModuleManager: Shutting down and abandoning module ContentBrowser (249)
[2018.04.09-09.44.59:302][  0]LogModuleManager: Shutting down and abandoning module TreeMap (247)
[2018.04.09-09.44.59:302][  0]LogModuleManager: Shutting down and abandoning module LightPropagationVolumeRuntime (244)
[2018.04.09-09.44.59:302][  0]LogModuleManager: Shutting down and abandoning module LiveLinkEditor (242)
[2018.04.09-09.44.59:302][  0]LogModuleManager: Shutting down and abandoning module LiveLink (240)
[2018.04.09-09.44.59:717][  0]LogModuleManager: Shutting down and abandoning module Paper2D (238)
[2018.04.09-09.44.59:717][  0]LogModuleManager: Shutting down and abandoning module WindowsMoviePlayer (236)
[2018.04.09-09.44.59:717][  0]LogModuleManager: Shutting down and abandoning module WmfMedia (234)
[2018.04.09-09.44.59:718][  0]LogModuleManager: Shutting down and abandoning module PacketHandler (232)
[2018.04.09-09.44.59:718][  0]LogModuleManager: Shutting down and abandoning module ClothingSystemEditor (230)
[2018.04.09-09.44.59:718][  0]LogModuleManager: Shutting down and abandoning module ClothingSystemRuntime (228)
[2018.04.09-09.44.59:718][  0]LogModuleManager: Shutting down and abandoning module MediaAssets (226)
[2018.04.09-09.44.59:718][  0]LogModuleManager: Shutting down and abandoning module Media (225)
[2018.04.09-09.44.59:724][  0]LogModuleManager: Shutting down and abandoning module Overlay (222)
[2018.04.09-09.44.59:724][  0]LogModuleManager: Shutting down and abandoning module OverlayEditor (221)
[2018.04.09-09.44.59:724][  0]LogModuleManager: Shutting down and abandoning module VREditor (218)
[2018.04.09-09.44.59:724][  0]LogModuleManager: Shutting down and abandoning module StringTableEditor (216)
[2018.04.09-09.44.59:724][  0]LogModuleManager: Shutting down and abandoning module GameplayTasksEditor (214)
[2018.04.09-09.44.59:724][  0]LogModuleManager: Shutting down and abandoning module BehaviorTreeEditor (212)
[2018.04.09-09.44.59:724][  0]LogModuleManager: Shutting down and abandoning module FunctionalTesting (210)
[2018.04.09-09.44.59:724][  0]LogModuleManager: Shutting down and abandoning module CollisionAnalyzer (208)
[2018.04.09-09.44.59:724][  0]LogModuleManager: Shutting down and abandoning module WorkspaceMenuStructure (207)
[2018.04.09-09.44.59:724][  0]LogModuleManager: Shutting down and abandoning module UMG (204)
[2018.04.09-09.44.59:724][  0]LogModuleManager: Shutting down and abandoning module UMGEditor (203)
[2018.04.09-09.44.59:724][  0]LogModuleManager: Shutting down and abandoning module Sequencer (202)
[2018.04.09-09.44.59:725][  0]LogModuleManager: Shutting down and abandoning module MessageLog (199)
[2018.04.09-09.44.59:725][  0]LogModuleManager: Shutting down and abandoning module SlateReflector (194)
[2018.04.09-09.44.59:725][  0]LogModuleManager: Shutting down and abandoning module Slate (192)
[2018.04.09-09.44.59:725][  0]LogModuleManager: Shutting down and abandoning module EditorStyle (190)
[2018.04.09-09.44.59:727][  0]LogModuleManager: Shutting down and abandoning module MRMesh (188)
[2018.04.09-09.44.59:727][  0]LogModuleManager: Shutting down and abandoning module SourceCodeAccess (186)
[2018.04.09-09.44.59:727][  0]LogModuleManager: Shutting down and abandoning module HeadMountedDisplay (184)
[2018.04.09-09.44.59:727][  0]LogModuleManager: Shutting down and abandoning module XAudio2 (182)
[2018.04.09-09.44.59:727][  0]LogModuleManager: Shutting down and abandoning module Networking (180)
[2018.04.09-09.44.59:727][  0]LogModuleManager: Shutting down and abandoning module Core (178)
[2018.04.09-09.44.59:727][  0]LogModuleManager: Shutting down and abandoning module LevelSequence (176)
[2018.04.09-09.44.59:727][  0]LogModuleManager: Shutting down and abandoning module KismetCompiler (174)
[2018.04.09-09.44.59:727][  0]LogModuleManager: Shutting down and abandoning module MeshUtilities (172)
[2018.04.09-09.44.59:727][  0]LogModuleManager: Shutting down and abandoning module MeshMergeUtilities (171)
[2018.04.09-09.44.59:727][  0]LogModuleManager: Shutting down and abandoning module MeshReductionInterface (170)
[2018.04.09-09.44.59:727][  0]LogModuleManager: Shutting down and abandoning module SimplygonSwarm (169)
[2018.04.09-09.44.59:727][  0]LogModuleManager: Shutting down and abandoning module SimplygonMeshReduction (167)
[2018.04.09-09.44.59:727][  0]LogModuleManager: Shutting down and abandoning module QuadricMeshReduction (165)
[2018.04.09-09.44.59:727][  0]LogModuleManager: Shutting down and abandoning module MaterialBaking (161)
[2018.04.09-09.44.59:727][  0]LogModuleManager: Shutting down and abandoning module DirectoryWatcher (157)
[2018.04.09-09.44.59:727][  0]LogModuleManager: Shutting down and abandoning module DerivedDataCache (154)
[2018.04.09-09.44.59:793][  0]LogDerivedDataCache: Shutdown
[2018.04.09-09.44.59:793][  0]LogModuleManager: Shutting down and abandoning module XGEController (152)
[2018.04.09-09.44.59:793][  0]LogModuleManager: Shutting down and abandoning module TargetPlatform (150)
[2018.04.09-09.44.59:793][  0]LogModuleManager: Shutting down and abandoning module VulkanShaderFormat (149)
[2018.04.09-09.44.59:793][  0]LogModuleManager: Shutting down and abandoning module ShaderFormatVectorVM (147)
[2018.04.09-09.44.59:793][  0]LogModuleManager: Shutting down and abandoning module ShaderFormatOpenGL (145)
[2018.04.09-09.44.59:793][  0]LogModuleManager: Shutting down and abandoning module ShaderFormatD3D (143)
[2018.04.09-09.44.59:793][  0]LogModuleManager: Shutting down and abandoning module MetalShaderFormat (141)
[2018.04.09-09.44.59:793][  0]LogModuleManager: Shutting down and abandoning module TextureFormatUncompressed (139)
[2018.04.09-09.44.59:793][  0]LogModuleManager: Shutting down and abandoning module TextureFormatPVR (137)
[2018.04.09-09.44.59:793][  0]LogModuleManager: Shutting down and abandoning module TextureFormatDXT (135)
[2018.04.09-09.44.59:793][  0]LogModuleManager: Shutting down and abandoning module TextureFormatIntelISPCTexComp (133)
[2018.04.09-09.44.59:793][  0]LogModuleManager: Shutting down and abandoning module TextureFormatASTC (131)
[2018.04.09-09.44.59:793][  0]LogModuleManager: Shutting down and abandoning module ImageWrapper (130)
[2018.04.09-09.44.59:793][  0]LogModuleManager: Shutting down and abandoning module TextureFormatAndroid (127)
[2018.04.09-09.44.59:793][  0]LogModuleManager: Shutting down and abandoning module AudioFormatOpus (125)
[2018.04.09-09.44.59:793][  0]LogModuleManager: Shutting down and abandoning module AudioFormatOgg (123)
[2018.04.09-09.44.59:793][  0]LogModuleManager: Shutting down and abandoning module AudioFormatADPCM (121)
[2018.04.09-09.44.59:793][  0]LogModuleManager: Shutting down and abandoning module LinuxTargetPlatform (119)
[2018.04.09-09.44.59:793][  0]LogModuleManager: Shutting down and abandoning module LinuxServerTargetPlatform (117)
[2018.04.09-09.44.59:793][  0]LogModuleManager: Shutting down and abandoning module LinuxNoEditorTargetPlatform (115)
[2018.04.09-09.44.59:793][  0]LogModuleManager: Shutting down and abandoning module LinuxClientTargetPlatform (113)
[2018.04.09-09.44.59:793][  0]LogModuleManager: Shutting down and abandoning module TVOSTargetPlatform (111)
[2018.04.09-09.44.59:793][  0]LogModuleManager: Shutting down and abandoning module Messaging (109)
[2018.04.09-09.44.59:793][  0]LogModuleManager: Shutting down and abandoning module IOSTargetPlatform (107)
[2018.04.09-09.44.59:793][  0]LogModuleManager: Shutting down and abandoning module HTML5TargetPlatform (105)
[2018.04.09-09.44.59:793][  0]LogModuleManager: Shutting down and abandoning module AndroidTargetPlatform (103)
[2018.04.09-09.44.59:793][  0]LogModuleManager: Shutting down and abandoning module Android_PVRTCTargetPlatform (101)
[2018.04.09-09.44.59:793][  0]LogModuleManager: Shutting down and abandoning module Android_MultiTargetPlatform (99)
[2018.04.09-09.44.59:793][  0]LogModuleManager: Shutting down and abandoning module Android_ETC2TargetPlatform (97)
[2018.04.09-09.44.59:793][  0]LogModuleManager: Shutting down and abandoning module Android_ETC1TargetPlatform (95)
[2018.04.09-09.44.59:793][  0]LogModuleManager: Shutting down and abandoning module Android_ETC1aTargetPlatform (93)
[2018.04.09-09.44.59:793][  0]LogModuleManager: Shutting down and abandoning module Android_DXTTargetPlatform (91)
[2018.04.09-09.44.59:793][  0]LogModuleManager: Shutting down and abandoning module Android_ATCTargetPlatform (89)
[2018.04.09-09.44.59:793][  0]LogModuleManager: Shutting down and abandoning module Android_ASTCTargetPlatform (87)
[2018.04.09-09.44.59:793][  0]LogModuleManager: Shutting down and abandoning module WindowsTargetPlatform (85)
[2018.04.09-09.44.59:793][  0]LogModuleManager: Shutting down and abandoning module WindowsServerTargetPlatform (83)
[2018.04.09-09.44.59:794][  0]LogModuleManager: Shutting down and abandoning module WindowsNoEditorTargetPlatform (81)
[2018.04.09-09.44.59:794][  0]LogModuleManager: Shutting down and abandoning module WindowsClientTargetPlatform (79)
[2018.04.09-09.44.59:794][  0]LogModuleManager: Shutting down and abandoning module MacTargetPlatform (77)
[2018.04.09-09.44.59:794][  0]LogModuleManager: Shutting down and abandoning module MacServerTargetPlatform (75)
[2018.04.09-09.44.59:794][  0]LogModuleManager: Shutting down and abandoning module MacNoEditorTargetPlatform (73)
[2018.04.09-09.44.59:794][  0]LogModuleManager: Shutting down and abandoning module MacClientTargetPlatform (71)
[2018.04.09-09.44.59:794][  0]LogModuleManager: Shutting down and abandoning module AllDesktopTargetPlatform (69)
[2018.04.09-09.44.59:794][  0]LogModuleManager: Shutting down and abandoning module InputCore (66)
[2018.04.09-09.44.59:794][  0]LogModuleManager: Shutting down and abandoning module Settings (64)
[2018.04.09-09.44.59:794][  0]LogModuleManager: Shutting down and abandoning module PhysXCooking (62)
[2018.04.09-09.44.59:794][  0]LogModuleManager: Shutting down and abandoning module SteamVR (60)
[2018.04.09-09.44.59:794][  0]LogModuleManager: Shutting down and abandoning module OculusHMD (58)
[2018.04.09-09.44.59:794][  0]LogModuleManager: Shutting down and abandoning module ExampleDeviceProfileSelector (56)
[2018.04.09-09.44.59:794][  0]LogModuleManager: Shutting down and abandoning module AppleARKit (54)
[2018.04.09-09.44.59:794][  0]LogModuleManager: Shutting down and abandoning module AugmentedReality (51)
[2018.04.09-09.44.59:794][  0]LogModuleManager: Shutting down and abandoning module OnlineBlueprintSupport (48)
[2018.04.09-09.44.59:794][  0]LogModuleManager: Shutting down and abandoning module OnlineSubsystem (44)
[2018.04.09-09.44.59:794][  0]LogModuleManager: Shutting down and abandoning module XMPP (43)
[2018.04.09-09.44.59:794][  0]LogModuleManager: Shutting down and abandoning module HTTP (41)
[2018.04.09-09.44.59:809][  0]LogModuleManager: Shutting down and abandoning module SSL (40)
[2018.04.09-09.44.59:810][  0]LogModuleManager: Shutting down and abandoning module AnimationModifiers (36)
[2018.04.09-09.44.59:810][  0]LogModuleManager: Shutting down and abandoning module PropertyEditor (35)
[2018.04.09-09.44.59:810][  0]LogModuleManager: Shutting down and abandoning module AudioEditor (32)
[2018.04.09-09.44.59:810][  0]LogModuleManager: Shutting down and abandoning module TextureCompressor (30)
[2018.04.09-09.44.59:811][  0]LogModuleManager: Shutting down and abandoning module ShaderCore (28)
[2018.04.09-09.44.59:811][  0]LogModuleManager: Shutting down and abandoning module Landscape (26)
[2018.04.09-09.44.59:811][  0]LogModuleManager: Shutting down and abandoning module SlateRHIRenderer (24)
[2018.04.09-09.44.59:811][  0]LogModuleManager: Shutting down and abandoning module OpenGLDrv (22)
[2018.04.09-09.44.59:811][  0]LogModuleManager: Shutting down and abandoning module D3D11RHI (20)
[2018.04.09-09.44.59:811][  0]LogModuleManager: Shutting down and abandoning module AnimGraphRuntime (18)
[2018.04.09-09.44.59:811][  0]LogModuleManager: Shutting down and abandoning module Renderer (16)
[2018.04.09-09.44.59:811][  0]LogModuleManager: Shutting down and abandoning module Engine (14)
[2018.04.09-09.44.59:811][  0]LogModuleManager: Shutting down and abandoning module CoreUObject (12)
[2018.04.09-09.44.59:811][  0]LogModuleManager: Shutting down and abandoning module NetworkFile (10)
[2018.04.09-09.44.59:811][  0]LogModuleManager: Shutting down and abandoning module CookedIterativeFile (8)
[2018.04.09-09.44.59:811][  0]LogModuleManager: Shutting down and abandoning module StreamingFile (6)
[2018.04.09-09.44.59:811][  0]LogModuleManager: Shutting down and abandoning module SandboxFile (4)
[2018.04.09-09.44.59:811][  0]LogModuleManager: Shutting down and abandoning module PakFile (2)
[2018.04.09-09.44.59:813][  0]LogExit: Exiting.
[2018.04.09-09.44.59:839][  0]Log file closed, 04/09/18 11:44:59
