Log file open, 04/03/18 10:02:17
LogWindows: Failed to load 'aqProf.dll' (GetLastError=126)
LogWindows: File 'aqProf.dll' does not exist
LogWindows: Failed to load 'VSPerf140.dll' (GetLastError=126)
LogWindows: File 'VSPerf140.dll' does not exist
LogWindows: Failed to load 'VtuneApi.dll' (GetLastError=126)
LogWindows: File 'VtuneApi.dll' does not exist
LogWindows: Failed to load 'VtuneApi32e.dll' (GetLastError=126)
LogWindows: File 'VtuneApi32e.dll' does not exist
LogInit: Display: Running engine for game: RPG_OGH_OGH_3_SMORPG
LogPlatformFile: Not using cached read wrapper
LogInit: Display: RandInit(488795267) SRandInit(488795268).
LogInit: Read version file with build ID '3944462'
LogInit: Overriding engine version to CL 3944462, compatible CL 3944462
LogInit: Registered custom module enumerator with build ID '3944462'
LogTaskGraph: Started task graph with 5 named threads and 11 total threads with 3 sets of task threads.
LogStats: Stats thread started at 0.159918
LogD3D11RHI: Aftermath initialized
LogICUInternationalization: Display: ICU TimeZone Detection - Raw Offset: +1:00, Platform Override: ''
LogModuleManager: Display: Found up-to-date module file ../../../Engine/Plugins/2D/Paper2D/Binaries/Win64/UE4Editor-Paper2D.dll (API version 3944462).
LogModuleManager: Display: Found up-to-date module file ../../../Engine/Plugins/2D/Paper2D/Binaries/Win64/UE4Editor-Paper2DEditor.dll (API version 3944462).
LogModuleManager: Display: Found up-to-date module file ../../../Engine/Plugins/2D/Paper2D/Binaries/Win64/UE4Editor-PaperSpriteSheetImporter.dll (API version 3944462).
LogModuleManager: Display: Found up-to-date module file ../../../Engine/Plugins/2D/Paper2D/Binaries/Win64/UE4Editor-PaperTiledImporter.dll (API version 3944462).
LogModuleManager: Display: Found up-to-date module file ../../../Engine/Plugins/2D/Paper2D/Binaries/Win64/UE4Editor-SmartSnapping.dll (API version 3944462).
LogModuleManager: Display: Found up-to-date module file ../../../Engine/Plugins/Blendables/LightPropagationVolume/Binaries/Win64/UE4Editor-LightPropagationVolumeRuntime.dll (API version 3944462).
LogModuleManager: Display: Found up-to-date module file ../../../Engine/Plugins/Blendables/LightPropagationVolume/Binaries/Win64/UE4Editor-LightPropagationVolumeEditor.dll (API version 3944462).
LogModuleManager: Display: Found up-to-date module file ../../../Engine/Plugins/Developer/CLionSourceCodeAccess/Binaries/Win64/UE4Editor-CLionSourceCodeAccess.dll (API version 3944462).
LogModuleManager: Display: Found up-to-date module file ../../../Engine/Plugins/Developer/GitSourceControl/Binaries/Win64/UE4Editor-GitSourceControl.dll (API version 3944462).
LogModuleManager: Display: Found up-to-date module file ../../../Engine/Plugins/Developer/PerforceSourceControl/Binaries/Win64/UE4Editor-PerforceSourceControl.dll (API version 3944462).
LogModuleManager: Display: Found up-to-date module file ../../../Engine/Plugins/Developer/SubversionSourceControl/Binaries/Win64/UE4Editor-SubversionSourceControl.dll (API version 3944462).
LogModuleManager: Display: Found up-to-date module file ../../../Engine/Plugins/Developer/UObjectPlugin/Binaries/Win64/UE4Editor-UObjectPlugin.dll (API version 3944462).
LogModuleManager: Display: Found up-to-date module file ../../../Engine/Plugins/Developer/VisualStudioCodeSourceCodeAccess/Binaries/Win64/UE4Editor-VisualStudioCodeSourceCodeAccess.dll (API version 3944462).
LogModuleManager: Display: Found up-to-date module file ../../../Engine/Plugins/Developer/VisualStudioSourceCodeAccess/Binaries/Win64/UE4Editor-VisualStudioSourceCodeAccess.dll (API version 3944462).
LogModuleManager: Display: Found up-to-date module file ../../../Engine/Plugins/Editor/AssetManagerEditor/Binaries/Win64/UE4Editor-AssetManagerEditor.dll (API version 3944462).
LogModuleManager: Display: Found up-to-date module file ../../../Engine/Plugins/Editor/CryptoKeys/Binaries/Win64/UE4Editor-CryptoKeys.dll (API version 3944462).
LogModuleManager: Display: Found up-to-date module file ../../../Engine/Plugins/Editor/CryptoKeys/Binaries/Win64/UE4Editor-CryptoKeysOpenSSL.dll (API version 3944462).
LogModuleManager: Display: Found up-to-date module file ../../../Engine/Plugins/Editor/DataValidation/Binaries/Win64/UE4Editor-DataValidation.dll (API version 3944462).
LogModuleManager: Display: Found up-to-date module file ../../../Engine/Plugins/Editor/FacialAnimation/Binaries/Win64/UE4Editor-FacialAnimation.dll (API version 3944462).
LogModuleManager: Display: Found up-to-date module file ../../../Engine/Plugins/Editor/FacialAnimation/Binaries/Win64/UE4Editor-FacialAnimationEditor.dll (API version 3944462).
LogModuleManager: Display: Found up-to-date module file ../../../Engine/Plugins/Editor/GameplayTagsEditor/Binaries/Win64/UE4Editor-GameplayTagsEditor.dll (API version 3944462).
LogModuleManager: Display: Found up-to-date module file ../../../Engine/Plugins/Editor/MobileLauncherProfileWizard/Binaries/Win64/UE4Editor-MobileLauncherProfileWizard.dll (API version 3944462).
LogModuleManager: Display: Found up-to-date module file ../../../Engine/Plugins/Editor/PluginBrowser/Binaries/Win64/UE4Editor-PluginBrowser.dll (API version 3944462).
LogModuleManager: Display: Found up-to-date module file ../../../Engine/Plugins/Editor/SpeedTreeImporter/Binaries/Win64/UE4Editor-SpeedTreeImporter.dll (API version 3944462).
LogModuleManager: Display: Found up-to-date module file ../../../Engine/Plugins/Enterprise/DatasmithContent/Binaries/Win64/UE4Editor-DatasmithContent.dll (API version 3944462).
LogModuleManager: Display: Found up-to-date module file ../../../Engine/Plugins/Experimental/AlembicImporter/Binaries/Win64/UE4Editor-AlembicImporter.dll (API version 3944462).
LogModuleManager: Display: Found up-to-date module file ../../../Engine/Plugins/Experimental/AlembicImporter/Binaries/Win64/UE4Editor-AlembicLibrary.dll (API version 3944462).
LogModuleManager: Display: Found up-to-date module file ../../../Engine/Plugins/Experimental/CharacterAI/Binaries/Win64/UE4Editor-CharacterAI.dll (API version 3944462).
LogModuleManager: Display: Found up-to-date module file ../../../Engine/Plugins/Experimental/HTML5Networking/Binaries/Win64/UE4Editor-HTML5Networking.dll (API version 3944462).
LogModuleManager: Display: Found up-to-date module file ../../../Engine/Plugins/Media/AndroidMedia/Binaries/Win64/UE4Editor-AndroidMediaEditor.dll (API version 3944462).
LogModuleManager: Display: Found up-to-date module file ../../../Engine/Plugins/Media/AndroidMedia/Binaries/Win64/UE4Editor-AndroidMediaFactory.dll (API version 3944462).
LogModuleManager: Display: Found up-to-date module file ../../../Engine/Plugins/Media/AvfMedia/Binaries/Win64/UE4Editor-AvfMediaEditor.dll (API version 3944462).
LogModuleManager: Display: Found up-to-date module file ../../../Engine/Plugins/Media/AvfMedia/Binaries/Win64/UE4Editor-AvfMediaFactory.dll (API version 3944462).
LogModuleManager: Display: Found up-to-date module file ../../../Engine/Plugins/Media/AvfMedia/Binaries/Win64/UE4Editor-AvfMediaFactory.dll (API version 3944462).
LogModuleManager: Display: Found up-to-date module file ../../../Engine/Plugins/Media/ImgMedia/Binaries/Win64/UE4Editor-ImgMedia.dll (API version 3944462).
LogModuleManager: Display: Found up-to-date module file ../../../Engine/Plugins/Media/ImgMedia/Binaries/Win64/UE4Editor-ImgMediaEditor.dll (API version 3944462).
LogModuleManager: Display: Found up-to-date module file ../../../Engine/Plugins/Media/ImgMedia/Binaries/Win64/UE4Editor-ImgMediaFactory.dll (API version 3944462).
LogModuleManager: Display: Found up-to-date module file ../../../Engine/Plugins/Media/ImgMedia/Binaries/Win64/UE4Editor-ImgMediaFactory.dll (API version 3944462).
LogModuleManager: Display: Found up-to-date module file ../../../Engine/Plugins/Media/ImgMedia/Binaries/Win64/UE4Editor-OpenExrWrapper.dll (API version 3944462).
LogModuleManager: Display: Found up-to-date module file ../../../Engine/Plugins/Media/LinearTimecode/Binaries/Win64/UE4Editor-LinearTimecode.dll (API version 3944462).
LogModuleManager: Display: Found up-to-date module file ../../../Engine/Plugins/Media/MediaCompositing/Binaries/Win64/UE4Editor-MediaCompositing.dll (API version 3944462).
LogModuleManager: Display: Found up-to-date module file ../../../Engine/Plugins/Media/MediaCompositing/Binaries/Win64/UE4Editor-MediaCompositingEditor.dll (API version 3944462).
LogModuleManager: Display: Found up-to-date module file ../../../Engine/Plugins/Media/MediaPlayerEditor/Binaries/Win64/UE4Editor-MediaPlayerEditor.dll (API version 3944462).
LogModuleManager: Display: Found up-to-date module file ../../../Engine/Plugins/Media/WmfMedia/Binaries/Win64/UE4Editor-WmfMedia.dll (API version 3944462).
LogModuleManager: Display: Found up-to-date module file ../../../Engine/Plugins/Media/WmfMedia/Binaries/Win64/UE4Editor-WmfMediaEditor.dll (API version 3944462).
LogModuleManager: Display: Found up-to-date module file ../../../Engine/Plugins/Media/WmfMedia/Binaries/Win64/UE4Editor-WmfMediaFactory.dll (API version 3944462).
LogModuleManager: Display: Found up-to-date module file ../../../Engine/Plugins/Media/WmfMedia/Binaries/Win64/UE4Editor-WmfMediaFactory.dll (API version 3944462).
LogModuleManager: Display: Found up-to-date module file ../../../Engine/Plugins/Messaging/TcpMessaging/Binaries/Win64/UE4Editor-TcpMessaging.dll (API version 3944462).
LogModuleManager: Display: Found up-to-date module file ../../../Engine/Plugins/Messaging/UdpMessaging/Binaries/Win64/UE4Editor-UdpMessaging.dll (API version 3944462).
LogModuleManager: Display: Found up-to-date module file ../../../Engine/Plugins/MovieScene/ActorSequence/Binaries/Win64/UE4Editor-ActorSequence.dll (API version 3944462).
LogModuleManager: Display: Found up-to-date module file ../../../Engine/Plugins/MovieScene/LevelSequenceEditor/Binaries/Win64/UE4Editor-LevelSequenceEditor.dll (API version 3944462).
LogModuleManager: Display: Found up-to-date module file ../../../Engine/Plugins/MovieScene/MatineeToLevelSequence/Binaries/Win64/UE4Editor-MatineeToLevelSequence.dll (API version 3944462).
LogModuleManager: Display: Found up-to-date module file ../../../Engine/Plugins/NetcodeUnitTest/NetcodeUnitTest/Binaries/Win64/UE4Editor-NetcodeUnitTest.dll (API version 3944462).
LogModuleManager: Display: Found up-to-date module file ../../../Engine/Plugins/NetcodeUnitTest/NUTUnrealEngine4/Binaries/Win64/UE4Editor-NUTUnrealEngine4.dll (API version 3944462).
LogModuleManager: Display: Found up-to-date module file ../../../Engine/Plugins/Online/OnlineSubsystem/Binaries/Win64/UE4Editor-OnlineSubsystem.dll (API version 3944462).
LogModuleManager: Display: Found up-to-date module file ../../../Engine/Plugins/Runtime/AndroidPermission/Binaries/Win64/UE4Editor-AndroidPermission.dll (API version 3944462).
LogModuleManager: Display: Found up-to-date module file ../../../Engine/Plugins/Online/OnlineSubsystemNull/Binaries/Win64/UE4Editor-OnlineSubsystemNull.dll (API version 3944462).
LogModuleManager: Display: Found up-to-date module file ../../../Engine/Plugins/Online/OnlineSubsystemUtils/Binaries/Win64/UE4Editor-OnlineSubsystemUtils.dll (API version 3944462).
LogModuleManager: Display: Found up-to-date module file ../../../Engine/Plugins/Online/OnlineSubsystemUtils/Binaries/Win64/UE4Editor-OnlineBlueprintSupport.dll (API version 3944462).
LogModuleManager: Display: Found up-to-date module file ../../../Engine/Plugins/Runtime/AndroidDeviceProfileSelector/Binaries/Win64/UE4Editor-AndroidDeviceProfileSelector.dll (API version 3944462).
LogModuleManager: Display: Found up-to-date module file ../../../Engine/Plugins/Runtime/AppleARKit/Binaries/Win64/UE4Editor-AppleARKit.dll (API version 3944462).
LogModuleManager: Display: Found up-to-date module file ../../../Engine/Plugins/Runtime/ProceduralMeshComponent/Binaries/Win64/UE4Editor-ProceduralMeshComponent.dll (API version 3944462).
LogModuleManager: Display: Found up-to-date module file ../../../Engine/Plugins/Runtime/ProceduralMeshComponent/Binaries/Win64/UE4Editor-ProceduralMeshComponentEditor.dll (API version 3944462).
LogModuleManager: Display: Found up-to-date module file ../../../Engine/Plugins/Animation/LiveLink/Binaries/Win64/UE4Editor-LiveLink.dll (API version 3944462).
LogModuleManager: Display: Found up-to-date module file ../../../Engine/Plugins/Animation/LiveLink/Binaries/Win64/UE4Editor-LiveLinkEditor.dll (API version 3944462).
LogModuleManager: Display: Found up-to-date module file ../../../Engine/Plugins/Runtime/ArchVisCharacter/Binaries/Win64/UE4Editor-ArchVisCharacter.dll (API version 3944462).
LogModuleManager: Display: Found up-to-date module file ../../../Engine/Plugins/Runtime/AudioCapture/Binaries/Win64/UE4Editor-AudioCapture.dll (API version 3944462).
LogModuleManager: Display: Found up-to-date module file ../../../Engine/Plugins/Runtime/AudioCapture/Binaries/Win64/UE4Editor-AudioCaptureEditor.dll (API version 3944462).
LogModuleManager: Display: Found up-to-date module file ../../../Engine/Plugins/Runtime/CableComponent/Binaries/Win64/UE4Editor-CableComponent.dll (API version 3944462).
LogModuleManager: Display: Found up-to-date module file ../../../Engine/Plugins/Runtime/CustomMeshComponent/Binaries/Win64/UE4Editor-CustomMeshComponent.dll (API version 3944462).
LogModuleManager: Display: Found up-to-date module file ../../../Engine/Plugins/Runtime/ExampleDeviceProfileSelector/Binaries/Win64/UE4Editor-ExampleDeviceProfileSelector.dll (API version 3944462).
LogModuleManager: Display: Found up-to-date module file ../../../Engine/Plugins/Runtime/ImmediatePhysics/Binaries/Win64/UE4Editor-ImmediatePhysics.dll (API version 3944462).
LogModuleManager: Display: Found up-to-date module file ../../../Engine/Plugins/Runtime/ImmediatePhysics/Binaries/Win64/UE4Editor-ImmediatePhysicsEditor.dll (API version 3944462).
LogModuleManager: Display: Found up-to-date module file ../../../Engine/Plugins/Runtime/LocationServicesBPLibrary/Binaries/Win64/UE4Editor-LocationServicesBPLibrary.dll (API version 3944462).
LogModuleManager: Display: Found up-to-date module file ../../../Engine/Plugins/Runtime/MobilePatchingUtils/Binaries/Win64/UE4Editor-MobilePatchingUtils.dll (API version 3944462).
LogModuleManager: Display: Found up-to-date module file ../../../Engine/Plugins/Runtime/Oculus/OculusVR/Binaries/Win64/UE4Editor-OculusHMD.dll (API version 3944462).
LogModuleManager: Display: Found up-to-date module file ../../../Engine/Plugins/Runtime/Oculus/OculusVR/Binaries/Win64/UE4Editor-OculusInput.dll (API version 3944462).
LogModuleManager: Display: Found up-to-date module file ../../../Engine/Plugins/Runtime/Oculus/OculusVR/Binaries/Win64/UE4Editor-OculusEditor.dll (API version 3944462).
LogModuleManager: Display: Found up-to-date module file ../../../Engine/Plugins/Runtime/PhysXVehicles/Binaries/Win64/UE4Editor-PhysXVehicles.dll (API version 3944462).
LogModuleManager: Display: Found up-to-date module file ../../../Engine/Plugins/Runtime/PhysXVehicles/Binaries/Win64/UE4Editor-PhysXVehiclesEditor.dll (API version 3944462).
LogModuleManager: Display: Found up-to-date module file ../../../Engine/Plugins/Runtime/RuntimePhysXCooking/Binaries/Win64/UE4Editor-RuntimePhysXCooking.dll (API version 3944462).
LogModuleManager: Display: Found up-to-date module file ../../../Engine/Plugins/Runtime/Steam/SteamVR/Binaries/Win64/UE4Editor-SteamVR.dll (API version 3944462).
LogModuleManager: Display: Found up-to-date module file ../../../Engine/Plugins/Runtime/Steam/SteamVR/Binaries/Win64/UE4Editor-SteamVRController.dll (API version 3944462).
LogModuleManager: Display: Found up-to-date module file ../../../Engine/Plugins/Runtime/WindowsMoviePlayer/Binaries/Win64/UE4Editor-WindowsMoviePlayer.dll (API version 3944462).
LogPluginManager: Mounting plugin Paper2D
LogPluginManager: Mounting plugin LiveLink
LogPluginManager: Mounting plugin LightPropagationVolume
LogPluginManager: Mounting plugin CLionSourceCodeAccess
LogPluginManager: Mounting plugin CodeLiteSourceCodeAccess
LogPluginManager: Mounting plugin GitSourceControl
LogPluginManager: Mounting plugin KDevelopSourceCodeAccess
LogPluginManager: Mounting plugin NullSourceCodeAccess
LogPluginManager: Mounting plugin PerforceSourceControl
LogPluginManager: Mounting plugin SubversionSourceControl
LogPluginManager: Mounting plugin UObjectPlugin
LogPluginManager: Mounting plugin VisualStudioCodeSourceCodeAccess
LogPluginManager: Mounting plugin VisualStudioSourceCodeAccess
LogPluginManager: Mounting plugin XCodeSourceCodeAccess
LogPluginManager: Mounting plugin AssetManagerEditor
LogPluginManager: Mounting plugin CryptoKeys
LogPluginManager: Mounting plugin DataValidation
LogPluginManager: Mounting plugin FacialAnimation
LogPluginManager: Mounting plugin GameplayTagsEditor
LogPluginManager: Mounting plugin MobileLauncherProfileWizard
LogPluginManager: Mounting plugin PluginBrowser
LogPluginManager: Mounting plugin SpeedTreeImporter
LogPluginManager: Mounting plugin DatasmithContent
LogPluginManager: Mounting plugin AlembicImporter
LogPluginManager: Mounting plugin CharacterAI
LogPluginManager: Mounting plugin HTML5Networking
LogPluginManager: Mounting plugin AndroidMedia
LogPluginManager: Mounting plugin AvfMedia
LogPluginManager: Mounting plugin ImgMedia
LogPluginManager: Mounting plugin LinearTimecode
LogPluginManager: Mounting plugin MediaCompositing
LogPluginManager: Mounting plugin MediaPlayerEditor
LogPluginManager: Mounting plugin WmfMedia
LogPluginManager: Mounting plugin TcpMessaging
LogPluginManager: Mounting plugin UdpMessaging
LogPluginManager: Mounting plugin ActorSequence
LogPluginManager: Mounting plugin LevelSequenceEditor
LogPluginManager: Mounting plugin MatineeToLevelSequence
LogPluginManager: Mounting plugin NetcodeUnitTest
LogPluginManager: Mounting plugin NUTUnrealEngine4
LogPluginManager: Mounting plugin OnlineSubsystemGooglePlay
LogPluginManager: Mounting plugin OnlineSubsystemIOS
LogPluginManager: Mounting plugin OnlineSubsystem
LogPluginManager: Mounting plugin OnlineSubsystemNull
LogPluginManager: Mounting plugin OnlineSubsystemUtils
LogPluginManager: Mounting plugin AndroidDeviceProfileSelector
LogPluginManager: Mounting plugin AndroidMoviePlayer
LogPluginManager: Mounting plugin AndroidPermission
LogPluginManager: Mounting plugin AppleARKit
LogPluginManager: Mounting plugin AppleMoviePlayer
LogPluginManager: Mounting plugin ArchVisCharacter
LogPluginManager: Mounting plugin AudioCapture
LogPluginManager: Mounting plugin CableComponent
LogPluginManager: Mounting plugin CustomMeshComponent
LogPluginManager: Mounting plugin ExampleDeviceProfileSelector
LogPluginManager: Mounting plugin GoogleCloudMessaging
LogPluginManager: Mounting plugin ImmediatePhysics
LogPluginManager: Mounting plugin IOSDeviceProfileSelector
LogPluginManager: Mounting plugin LinuxDeviceProfileSelector
LogPluginManager: Mounting plugin LocationServicesBPLibrary
LogPluginManager: Mounting plugin MobilePatchingUtils
LogPluginManager: Mounting plugin OculusVR
LogPluginManager: Plugin shader directory ../../../Engine/Plugins/Runtime/Oculus/OculusVR/Shaders found
LogPluginManager: Mapping shader source directory ../../../Engine/Plugins/Runtime/Oculus/OculusVR/Shaders to virtual directory /Plugin/OculusVR
LogPluginManager: Mounting plugin PhysXVehicles
LogPluginManager: Mounting plugin ProceduralMeshComponent
LogPluginManager: Mounting plugin RuntimePhysXCooking
LogPluginManager: Mounting plugin SteamVR
LogPluginManager: Mounting plugin WindowsMoviePlayer
LogStreaming: Display: Took  1.793s to configure plugins.
LogInit: Using libcurl 7.47.1
LogInit:  - built for x86_64-pc-win32
LogInit:  - supports SSL with OpenSSL/1.0.2g
LogInit:  - supports HTTP deflate (compression) using libz 1.2.8
LogInit:  - other features:
LogInit:      CURL_VERSION_SSL
LogInit:      CURL_VERSION_LIBZ
LogInit:      CURL_VERSION_IPV6
LogInit:      CURL_VERSION_ASYNCHDNS
LogInit:      CURL_VERSION_LARGEFILE
LogInit:      CURL_VERSION_IDN
LogInit:  CurlRequestOptions (configurable via config and command line):
LogInit:  - bVerifyPeer = false  - Libcurl will NOT verify peer certificate
LogInit:  - bUseHttpProxy = false  - Libcurl will NOT use HTTP proxy
LogInit:  - bDontReuseConnections = false  - Libcurl will reuse connections
LogInit:  - CertBundlePath = nullptr  - Libcurl will use whatever was configured at build time.
LogInit:  - MaxHostConnections = 16  - Libcurl will limit the number of connections to a host
LogInit:  - LocalHostAddr = Default
LogInit: WinSock: version 1.1 (2.2), MaxSocks=32767, MaxUdp=65467
LogInit: WinSock: I am HPIlluminati (192.168.43.28:0)
LogInit: Build: ++UE4+Release-4.19-CL-3944462
LogInit: Engine Version: 4.19.0-3944462+++UE4+Release-4.19
LogInit: Compatible Engine Version: 4.19.0-3944462+++UE4+Release-4.19
LogInit: Net CL: 3944462
LogDevObjectVersion: Number of dev versions registered: 18
LogDevObjectVersion:   Dev-Blueprints (B0D832E4-1F89-4F0D-ACCF-7EB736FD4AA2): 10
LogDevObjectVersion:   Dev-Build (E1C64328-A22C-4D53-A36C-8E866417BD8C): 0
LogDevObjectVersion:   Dev-Core (375EC13C-06E4-48FB-B500-84F0262A717E): 2
LogDevObjectVersion:   Dev-Editor (E4B068ED-F494-42E9-A231-DA0B2E46BB41): 23
LogDevObjectVersion:   Dev-Framework (CFFC743F-43B0-4480-9391-14DF171D2073): 33
LogDevObjectVersion:   Dev-Mobile (B02B49B5-BB20-44E9-A304-32B752E40360): 2
LogDevObjectVersion:   Dev-Networking (A4E4105C-59A1-49B5-A7C5-40C4547EDFEE): 0
LogDevObjectVersion:   Dev-Online (39C831C9-5AE6-47DC-9A44-9C173E1C8E7C): 0
LogDevObjectVersion:   Dev-Physics (78F01B33-EBEA-4F98-B9B4-84EACCB95AA2): 0
LogDevObjectVersion:   Dev-Platform (6631380F-2D4D-43E0-8009-CF276956A95A): 0
LogDevObjectVersion:   Dev-Rendering (12F88B9F-8875-4AFC-A67C-D90C383ABD29): 25
LogDevObjectVersion:   Dev-Sequencer (7B5AE74C-D270-4C10-A958-57980B212A5A): 6
LogDevObjectVersion:   Dev-VR (D7296918-1DD6-4BDD-9DE2-64A83CC13884): 1
LogDevObjectVersion:   Dev-LoadTimes (C2A15278-BFE7-4AFE-6C17-90FF531DF755): 1
LogDevObjectVersion:   Private-Geometry (6EACA3D4-40EC-4CC1-B786-8BED09428FC5): 2
LogDevObjectVersion:   Dev-AnimPhys (29E575DD-E0A3-4627-9D10-D276232CDCEA): 16
LogDevObjectVersion:   Dev-ReflectionCapture (6B266CEC-1EC7-4B8F-A30B-E4D90942FC07): 1
LogDevObjectVersion:   Dev-Automation (0DF73D61-A23F-47EA-B727-89E90C41499A): 1
LogInit: Compiled (64-bit): Mar 13 2018 23:12:32
LogInit: Compiled with Visual C++: 19.00.24215.01
LogInit: Build Configuration: Development
LogInit: Branch Name: ++UE4+Release-4.19
LogInit: Command Line: -EpicPortal 
LogInit: Base Directory: F:/Epic Games/UE_4.19/Engine/Binaries/Win64/
LogInit: Installed Engine Build: 1
LogStreaming: Display: Took  0.000s to delete old logs.
LogInit: Presizing for max 8388607 objects, including 0 objects not considered by GC, pre-allocating 0 bytes for permanent pool.
LogInit: Object subsystem initialized
[2018.04.03-08.02.19:831][  0]LogInit: Selected Device Profile: [Windows]
[2018.04.03-08.02.19:831][  0]LogInit: Applying CVar settings loaded from the selected device profile: [Windows]
[2018.04.03-08.02.19:844][  0]LogInit: Computer: HPILLUMINATI
[2018.04.03-08.02.19:844][  0]LogInit: User: VaucouleurV
[2018.04.03-08.02.19:844][  0]LogInit: CPU Page size=4096, Cores=2
[2018.04.03-08.02.19:844][  0]LogInit: High frequency timer resolution =2.531254 MHz
[2018.04.03-08.02.19:845][  0]LogMemory: Memory total: Physical=7.9GB (8GB approx)
[2018.04.03-08.02.19:845][  0]LogMemory: Platform Memory Stats for Windows
[2018.04.03-08.02.19:845][  0]LogMemory: Process Physical Memory: 273.69 MB used, 273.69 MB peak
[2018.04.03-08.02.19:845][  0]LogMemory: Process Virtual Memory: 264.09 MB used, 264.09 MB peak
[2018.04.03-08.02.19:845][  0]LogMemory: Physical Memory: 4128.82 MB used,  3943.77 MB free, 8072.59 MB total
[2018.04.03-08.02.19:845][  0]LogMemory: Virtual Memory: 631.21 MB used,  3943.77 MB free, 134217728.00 MB total
[2018.04.03-08.02.19:875][  0]LogInit: Using OS detected language (fr-FR).
[2018.04.03-08.02.19:875][  0]LogInit: Using OS detected locale (fr-FR).
[2018.04.03-08.02.19:881][  0]LogTextLocalizationManager: No localization for 'fr-FR' exists, so 'en' will be used for the language.
[2018.04.03-08.02.20:472][  0]LogStreaming: Display: Took  0.597s to EndInitTextLocalization.
[2018.04.03-08.02.20:473][  0]LogInit: Setting process to per monitor DPI aware
[2018.04.03-08.02.20:510][  0]LogSlate: New Slate User Created.  User Index 0, Is Virtual User: 0
[2018.04.03-08.02.20:510][  0]LogSlate: Slate User Registered.  User Index 0, Is Virtual User: 0
[2018.04.03-08.02.20:869][  0]LogD3D11RHI: D3D11 adapters:
[2018.04.03-08.02.20:911][  0]LogD3D11RHI:    0. 'Intel(R) HD Graphics 520' (Feature Level 11_0)
[2018.04.03-08.02.20:911][  0]LogD3D11RHI:       128/0/4036 MB DedicatedVideo/DedicatedSystem/SharedSystem, Outputs:1, VendorId:0x8086
[2018.04.03-08.02.20:913][  0]LogD3D11RHI:    1. 'Microsoft Basic Render Driver' (Feature Level 11_0)
[2018.04.03-08.02.20:913][  0]LogD3D11RHI:       0/0/4036 MB DedicatedVideo/DedicatedSystem/SharedSystem, Outputs:0, VendorId:0x1414
[2018.04.03-08.02.20:913][  0]LogD3D11RHI: Chosen D3D11 Adapter: 0
[2018.04.03-08.02.20:918][  0]LogD3D11RHI: Creating new Direct3DDevice
[2018.04.03-08.02.20:918][  0]LogD3D11RHI:     GPU DeviceId: 0x1916 (for the marketing name, search the web for "GPU Device Id")
[2018.04.03-08.02.20:918][  0]LogWindows: EnumDisplayDevices:
[2018.04.03-08.02.20:918][  0]LogWindows:    0. 'Intel(R) HD Graphics 520' (P:1 D:1)
[2018.04.03-08.02.20:918][  0]LogWindows:    1. 'Intel(R) HD Graphics 520' (P:0 D:0)
[2018.04.03-08.02.20:919][  0]LogWindows:    2. 'Intel(R) HD Graphics 520' (P:0 D:0)
[2018.04.03-08.02.20:919][  0]LogWindows: DebugString: FoundDriverCount:3 
[2018.04.03-08.02.20:919][  0]LogD3D11RHI:     Adapter Name: Intel(R) HD Graphics 520
[2018.04.03-08.02.20:919][  0]LogD3D11RHI:   Driver Version: 23.20.16.4877 (internal:23.20.16.4877, unified:23.20.16.4877)
[2018.04.03-08.02.20:919][  0]LogD3D11RHI:      Driver Date: 12-1-2017
[2018.04.03-08.02.20:919][  0]LogRHI: Texture pool is 1502 MB (70% of 2146 MB)
[2018.04.03-08.02.20:952][  0]LogD3D11RHI: Async texture creation enabled
[2018.04.03-08.02.20:960][  0]LogD3D11RHI: GPU Timing Frequency: 12.000048 (Debug: 2 0)
[2018.04.03-08.02.20:963][  0]LogShaderCompilers: Guid format shader working directory is -16 characters bigger than the processId version (C:/Users/VaucouleurV/Documents/Unreal Projects/RPG_OGH_OGH_3_SMORPG/Intermediate/Shaders/WorkingDirectory/10160/).
[2018.04.03-08.02.20:963][  0]LogShaderCompilers: Cleaned the shader compiler working directory 'C:/Users/VaucouleurV/AppData/Local/Temp/UnrealShaderWorkingDir/D20E294E4B8760BABFC9A19770061B5C/'.
[2018.04.03-08.02.21:289][  0]LogTemp: Display: Loaded TP AllDesktopTargetPlatform
[2018.04.03-08.02.21:311][  0]LogTemp: Display: Loaded TP MacClientTargetPlatform
[2018.04.03-08.02.21:326][  0]LogTemp: Display: Loaded TP MacNoEditorTargetPlatform
[2018.04.03-08.02.21:345][  0]LogTemp: Display: Loaded TP MacServerTargetPlatform
[2018.04.03-08.02.21:368][  0]LogTemp: Display: Loaded TP MacTargetPlatform
[2018.04.03-08.02.21:385][  0]LogTemp: Display: Loaded TP WindowsClientTargetPlatform
[2018.04.03-08.02.21:405][  0]LogTemp: Display: Loaded TP WindowsNoEditorTargetPlatform
[2018.04.03-08.02.21:420][  0]LogTemp: Display: Loaded TP WindowsServerTargetPlatform
[2018.04.03-08.02.21:433][  0]LogTemp: Display: Loaded TP WindowsTargetPlatform
[2018.04.03-08.02.21:451][  0]LogTemp: Display: Loaded TP Android_ASTCTargetPlatform
[2018.04.03-08.02.21:470][  0]LogTemp: Display: Loaded TP Android_ATCTargetPlatform
[2018.04.03-08.02.21:486][  0]LogTemp: Display: Loaded TP Android_DXTTargetPlatform
[2018.04.03-08.02.21:500][  0]LogTemp: Display: Loaded TP Android_ETC1aTargetPlatform
[2018.04.03-08.02.21:514][  0]LogTemp: Display: Loaded TP Android_ETC1TargetPlatform
[2018.04.03-08.02.21:529][  0]LogTemp: Display: Loaded TP Android_ETC2TargetPlatform
[2018.04.03-08.02.21:561][  0]LogTemp: Display: Loaded TP Android_MultiTargetPlatform
[2018.04.03-08.02.21:561][  0]LogTemp: Display: Loaded TP Android_PVRTCTargetPlatform
[2018.04.03-08.02.21:578][  0]LogTemp: Display: Loaded TP AndroidTargetPlatform
[2018.04.03-08.02.21:579][  0]LogTemp: Display: Loaded TP HTML5TargetPlatform
[2018.04.03-08.02.21:622][  0]LogTemp: Display: Loaded TP IOSTargetPlatform
[2018.04.03-08.02.21:638][  0]LogTemp: Display: Loaded TP TVOSTargetPlatform
[2018.04.03-08.02.21:657][  0]LogTemp: Display: Loaded TP LinuxClientTargetPlatform
[2018.04.03-08.02.21:674][  0]LogTemp: Display: Loaded TP LinuxNoEditorTargetPlatform
[2018.04.03-08.02.21:694][  0]LogTemp: Display: Loaded TP LinuxServerTargetPlatform
[2018.04.03-08.02.21:718][  0]LogTemp: Display: Loaded TP LinuxTargetPlatform
[2018.04.03-08.02.21:718][  0]LogTargetPlatformManager: Display: Building Assets For Windows
[2018.04.03-08.02.21:894][  0]LogXGEController: Cannot use XGE Controller as Incredibuild is not installed on this machine.
[2018.04.03-08.02.21:894][  0]LogShaderCompilers: Cannot use XGE Shader Compiler as Incredibuild is not installed on this machine.
[2018.04.03-08.02.21:894][  0]LogShaderCompilers: Display: Using Local Shader Compiler.
[2018.04.03-08.02.22:918][  0]LogDerivedDataCache: Display: Max Cache Size: 512 MB
[2018.04.03-08.02.23:003][  0]LogDerivedDataCache: Loaded boot cache 0.09s 74MB C:/Users/VaucouleurV/AppData/Local/UnrealEngine/4.19/DerivedDataCache/Boot.ddc.
[2018.04.03-08.02.23:003][  0]LogDerivedDataCache: Display: Loaded Boot cache: C:/Users/VaucouleurV/AppData/Local/UnrealEngine/4.19/DerivedDataCache/Boot.ddc
[2018.04.03-08.02.23:004][  0]LogDerivedDataCache: FDerivedDataBackendGraph:  Pak pak cache file C:/Users/VaucouleurV/Documents/Unreal Projects/RPG_OGH_OGH_3_SMORPG/DerivedDataCache/DDC.ddp not found, will not use a pak cache.
[2018.04.03-08.02.23:004][  0]LogDerivedDataCache: Unable to find inner node Pak for hierarchical cache Hierarchy.
[2018.04.03-08.02.23:004][  0]LogDerivedDataCache: FDerivedDataBackendGraph:  CompressedPak pak cache file C:/Users/VaucouleurV/Documents/Unreal Projects/RPG_OGH_OGH_3_SMORPG/DerivedDataCache/Compressed.ddp not found, will not use a pak cache.
[2018.04.03-08.02.23:004][  0]LogDerivedDataCache: Unable to find inner node CompressedPak for hierarchical cache Hierarchy.
[2018.04.03-08.02.23:032][  0]LogDerivedDataCache: Display: Pak cache opened for reading ../../../Engine/DerivedDataCache/Compressed.ddp.
[2018.04.03-08.02.23:046][  0]LogDerivedDataCache: Using Local data cache path C:/Users/VaucouleurV/AppData/Local/UnrealEngine/Common/DerivedDataCache: Writable
[2018.04.03-08.02.23:064][  0]LogMaterial: Verifying Global Shaders for PCD3D_SM5
[2018.04.03-08.02.23:064][  0]LogSlate: Using Freetype 2.6.0
[2018.04.03-08.02.23:065][  0]LogSlate: SlateFontCache - WITH_FREETYPE: 1, WITH_HARFBUZZ: 1
[2018.04.03-08.02.23:065][  0]LogSlate: SlateFontCache - WITH_FREETYPE: 1, WITH_HARFBUZZ: 1
[2018.04.03-08.02.23:257][  0]LogAssetRegistry: FAssetRegistry took 0.0311 seconds to start up
[2018.04.03-08.02.23:837][  0]LogInit: Selected Device Profile: [Windows]
[2018.04.03-08.02.24:079][  0]LogSimplygon: Simplygon DLL not present - disabling.
[2018.04.03-08.02.24:083][  0]LogMeshReduction: Using SimplygonSwarm for distributed automatic mesh merging
[2018.04.03-08.02.24:083][  0]LogMeshReduction: Using QuadricMeshReduction for automatic static mesh reduction
[2018.04.03-08.02.24:083][  0]LogMeshReduction: No automatic skeletal mesh reduction module available
[2018.04.03-08.02.24:083][  0]LogMeshReduction: No automatic mesh merging module available
[2018.04.03-08.02.24:083][  0]LogMeshMerging: No automatic mesh merging module available
[2018.04.03-08.02.24:138][  0]LogNetVersion: RPG_OGH_OGH_3_SMORPG , NetCL: 3944462, EngineNetVer: 2, GameNetVer: 0 (Checksum: 1955048836)
[2018.04.03-08.02.24:816][  0]LogPackageLocalizationCache: Processed 9 localized package path(s) for 1 prioritized culture(s) in 0.069076 seconds
[2018.04.03-08.02.24:824][  0]LogUObjectArray: 36728 objects as part of root set at end of initial load.
[2018.04.03-08.02.24:824][  0]LogUObjectAllocator: 7314312 out of 0 bytes used by permanent object pool.
[2018.04.03-08.02.24:824][  0]LogUObjectArray: CloseDisregardForGC: 0/0 objects in disregard for GC pool
[2018.04.03-08.02.27:555][  0]LogTcpMessaging: Initializing TcpMessaging bridge
[2018.04.03-08.02.27:614][  0]LogUdpMessaging: Initializing bridge on interface 0.0.0.0:0 to multicast group 230.0.0.1:6666.
[2018.04.03-08.02.28:239][  0]SourceControl: Source control is disabled
[2018.04.03-08.02.28:239][  0]SourceControl: Source control is disabled
[2018.04.03-08.02.28:276][  0]SourceControl: Source control is disabled
[2018.04.03-08.02.28:319][  0]SourceControl: Source control is disabled
[2018.04.03-08.02.29:171][  0]LogAndroidPermission: UAndroidPermissionCallbackProxy::GetInstance
[2018.04.03-08.02.29:515][  0]LogOcInput: OculusInput pre-init called
[2018.04.03-08.02.29:802][  0]LogEngine: Initializing Engine...
[2018.04.03-08.02.29:805][  0]LogHMD: Failed to initialize OpenVR with code 110
[2018.04.03-08.02.29:808][  0]LogStats: UGameplayTagsManager::ConstructGameplayTagTree: Construct from data asset -  0.000 s
[2018.04.03-08.02.29:808][  0]LogStats: UGameplayTagsManager::ConstructGameplayTagTree: GameplayTagTreeChangedEvent.Broadcast -  0.000 s
[2018.04.03-08.02.30:177][  0]LogAIModule: Creating AISystem for world Untitled
[2018.04.03-08.02.30:212][  0]LogInit: XAudio2 using 'Haut-parleurs (Conexant ISST Audio)' : 2 channels at 48 kHz using 32 bits per sample (channel mask 0x3)
[2018.04.03-08.02.30:313][  0]LogInit: FAudioDevice initialized.
[2018.04.03-08.02.30:405][  0]LogDerivedDataCache: Saved boot cache 0.09s 74MB C:/Users/VaucouleurV/AppData/Local/UnrealEngine/4.19/DerivedDataCache/Boot.ddc.
[2018.04.03-08.02.30:418][  0]LogInit: Texture streaming: Enabled
[2018.04.03-08.02.30:454][  0]LogEngineSessionManager: EngineSessionManager initialized
[2018.04.03-08.02.30:476][  0]LogInit: Transaction tracking system initialized
[2018.04.03-08.02.30:521][  0]BlueprintLog: New page: Editor Load
[2018.04.03-08.02.30:689][  0]LocalizationService: Localization service is disabled
[2018.04.03-08.02.31:335][  0]LogConsoleResponse: Display: 
[2018.04.03-08.02.31:580][  0]LogFileCache: Scanning file cache for directory 'C:/Users/VaucouleurV/Documents/Unreal Projects/RPG_OGH_OGH_3_SMORPG/Content/' took 0.01s
[2018.04.03-08.02.31:580][  0]LogCook: Display: Max memory allowance for cook 16384mb min free memory 0mb
[2018.04.03-08.02.31:580][  0]LogCook: Display: Mobile HDR setting 1
[2018.04.03-08.02.31:580][  0]LogGameplayTags: Display: UGameplayTagsManager::DoneAddingNativeTags. DelegateIsBound: 0
[2018.04.03-08.02.31:580][  0]LogStats: UGameplayTagsManager::ConstructGameplayTagTree: Construct from data asset -  0.000 s
[2018.04.03-08.02.31:580][  0]LogStats: UGameplayTagsManager::ConstructGameplayTagTree: GameplayTagTreeChangedEvent.Broadcast -  0.000 s
[2018.04.03-08.02.32:218][  0]SourceControl: Source control is disabled
[2018.04.03-08.02.32:219][  0]Cmd: MAP LOAD FILE="../../../Engine/Content/Maps/Templates/Template_Default.umap" TEMPLATE=1 SHOWPROGRESS=1 FEATURELEVEL=3
[2018.04.03-08.02.32:219][  0]LightingResults: New page: Lighting Build
[2018.04.03-08.02.32:222][  0]MapCheck: New page: Map Check
[2018.04.03-08.02.32:222][  0]LightingResults: New page: Lighting Build
[2018.04.03-08.02.32:507][  0]LogAIModule: Creating AISystem for world Untitled_1
[2018.04.03-08.02.32:515][  0]LogEditorServer: Finished looking for orphan Actors (0.000 secs)
[2018.04.03-08.02.32:535][  0]Cmd: MAP CHECKDEP NOCLEARLOG
[2018.04.03-08.02.32:604][  0]MapCheck: Map check complete: 0 Error(s), 0 Warning(s), took 69,906ms to complete.
[2018.04.03-08.02.32:605][  0]LogFileHelpers: Loading map 'Template_Default' took 0.386
[2018.04.03-08.02.32:774][  0]LogCollectionManager: Loaded 0 collections in 0.001596 seconds
[2018.04.03-08.02.32:840][  0]LogFileCache: Scanning file cache for directory 'C:/Users/VaucouleurV/Documents/Unreal Projects/RPG_OGH_OGH_3_SMORPG/Saved/Collections/' took 0.01s
[2018.04.03-08.02.32:840][  0]LogFileCache: Scanning file cache for directory 'C:/Users/VaucouleurV/Documents/Unreal Projects/RPG_OGH_OGH_3_SMORPG/Content/Developers/VaucouleurV/Collections/' took 0.01s
[2018.04.03-08.02.32:840][  0]LogFileCache: Scanning file cache for directory 'C:/Users/VaucouleurV/Documents/Unreal Projects/RPG_OGH_OGH_3_SMORPG/Content/Collections/' took 0.01s
[2018.04.03-08.02.32:840][  0]LogCollectionManager: Rebuilt the GUID cache for 0 collections in 0.000000 seconds
[2018.04.03-08.02.32:853][  0]LogContentBrowser: Native class hierarchy populated in 0.0113 seconds. Added 2452 classes and 558 folders.
[2018.04.03-08.02.32:866][  0]LogContentBrowser: Native class hierarchy updated for 'WidgetCarousel' in 0.0002 seconds. Added 0 classes and 0 folders.
[2018.04.03-08.02.33:083][  0]LogContentBrowser: Native class hierarchy updated for 'AddContentDialog' in 0.0003 seconds. Added 0 classes and 0 folders.
[2018.04.03-08.02.33:100][  0]LogContentBrowser: Native class hierarchy updated for 'SceneOutliner' in 0.0003 seconds. Added 1 classes and 2 folders.
[2018.04.03-08.02.33:273][  0]LogSlate: Took 0.000215 seconds to synchronously load lazily loaded font '../../../Engine/Content/Slate/Fonts/Roboto-Regular.ttf' (155K)
[2018.04.03-08.02.33:276][  0]LogSlate: Took 0.000239 seconds to synchronously load lazily loaded font '../../../Engine/Content/Slate/Fonts/Roboto-Bold.ttf' (160K)
[2018.04.03-08.02.33:285][  0]LogSlate: Took 0.001818 seconds to synchronously load lazily loaded font '../../../Engine/Content/Editor/Slate/Fonts/FontAwesome.ttf' (139K)
[2018.04.03-08.02.33:448][  0]LogRenderer: Reallocating scene render targets to support 1248x696 Format 9 NumSamples 1 (Frame:1).
[2018.04.03-08.02.33:849][  0]LogContentBrowser: Native class hierarchy updated for 'HierarchicalLODOutliner' in 0.0002 seconds. Added 0 classes and 0 folders.
[2018.04.03-08.02.33:849][  0]LogLoad: (Engine Initialization) Total time: 17.70 seconds
[2018.04.03-08.02.33:849][  0]LogLoad: (Engine Initialization) Total Blueprint compile time: 0.00 seconds
[2018.04.03-08.02.34:213][  0]LogContentStreaming: Texture pool size now 400 MB
[2018.04.03-08.02.34:530][  1]LogAssetRegistry: Asset discovery search completed in 11.2957 seconds
[2018.04.03-08.02.34:533][  1]LogCollectionManager: Rebuilt the object cache for 0 collections in 0.000000 seconds (found 0 objects)
[2018.04.03-08.02.34:533][  1]LogCollectionManager: Fixed up redirectors for 0 collections in 0.000094 seconds (updated 0 objects)
[2018.04.03-08.02.36:639][ 51]LogSlate: FSceneViewport::OnFocusLost() reason 0
[2018.04.03-08.02.39:674][176]LogSlate: Took 0.001076 seconds to synchronously load lazily loaded font '../../../Engine/Content/Slate/Fonts/Roboto-Light.ttf' (167K)
[2018.04.03-08.03.09:794][981]LogSlate: Window 'Save Level As' being destroyed
[2018.04.03-08.03.09:881][981]LogSlate: Took 0.000288 seconds to synchronously load lazily loaded font '../../../Engine/Content/Slate/Fonts/Roboto-Light.ttf' (167K)
[2018.04.03-08.03.09:896][981]Cmd: OBJ SAVEPACKAGE PACKAGE="/Game/Maps/BaseMap" FILE="C:/Users/VaucouleurV/Documents/Unreal Projects/RPG_OGH_OGH_3_SMORPG/Content/Maps/BaseMap.umap" SILENT=true AUTOSAVING=false KEEPDIRTY=false
[2018.04.03-08.03.09:950][981]LogSavePackage: Save=36.90ms
[2018.04.03-08.03.09:950][981]LogSavePackage: Moving 'C:/Users/VaucouleurV/Documents/Unreal Projects/RPG_OGH_OGH_3_SMORPG/Saved/BaseMap79C7D66440A99E610FB2F1A94DB4BBB7.tmp' to 'C:/Users/VaucouleurV/Documents/Unreal Projects/RPG_OGH_OGH_3_SMORPG/Content/Maps/BaseMap.umap'
[2018.04.03-08.03.09:953][981]LogSavePackage: Display: Finished SavePackage C:/Users/VaucouleurV/Documents/Unreal Projects/RPG_OGH_OGH_3_SMORPG/Content/Maps/BaseMap.umap
[2018.04.03-08.03.09:973][981]Cmd: OBJ SAVEPACKAGE PACKAGE="/Game/Maps/BaseMap_BuiltData" FILE="C:/Users/VaucouleurV/Documents/Unreal Projects/RPG_OGH_OGH_3_SMORPG/Content/Maps/BaseMap_BuiltData.uasset" SILENT=true
[2018.04.03-08.03.09:999][981]LogSavePackage: Save=23.54ms
[2018.04.03-08.03.09:999][981]LogSavePackage: Moving 'C:/Users/VaucouleurV/Documents/Unreal Projects/RPG_OGH_OGH_3_SMORPG/Saved/BaseMap_BuiltData760C2C8F446ABCD3D93B65B9128C2DE3.tmp' to 'C:/Users/VaucouleurV/Documents/Unreal Projects/RPG_OGH_OGH_3_SMORPG/Content/Maps/BaseMap_BuiltData.uasset'
[2018.04.03-08.03.10:002][981]LogSavePackage: Display: Finished SavePackage C:/Users/VaucouleurV/Documents/Unreal Projects/RPG_OGH_OGH_3_SMORPG/Content/Maps/BaseMap_BuiltData.uasset
[2018.04.03-08.03.10:007][981]LogFileHelpers: Saving map 'BaseMap' took 0.208
[2018.04.03-08.10.42:069][572]LogSlate: FSceneViewport::OnFocusLost() reason 2
[2018.04.03-08.10.42:098][572]Cmd: OBJ SAVEPACKAGE PACKAGE="/Game/Maps/BaseMap" FILE="C:/Users/VaucouleurV/Documents/Unreal Projects/RPG_OGH_OGH_3_SMORPG/Content/Maps/BaseMap.umap" SILENT=true AUTOSAVING=false KEEPDIRTY=false
[2018.04.03-08.10.42:145][572]LogSavePackage: Save=26.23ms
[2018.04.03-08.10.42:145][572]LogSavePackage: Moving 'C:/Users/VaucouleurV/Documents/Unreal Projects/RPG_OGH_OGH_3_SMORPG/Saved/BaseMapF96D1F18401F7FD06136669555858B4D.tmp' to 'C:/Users/VaucouleurV/Documents/Unreal Projects/RPG_OGH_OGH_3_SMORPG/Content/Maps/BaseMap.umap'
[2018.04.03-08.10.42:148][572]LogSavePackage: Display: Finished SavePackage C:/Users/VaucouleurV/Documents/Unreal Projects/RPG_OGH_OGH_3_SMORPG/Content/Maps/BaseMap.umap
[2018.04.03-08.10.42:159][572]Cmd: OBJ SAVEPACKAGE PACKAGE="/Game/Maps/BaseMap_BuiltData" FILE="C:/Users/VaucouleurV/Documents/Unreal Projects/RPG_OGH_OGH_3_SMORPG/Content/Maps/BaseMap_BuiltData.uasset" SILENT=true
[2018.04.03-08.10.42:182][572]LogSavePackage: Save=16.15ms
[2018.04.03-08.10.42:183][572]LogSavePackage: Moving 'C:/Users/VaucouleurV/Documents/Unreal Projects/RPG_OGH_OGH_3_SMORPG/Saved/BaseMap_BuiltData9A57AAAF4C8CBEDDFBC4C79AEAE00684.tmp' to 'C:/Users/VaucouleurV/Documents/Unreal Projects/RPG_OGH_OGH_3_SMORPG/Content/Maps/BaseMap_BuiltData.uasset'
[2018.04.03-08.10.42:185][572]LogSavePackage: Display: Finished SavePackage C:/Users/VaucouleurV/Documents/Unreal Projects/RPG_OGH_OGH_3_SMORPG/Content/Maps/BaseMap_BuiltData.uasset
[2018.04.03-08.10.44:113][635]LogSlate: FSceneViewport::OnFocusLost() reason 2
[2018.04.03-08.10.45:062][689]LogSlate: FSceneViewport::OnFocusLost() reason 2
[2018.04.03-08.10.46:792][689]LogSlate: Only BGRA pngs, bmps or icos are supported in by External Image Picker
[2018.04.03-08.10.46:995][690]LogTemp: Executing iPhonePackager certificates Engine -bundlename com.YourCompany.RPGOGHOGH3SMORPG
[2018.04.03-08.10.46:995][690]LogTemp: CWD: F:\Epic Games\UE_4.19\Engine\Binaries\DotNET\IOS
[2018.04.03-08.10.46:995][690]LogTemp: Initial Dir: F:\Epic Games\UE_4.19
[2018.04.03-08.10.46:995][690]LogTemp: Env CWD: F:\Epic Games\UE_4.19\Engine\Binaries\DotNET\IOS
[2018.04.03-08.10.46:995][690]LogTemp: BranchPath = HPILLUMINATI/F/Epic Games/UE_4.19/Engine/Binaries --- GameBranchPath = HPILLUMINATI/F/Epic Games/UE_4.19/Engine/Binaries
[2018.04.03-08.10.46:995][690]LogTemp: IPP ERROR: Could not find provision directory 'C:\Users\VaucouleurV\AppData\Local/Apple Computer/MobileDevice/Provisioning Profiles/'.
[2018.04.03-08.12.21:123][782]LogSlate: Window 'Project Settings' being destroyed
[2018.04.03-08.12.21:132][782]LogSlate: Window 'Project Settings' being destroyed
[2018.04.03-08.12.22:001][808]LogSlate: FSceneViewport::OnFocusLost() reason 2
[2018.04.03-08.12.22:025][808]Cmd: OBJ SAVEPACKAGE PACKAGE="/Game/Maps/BaseMap" FILE="C:/Users/VaucouleurV/Documents/Unreal Projects/RPG_OGH_OGH_3_SMORPG/Content/Maps/BaseMap.umap" SILENT=true AUTOSAVING=false KEEPDIRTY=false
[2018.04.03-08.12.22:103][808]LogSavePackage: Save=46.06ms
[2018.04.03-08.12.22:104][808]LogSavePackage: Moving 'C:/Users/VaucouleurV/Documents/Unreal Projects/RPG_OGH_OGH_3_SMORPG/Saved/BaseMapA26CC9504038427F3B1A2E916C346C73.tmp' to 'C:/Users/VaucouleurV/Documents/Unreal Projects/RPG_OGH_OGH_3_SMORPG/Content/Maps/BaseMap.umap'
[2018.04.03-08.12.22:108][808]LogSavePackage: Display: Finished SavePackage C:/Users/VaucouleurV/Documents/Unreal Projects/RPG_OGH_OGH_3_SMORPG/Content/Maps/BaseMap.umap
[2018.04.03-08.12.22:138][808]Cmd: OBJ SAVEPACKAGE PACKAGE="/Game/Maps/BaseMap_BuiltData" FILE="C:/Users/VaucouleurV/Documents/Unreal Projects/RPG_OGH_OGH_3_SMORPG/Content/Maps/BaseMap_BuiltData.uasset" SILENT=true
[2018.04.03-08.12.22:175][808]LogSavePackage: Save=30.42ms
[2018.04.03-08.12.22:175][808]LogSavePackage: Moving 'C:/Users/VaucouleurV/Documents/Unreal Projects/RPG_OGH_OGH_3_SMORPG/Saved/BaseMap_BuiltData17C29200486B8B79915C0A87418F1B24.tmp' to 'C:/Users/VaucouleurV/Documents/Unreal Projects/RPG_OGH_OGH_3_SMORPG/Content/Maps/BaseMap_BuiltData.uasset'
[2018.04.03-08.12.22:180][808]LogSavePackage: Display: Finished SavePackage C:/Users/VaucouleurV/Documents/Unreal Projects/RPG_OGH_OGH_3_SMORPG/Content/Maps/BaseMap_BuiltData.uasset
[2018.04.03-08.12.30:440][ 83]LogSlate: FSceneViewport::OnFocusLost() reason 2
[2018.04.03-08.12.30:468][ 83]Cmd: OBJ SAVEPACKAGE PACKAGE="/Game/Maps/BaseMap" FILE="C:/Users/VaucouleurV/Documents/Unreal Projects/RPG_OGH_OGH_3_SMORPG/Content/Maps/BaseMap.umap" SILENT=true AUTOSAVING=false KEEPDIRTY=false
[2018.04.03-08.12.30:550][ 83]LogSavePackage: Save=44.95ms
[2018.04.03-08.12.30:550][ 83]LogSavePackage: Moving 'C:/Users/VaucouleurV/Documents/Unreal Projects/RPG_OGH_OGH_3_SMORPG/Saved/BaseMap258E15AB4C9153432A6EF9A92B5C4648.tmp' to 'C:/Users/VaucouleurV/Documents/Unreal Projects/RPG_OGH_OGH_3_SMORPG/Content/Maps/BaseMap.umap'
[2018.04.03-08.12.30:554][ 83]LogSavePackage: Display: Finished SavePackage C:/Users/VaucouleurV/Documents/Unreal Projects/RPG_OGH_OGH_3_SMORPG/Content/Maps/BaseMap.umap
[2018.04.03-08.12.30:578][ 83]Cmd: OBJ SAVEPACKAGE PACKAGE="/Game/Maps/BaseMap_BuiltData" FILE="C:/Users/VaucouleurV/Documents/Unreal Projects/RPG_OGH_OGH_3_SMORPG/Content/Maps/BaseMap_BuiltData.uasset" SILENT=true
[2018.04.03-08.12.30:609][ 83]LogSavePackage: Save=25.23ms
[2018.04.03-08.12.30:609][ 83]LogSavePackage: Moving 'C:/Users/VaucouleurV/Documents/Unreal Projects/RPG_OGH_OGH_3_SMORPG/Saved/BaseMap_BuiltData72E22D294BB7872BF844BCB2DAA1B6A0.tmp' to 'C:/Users/VaucouleurV/Documents/Unreal Projects/RPG_OGH_OGH_3_SMORPG/Content/Maps/BaseMap_BuiltData.uasset'
[2018.04.03-08.12.30:613][ 83]LogSavePackage: Display: Finished SavePackage C:/Users/VaucouleurV/Documents/Unreal Projects/RPG_OGH_OGH_3_SMORPG/Content/Maps/BaseMap_BuiltData.uasset
[2018.04.03-08.12.31:383][109]LogSlate: FSceneViewport::OnFocusLost() reason 2
[2018.04.03-08.12.32:419][170]LogPlayLevel: PlayLevel: No blueprints needed recompiling
[2018.04.03-08.12.32:420][170]PIE: New page: PIE session: BaseMap (3 avr. 2018 12:12:32)
[2018.04.03-08.12.32:420][170]LogPlayLevel: Creating play world package: /Game/Maps/UEDPIE_0_BaseMap
[2018.04.03-08.12.32:423][170]LogPlayLevel: PIE: StaticDuplicateObject took: (0.002728s)
[2018.04.03-08.12.32:424][170]LogAIModule: Creating AISystem for world BaseMap
[2018.04.03-08.12.32:424][170]LogPlayLevel: PIE: World Init took: (0.001054s)
[2018.04.03-08.12.32:424][170]LogPlayLevel: PIE: Created PIE world by copying editor world from /Game/Maps/BaseMap.BaseMap to /Game/Maps/UEDPIE_0_BaseMap.BaseMap (0.004005s)
[2018.04.03-08.12.32:449][170]LogInit: XAudio2 using 'Haut-parleurs (Conexant ISST Audio)' : 2 channels at 48 kHz using 32 bits per sample (channel mask 0x3)
[2018.04.03-08.12.32:463][170]LogInit: FAudioDevice initialized.
[2018.04.03-08.12.32:467][170]LogSlate: FSceneViewport::OnFocusLost() reason 2
[2018.04.03-08.12.32:526][170]LogLoad: Game class is 'GameModeBase'
[2018.04.03-08.12.32:529][170]LogWorld: Bringing World /Game/Maps/UEDPIE_0_BaseMap.BaseMap up for play (max tick rate 60) at 2018.04.03-10.12.32
[2018.04.03-08.12.32:530][170]LogWorld: Bringing up level for play took: 0.001191
[2018.04.03-08.12.32:538][170]LogContentBrowser: Native class hierarchy updated for 'MovieSceneCapture' in 0.0006 seconds. Added 11 classes and 0 folders.
[2018.04.03-08.12.32:547][170]PIE: Play in editor start time for /Game/Maps/UEDPIE_0_BaseMap -0,577
[2018.04.03-08.12.34:730][282]LogSlate: Window 'RPG_OGH_OGH_3_SMORPG Game Preview Standalone (64-bit/PCD3D_SM5)' being destroyed
[2018.04.03-08.12.36:862][351]LogEditorViewport: Clicking on Actor (LMB): StaticMeshActor (Floor)
[2018.04.03-08.12.37:437][364]Cmd: DELETE
[2018.04.03-08.12.37:437][364]Cmd: ACTOR DELETE
[2018.04.03-08.12.37:450][364]LogEditorActor: Deleted Actor: StaticMeshActor
[2018.04.03-08.12.37:478][364]LogEditorActor: Deleted 1 Actors (0.039 secs)
[2018.04.03-08.12.40:019][446]LogSlate: FSceneViewport::OnFocusLost() reason 2
[2018.04.03-08.12.48:474][772]LogSlate: FSceneViewport::OnFocusLost() reason 0
[2018.04.03-08.12.51:969][860]LogSlate: Window 'Pick Parent Class' being destroyed
[2018.04.03-08.13.02:047][249]LogSlate: Window 'Pick Parent Class' being destroyed
[2018.04.03-08.13.07:972][410]LogSlate: Window 'Pick Parent Class' being destroyed
[2018.04.03-08.13.11:253][511]LogSlate: Prevented a slow task dialog from being summoned while a context menu was open
[2018.04.03-08.13.23:085][ 32]LogSlate: Only BGRA pngs, bmps or icos are supported in by External Image Picker
[2018.04.03-08.13.23:273][ 33]LogTemp: Executing iPhonePackager certificates Engine -bundlename com.YourCompany.RPGOGHOGH3SMORPG
[2018.04.03-08.13.23:273][ 33]LogTemp: CWD: F:\Epic Games\UE_4.19\Engine\Binaries\DotNET\IOS
[2018.04.03-08.13.23:273][ 33]LogTemp: Initial Dir: F:\Epic Games\UE_4.19
[2018.04.03-08.13.23:273][ 33]LogTemp: Env CWD: F:\Epic Games\UE_4.19\Engine\Binaries\DotNET\IOS
[2018.04.03-08.13.23:273][ 33]LogTemp: BranchPath = HPILLUMINATI/F/Epic Games/UE_4.19/Engine/Binaries --- GameBranchPath = HPILLUMINATI/F/Epic Games/UE_4.19/Engine/Binaries
[2018.04.03-08.13.23:273][ 33]LogTemp: IPP ERROR: Could not find provision directory 'C:\Users\VaucouleurV\AppData\Local/Apple Computer/MobileDevice/Provisioning Profiles/'.
[2018.04.03-08.14.14:584][637]LogSlate: Window 'Project Settings' being destroyed
[2018.04.03-08.14.14:593][637]LogSlate: Window 'Project Settings' being destroyed
[2018.04.03-08.14.17:453][683]LogSlate: Window 'Save Content' being destroyed
[2018.04.03-08.14.17:475][683]Cmd: OBJ SAVEPACKAGE PACKAGE="/Game/Blueprints/My_GM" FILE="C:/Users/VaucouleurV/Documents/Unreal Projects/RPG_OGH_OGH_3_SMORPG/Content/Blueprints/My_GM.uasset" SILENT=true
[2018.04.03-08.14.17:492][683]LogSavePackage: Save=11.34ms
[2018.04.03-08.14.17:492][683]LogSavePackage: Moving 'C:/Users/VaucouleurV/Documents/Unreal Projects/RPG_OGH_OGH_3_SMORPG/Saved/My_GMECDAE08246EFF16723278F82861D82A3.tmp' to 'C:/Users/VaucouleurV/Documents/Unreal Projects/RPG_OGH_OGH_3_SMORPG/Content/Blueprints/My_GM.uasset'
[2018.04.03-08.14.17:498][683]LogSavePackage: Display: Finished SavePackage C:/Users/VaucouleurV/Documents/Unreal Projects/RPG_OGH_OGH_3_SMORPG/Content/Blueprints/My_GM.uasset
[2018.04.03-08.14.17:503][683]Cmd: OBJ SAVEPACKAGE PACKAGE="/Game/Blueprints/My_PC" FILE="C:/Users/VaucouleurV/Documents/Unreal Projects/RPG_OGH_OGH_3_SMORPG/Content/Blueprints/My_PC.uasset" SILENT=true
[2018.04.03-08.14.17:515][683]LogSavePackage: Save=9.12ms
[2018.04.03-08.14.17:515][683]LogSavePackage: Moving 'C:/Users/VaucouleurV/Documents/Unreal Projects/RPG_OGH_OGH_3_SMORPG/Saved/My_PCFF4257694A33DECE1056A2BE09C378C8.tmp' to 'C:/Users/VaucouleurV/Documents/Unreal Projects/RPG_OGH_OGH_3_SMORPG/Content/Blueprints/My_PC.uasset'
[2018.04.03-08.14.17:521][683]LogSavePackage: Display: Finished SavePackage C:/Users/VaucouleurV/Documents/Unreal Projects/RPG_OGH_OGH_3_SMORPG/Content/Blueprints/My_PC.uasset
[2018.04.03-08.14.17:528][683]Cmd: OBJ SAVEPACKAGE PACKAGE="/Game/Blueprints/PlayerPawn" FILE="C:/Users/VaucouleurV/Documents/Unreal Projects/RPG_OGH_OGH_3_SMORPG/Content/Blueprints/PlayerPawn.uasset" SILENT=true
[2018.04.03-08.14.17:539][683]LogSavePackage: Save=8.09ms
[2018.04.03-08.14.17:539][683]LogSavePackage: Moving 'C:/Users/VaucouleurV/Documents/Unreal Projects/RPG_OGH_OGH_3_SMORPG/Saved/PlayerPawn9F27272549AFCFF554788C88871B52D3.tmp' to 'C:/Users/VaucouleurV/Documents/Unreal Projects/RPG_OGH_OGH_3_SMORPG/Content/Blueprints/PlayerPawn.uasset'
[2018.04.03-08.14.17:545][683]LogSavePackage: Display: Finished SavePackage C:/Users/VaucouleurV/Documents/Unreal Projects/RPG_OGH_OGH_3_SMORPG/Content/Blueprints/PlayerPawn.uasset
[2018.04.03-08.14.17:629][683]Cmd: OBJ SAVEPACKAGE PACKAGE="/Game/Maps/BaseMap" FILE="C:/Users/VaucouleurV/Documents/Unreal Projects/RPG_OGH_OGH_3_SMORPG/Content/Maps/BaseMap.umap" SILENT=true AUTOSAVING=false KEEPDIRTY=false
[2018.04.03-08.14.17:671][683]LogSavePackage: Save=24.78ms
[2018.04.03-08.14.17:671][683]LogSavePackage: Moving 'C:/Users/VaucouleurV/Documents/Unreal Projects/RPG_OGH_OGH_3_SMORPG/Saved/BaseMapC71BE55C438EB50A99B5D4B840C8AEAB.tmp' to 'C:/Users/VaucouleurV/Documents/Unreal Projects/RPG_OGH_OGH_3_SMORPG/Content/Maps/BaseMap.umap'
[2018.04.03-08.14.17:676][683]LogSavePackage: Display: Finished SavePackage C:/Users/VaucouleurV/Documents/Unreal Projects/RPG_OGH_OGH_3_SMORPG/Content/Maps/BaseMap.umap
[2018.04.03-08.14.17:689][683]LogFileHelpers: Saving map 'BaseMap' took 0.141
