Log file open, 04/09/18 11:45:25
LogWindows: Failed to load 'aqProf.dll' (GetLastError=126)
LogWindows: File 'aqProf.dll' does not exist
LogWindows: Failed to load 'VSPerf140.dll' (GetLastError=126)
LogWindows: File 'VSPerf140.dll' does not exist
LogWindows: Failed to load 'VtuneApi.dll' (GetLastError=126)
LogWindows: File 'VtuneApi.dll' does not exist
LogWindows: Failed to load 'VtuneApi32e.dll' (GetLastError=126)
LogWindows: File 'VtuneApi32e.dll' does not exist
LogInit: Display: Running engine for game: RPG_OGH_OGH_3_SMORPG
LogPlatformFile: Not using cached read wrapper
LogInit: Display: RandInit(-1737708069) SRandInit(-1737708068).
LogInit: Read version file with build ID '3944462'
LogInit: Overriding engine version to CL 3944462, compatible CL 3944462
LogInit: Registered custom module enumerator with build ID '3944462'
LogTaskGraph: Started task graph with 5 named threads and 11 total threads with 3 sets of task threads.
LogStats: Stats thread started at 0.210363
LogD3D11RHI: Aftermath initialized
LogICUInternationalization: Display: ICU TimeZone Detection - Raw Offset: +1:00, Platform Override: ''
LogModuleManager: Display: Found up-to-date module file C:/Users/VaucouleurV/Documents/Unreal Projects/RPG_OGH_OGH_3_SMORPG/Plugins/Designer/Binaries/Win64/UE4Editor-Designer.dll (API version 3944462).
LogPluginManager: Display: Disabled plugin 'VaRestPlugin', continuing.
LogModuleManager: Display: Found up-to-date module file ../../../Engine/Plugins/2D/Paper2D/Binaries/Win64/UE4Editor-Paper2D.dll (API version 3944462).
LogModuleManager: Display: Found up-to-date module file ../../../Engine/Plugins/2D/Paper2D/Binaries/Win64/UE4Editor-Paper2DEditor.dll (API version 3944462).
LogModuleManager: Display: Found up-to-date module file ../../../Engine/Plugins/2D/Paper2D/Binaries/Win64/UE4Editor-PaperSpriteSheetImporter.dll (API version 3944462).
LogModuleManager: Display: Found up-to-date module file ../../../Engine/Plugins/2D/Paper2D/Binaries/Win64/UE4Editor-PaperTiledImporter.dll (API version 3944462).
LogModuleManager: Display: Found up-to-date module file ../../../Engine/Plugins/2D/Paper2D/Binaries/Win64/UE4Editor-SmartSnapping.dll (API version 3944462).
LogModuleManager: Display: Found up-to-date module file ../../../Engine/Plugins/Blendables/LightPropagationVolume/Binaries/Win64/UE4Editor-LightPropagationVolumeRuntime.dll (API version 3944462).
LogModuleManager: Display: Found up-to-date module file ../../../Engine/Plugins/Blendables/LightPropagationVolume/Binaries/Win64/UE4Editor-LightPropagationVolumeEditor.dll (API version 3944462).
LogModuleManager: Display: Found up-to-date module file ../../../Engine/Plugins/Developer/CLionSourceCodeAccess/Binaries/Win64/UE4Editor-CLionSourceCodeAccess.dll (API version 3944462).
LogModuleManager: Display: Found up-to-date module file ../../../Engine/Plugins/Developer/GitSourceControl/Binaries/Win64/UE4Editor-GitSourceControl.dll (API version 3944462).
LogModuleManager: Display: Found up-to-date module file ../../../Engine/Plugins/Developer/PerforceSourceControl/Binaries/Win64/UE4Editor-PerforceSourceControl.dll (API version 3944462).
LogModuleManager: Display: Found up-to-date module file ../../../Engine/Plugins/Developer/SubversionSourceControl/Binaries/Win64/UE4Editor-SubversionSourceControl.dll (API version 3944462).
LogModuleManager: Display: Found up-to-date module file ../../../Engine/Plugins/Developer/UObjectPlugin/Binaries/Win64/UE4Editor-UObjectPlugin.dll (API version 3944462).
LogModuleManager: Display: Found up-to-date module file ../../../Engine/Plugins/Developer/VisualStudioCodeSourceCodeAccess/Binaries/Win64/UE4Editor-VisualStudioCodeSourceCodeAccess.dll (API version 3944462).
LogModuleManager: Display: Found up-to-date module file ../../../Engine/Plugins/Developer/VisualStudioSourceCodeAccess/Binaries/Win64/UE4Editor-VisualStudioSourceCodeAccess.dll (API version 3944462).
LogModuleManager: Display: Found up-to-date module file ../../../Engine/Plugins/Editor/AssetManagerEditor/Binaries/Win64/UE4Editor-AssetManagerEditor.dll (API version 3944462).
LogModuleManager: Display: Found up-to-date module file ../../../Engine/Plugins/Editor/CryptoKeys/Binaries/Win64/UE4Editor-CryptoKeys.dll (API version 3944462).
LogModuleManager: Display: Found up-to-date module file ../../../Engine/Plugins/Editor/CryptoKeys/Binaries/Win64/UE4Editor-CryptoKeysOpenSSL.dll (API version 3944462).
LogModuleManager: Display: Found up-to-date module file ../../../Engine/Plugins/Editor/DataValidation/Binaries/Win64/UE4Editor-DataValidation.dll (API version 3944462).
LogModuleManager: Display: Found up-to-date module file ../../../Engine/Plugins/Editor/FacialAnimation/Binaries/Win64/UE4Editor-FacialAnimation.dll (API version 3944462).
LogModuleManager: Display: Found up-to-date module file ../../../Engine/Plugins/Editor/FacialAnimation/Binaries/Win64/UE4Editor-FacialAnimationEditor.dll (API version 3944462).
LogModuleManager: Display: Found up-to-date module file ../../../Engine/Plugins/Editor/GameplayTagsEditor/Binaries/Win64/UE4Editor-GameplayTagsEditor.dll (API version 3944462).
LogModuleManager: Display: Found up-to-date module file ../../../Engine/Plugins/Editor/MobileLauncherProfileWizard/Binaries/Win64/UE4Editor-MobileLauncherProfileWizard.dll (API version 3944462).
LogModuleManager: Display: Found up-to-date module file ../../../Engine/Plugins/Editor/PluginBrowser/Binaries/Win64/UE4Editor-PluginBrowser.dll (API version 3944462).
LogModuleManager: Display: Found up-to-date module file ../../../Engine/Plugins/Editor/SpeedTreeImporter/Binaries/Win64/UE4Editor-SpeedTreeImporter.dll (API version 3944462).
LogModuleManager: Display: Found up-to-date module file ../../../Engine/Plugins/Enterprise/DatasmithContent/Binaries/Win64/UE4Editor-DatasmithContent.dll (API version 3944462).
LogModuleManager: Display: Found up-to-date module file ../../../Engine/Plugins/Experimental/AlembicImporter/Binaries/Win64/UE4Editor-AlembicImporter.dll (API version 3944462).
LogModuleManager: Display: Found up-to-date module file ../../../Engine/Plugins/Experimental/AlembicImporter/Binaries/Win64/UE4Editor-AlembicLibrary.dll (API version 3944462).
LogModuleManager: Display: Found up-to-date module file ../../../Engine/Plugins/Experimental/CharacterAI/Binaries/Win64/UE4Editor-CharacterAI.dll (API version 3944462).
LogModuleManager: Display: Found up-to-date module file ../../../Engine/Plugins/Experimental/HTML5Networking/Binaries/Win64/UE4Editor-HTML5Networking.dll (API version 3944462).
LogModuleManager: Display: Found up-to-date module file ../../../Engine/Plugins/Media/AndroidMedia/Binaries/Win64/UE4Editor-AndroidMediaEditor.dll (API version 3944462).
LogModuleManager: Display: Found up-to-date module file ../../../Engine/Plugins/Media/AndroidMedia/Binaries/Win64/UE4Editor-AndroidMediaFactory.dll (API version 3944462).
LogModuleManager: Display: Found up-to-date module file ../../../Engine/Plugins/Media/AvfMedia/Binaries/Win64/UE4Editor-AvfMediaEditor.dll (API version 3944462).
LogModuleManager: Display: Found up-to-date module file ../../../Engine/Plugins/Media/AvfMedia/Binaries/Win64/UE4Editor-AvfMediaFactory.dll (API version 3944462).
LogModuleManager: Display: Found up-to-date module file ../../../Engine/Plugins/Media/AvfMedia/Binaries/Win64/UE4Editor-AvfMediaFactory.dll (API version 3944462).
LogModuleManager: Display: Found up-to-date module file ../../../Engine/Plugins/Media/ImgMedia/Binaries/Win64/UE4Editor-ImgMedia.dll (API version 3944462).
LogModuleManager: Display: Found up-to-date module file ../../../Engine/Plugins/Media/ImgMedia/Binaries/Win64/UE4Editor-ImgMediaEditor.dll (API version 3944462).
LogModuleManager: Display: Found up-to-date module file ../../../Engine/Plugins/Media/ImgMedia/Binaries/Win64/UE4Editor-ImgMediaFactory.dll (API version 3944462).
LogModuleManager: Display: Found up-to-date module file ../../../Engine/Plugins/Media/ImgMedia/Binaries/Win64/UE4Editor-ImgMediaFactory.dll (API version 3944462).
LogModuleManager: Display: Found up-to-date module file ../../../Engine/Plugins/Media/ImgMedia/Binaries/Win64/UE4Editor-OpenExrWrapper.dll (API version 3944462).
LogModuleManager: Display: Found up-to-date module file ../../../Engine/Plugins/Media/LinearTimecode/Binaries/Win64/UE4Editor-LinearTimecode.dll (API version 3944462).
LogModuleManager: Display: Found up-to-date module file ../../../Engine/Plugins/Media/MediaCompositing/Binaries/Win64/UE4Editor-MediaCompositing.dll (API version 3944462).
LogModuleManager: Display: Found up-to-date module file ../../../Engine/Plugins/Media/MediaCompositing/Binaries/Win64/UE4Editor-MediaCompositingEditor.dll (API version 3944462).
LogModuleManager: Display: Found up-to-date module file ../../../Engine/Plugins/Media/MediaPlayerEditor/Binaries/Win64/UE4Editor-MediaPlayerEditor.dll (API version 3944462).
LogModuleManager: Display: Found up-to-date module file ../../../Engine/Plugins/Media/WmfMedia/Binaries/Win64/UE4Editor-WmfMedia.dll (API version 3944462).
LogModuleManager: Display: Found up-to-date module file ../../../Engine/Plugins/Media/WmfMedia/Binaries/Win64/UE4Editor-WmfMediaEditor.dll (API version 3944462).
LogModuleManager: Display: Found up-to-date module file ../../../Engine/Plugins/Media/WmfMedia/Binaries/Win64/UE4Editor-WmfMediaFactory.dll (API version 3944462).
LogModuleManager: Display: Found up-to-date module file ../../../Engine/Plugins/Media/WmfMedia/Binaries/Win64/UE4Editor-WmfMediaFactory.dll (API version 3944462).
LogModuleManager: Display: Found up-to-date module file ../../../Engine/Plugins/Messaging/TcpMessaging/Binaries/Win64/UE4Editor-TcpMessaging.dll (API version 3944462).
LogModuleManager: Display: Found up-to-date module file ../../../Engine/Plugins/Messaging/UdpMessaging/Binaries/Win64/UE4Editor-UdpMessaging.dll (API version 3944462).
LogModuleManager: Display: Found up-to-date module file ../../../Engine/Plugins/MovieScene/ActorSequence/Binaries/Win64/UE4Editor-ActorSequence.dll (API version 3944462).
LogModuleManager: Display: Found up-to-date module file ../../../Engine/Plugins/MovieScene/LevelSequenceEditor/Binaries/Win64/UE4Editor-LevelSequenceEditor.dll (API version 3944462).
LogModuleManager: Display: Found up-to-date module file ../../../Engine/Plugins/MovieScene/MatineeToLevelSequence/Binaries/Win64/UE4Editor-MatineeToLevelSequence.dll (API version 3944462).
LogModuleManager: Display: Found up-to-date module file ../../../Engine/Plugins/NetcodeUnitTest/NetcodeUnitTest/Binaries/Win64/UE4Editor-NetcodeUnitTest.dll (API version 3944462).
LogModuleManager: Display: Found up-to-date module file ../../../Engine/Plugins/NetcodeUnitTest/NUTUnrealEngine4/Binaries/Win64/UE4Editor-NUTUnrealEngine4.dll (API version 3944462).
LogModuleManager: Display: Found up-to-date module file ../../../Engine/Plugins/Online/OnlineSubsystem/Binaries/Win64/UE4Editor-OnlineSubsystem.dll (API version 3944462).
LogModuleManager: Display: Found up-to-date module file ../../../Engine/Plugins/Runtime/AndroidPermission/Binaries/Win64/UE4Editor-AndroidPermission.dll (API version 3944462).
LogModuleManager: Display: Found up-to-date module file ../../../Engine/Plugins/Online/OnlineSubsystemNull/Binaries/Win64/UE4Editor-OnlineSubsystemNull.dll (API version 3944462).
LogModuleManager: Display: Found up-to-date module file ../../../Engine/Plugins/Online/OnlineSubsystemUtils/Binaries/Win64/UE4Editor-OnlineSubsystemUtils.dll (API version 3944462).
LogModuleManager: Display: Found up-to-date module file ../../../Engine/Plugins/Online/OnlineSubsystemUtils/Binaries/Win64/UE4Editor-OnlineBlueprintSupport.dll (API version 3944462).
LogModuleManager: Display: Found up-to-date module file ../../../Engine/Plugins/Runtime/AndroidDeviceProfileSelector/Binaries/Win64/UE4Editor-AndroidDeviceProfileSelector.dll (API version 3944462).
LogModuleManager: Display: Found up-to-date module file ../../../Engine/Plugins/Runtime/AppleARKit/Binaries/Win64/UE4Editor-AppleARKit.dll (API version 3944462).
LogModuleManager: Display: Found up-to-date module file ../../../Engine/Plugins/Runtime/ProceduralMeshComponent/Binaries/Win64/UE4Editor-ProceduralMeshComponent.dll (API version 3944462).
LogModuleManager: Display: Found up-to-date module file ../../../Engine/Plugins/Runtime/ProceduralMeshComponent/Binaries/Win64/UE4Editor-ProceduralMeshComponentEditor.dll (API version 3944462).
LogModuleManager: Display: Found up-to-date module file ../../../Engine/Plugins/Animation/LiveLink/Binaries/Win64/UE4Editor-LiveLink.dll (API version 3944462).
LogModuleManager: Display: Found up-to-date module file ../../../Engine/Plugins/Animation/LiveLink/Binaries/Win64/UE4Editor-LiveLinkEditor.dll (API version 3944462).
LogModuleManager: Display: Found up-to-date module file ../../../Engine/Plugins/Runtime/ArchVisCharacter/Binaries/Win64/UE4Editor-ArchVisCharacter.dll (API version 3944462).
LogModuleManager: Display: Found up-to-date module file ../../../Engine/Plugins/Runtime/AudioCapture/Binaries/Win64/UE4Editor-AudioCapture.dll (API version 3944462).
LogModuleManager: Display: Found up-to-date module file ../../../Engine/Plugins/Runtime/AudioCapture/Binaries/Win64/UE4Editor-AudioCaptureEditor.dll (API version 3944462).
LogModuleManager: Display: Found up-to-date module file ../../../Engine/Plugins/Runtime/CableComponent/Binaries/Win64/UE4Editor-CableComponent.dll (API version 3944462).
LogModuleManager: Display: Found up-to-date module file ../../../Engine/Plugins/Runtime/CustomMeshComponent/Binaries/Win64/UE4Editor-CustomMeshComponent.dll (API version 3944462).
LogModuleManager: Display: Found up-to-date module file ../../../Engine/Plugins/Runtime/ExampleDeviceProfileSelector/Binaries/Win64/UE4Editor-ExampleDeviceProfileSelector.dll (API version 3944462).
LogModuleManager: Display: Found up-to-date module file ../../../Engine/Plugins/Runtime/ImmediatePhysics/Binaries/Win64/UE4Editor-ImmediatePhysics.dll (API version 3944462).
LogModuleManager: Display: Found up-to-date module file ../../../Engine/Plugins/Runtime/ImmediatePhysics/Binaries/Win64/UE4Editor-ImmediatePhysicsEditor.dll (API version 3944462).
LogModuleManager: Display: Found up-to-date module file ../../../Engine/Plugins/Runtime/LocationServicesBPLibrary/Binaries/Win64/UE4Editor-LocationServicesBPLibrary.dll (API version 3944462).
LogModuleManager: Display: Found up-to-date module file ../../../Engine/Plugins/Runtime/MobilePatchingUtils/Binaries/Win64/UE4Editor-MobilePatchingUtils.dll (API version 3944462).
LogModuleManager: Display: Found up-to-date module file ../../../Engine/Plugins/Runtime/Oculus/OculusVR/Binaries/Win64/UE4Editor-OculusHMD.dll (API version 3944462).
LogModuleManager: Display: Found up-to-date module file ../../../Engine/Plugins/Runtime/Oculus/OculusVR/Binaries/Win64/UE4Editor-OculusInput.dll (API version 3944462).
LogModuleManager: Display: Found up-to-date module file ../../../Engine/Plugins/Runtime/Oculus/OculusVR/Binaries/Win64/UE4Editor-OculusEditor.dll (API version 3944462).
LogModuleManager: Display: Found up-to-date module file ../../../Engine/Plugins/Runtime/PhysXVehicles/Binaries/Win64/UE4Editor-PhysXVehicles.dll (API version 3944462).
LogModuleManager: Display: Found up-to-date module file ../../../Engine/Plugins/Runtime/PhysXVehicles/Binaries/Win64/UE4Editor-PhysXVehiclesEditor.dll (API version 3944462).
LogModuleManager: Display: Found up-to-date module file ../../../Engine/Plugins/Runtime/RuntimePhysXCooking/Binaries/Win64/UE4Editor-RuntimePhysXCooking.dll (API version 3944462).
LogModuleManager: Display: Found up-to-date module file ../../../Engine/Plugins/Runtime/Steam/SteamVR/Binaries/Win64/UE4Editor-SteamVR.dll (API version 3944462).
LogModuleManager: Display: Found up-to-date module file ../../../Engine/Plugins/Runtime/Steam/SteamVR/Binaries/Win64/UE4Editor-SteamVRController.dll (API version 3944462).
LogModuleManager: Display: Found up-to-date module file ../../../Engine/Plugins/Runtime/WindowsMoviePlayer/Binaries/Win64/UE4Editor-WindowsMoviePlayer.dll (API version 3944462).
LogPluginManager: Mounting plugin Paper2D
LogPluginManager: Mounting plugin LiveLink
LogPluginManager: Mounting plugin LightPropagationVolume
LogPluginManager: Mounting plugin Designer
LogPluginManager: Mounting plugin CLionSourceCodeAccess
LogPluginManager: Mounting plugin CodeLiteSourceCodeAccess
LogPluginManager: Mounting plugin GitSourceControl
LogPluginManager: Mounting plugin KDevelopSourceCodeAccess
LogPluginManager: Mounting plugin NullSourceCodeAccess
LogPluginManager: Mounting plugin PerforceSourceControl
LogPluginManager: Mounting plugin SubversionSourceControl
LogPluginManager: Mounting plugin UObjectPlugin
LogPluginManager: Mounting plugin VisualStudioCodeSourceCodeAccess
LogPluginManager: Mounting plugin VisualStudioSourceCodeAccess
LogPluginManager: Mounting plugin XCodeSourceCodeAccess
LogPluginManager: Mounting plugin AssetManagerEditor
LogPluginManager: Mounting plugin CryptoKeys
LogPluginManager: Mounting plugin DataValidation
LogPluginManager: Mounting plugin FacialAnimation
LogPluginManager: Mounting plugin GameplayTagsEditor
LogPluginManager: Mounting plugin MobileLauncherProfileWizard
LogPluginManager: Mounting plugin PluginBrowser
LogPluginManager: Mounting plugin SpeedTreeImporter
LogPluginManager: Mounting plugin DatasmithContent
LogPluginManager: Mounting plugin AlembicImporter
LogPluginManager: Mounting plugin CharacterAI
LogPluginManager: Mounting plugin HTML5Networking
LogPluginManager: Mounting plugin AndroidMedia
LogPluginManager: Mounting plugin AvfMedia
LogPluginManager: Mounting plugin ImgMedia
LogPluginManager: Mounting plugin LinearTimecode
LogPluginManager: Mounting plugin MediaCompositing
LogPluginManager: Mounting plugin MediaPlayerEditor
LogPluginManager: Mounting plugin WmfMedia
LogPluginManager: Mounting plugin TcpMessaging
LogPluginManager: Mounting plugin UdpMessaging
LogPluginManager: Mounting plugin ActorSequence
LogPluginManager: Mounting plugin LevelSequenceEditor
LogPluginManager: Mounting plugin MatineeToLevelSequence
LogPluginManager: Mounting plugin NetcodeUnitTest
LogPluginManager: Mounting plugin NUTUnrealEngine4
LogPluginManager: Mounting plugin OnlineSubsystemGooglePlay
LogPluginManager: Mounting plugin OnlineSubsystemIOS
LogPluginManager: Mounting plugin OnlineSubsystem
LogPluginManager: Mounting plugin OnlineSubsystemNull
LogPluginManager: Mounting plugin OnlineSubsystemUtils
LogPluginManager: Mounting plugin AndroidDeviceProfileSelector
LogPluginManager: Mounting plugin AndroidMoviePlayer
LogPluginManager: Mounting plugin AndroidPermission
LogPluginManager: Mounting plugin AppleARKit
LogPluginManager: Mounting plugin AppleMoviePlayer
LogPluginManager: Mounting plugin ArchVisCharacter
LogPluginManager: Mounting plugin AudioCapture
LogPluginManager: Mounting plugin CableComponent
LogPluginManager: Mounting plugin CustomMeshComponent
LogPluginManager: Mounting plugin ExampleDeviceProfileSelector
LogPluginManager: Mounting plugin GoogleCloudMessaging
LogPluginManager: Mounting plugin ImmediatePhysics
LogPluginManager: Mounting plugin IOSDeviceProfileSelector
LogPluginManager: Mounting plugin LinuxDeviceProfileSelector
LogPluginManager: Mounting plugin LocationServicesBPLibrary
LogPluginManager: Mounting plugin MobilePatchingUtils
LogPluginManager: Mounting plugin OculusVR
LogPluginManager: Plugin shader directory ../../../Engine/Plugins/Runtime/Oculus/OculusVR/Shaders found
LogPluginManager: Mapping shader source directory ../../../Engine/Plugins/Runtime/Oculus/OculusVR/Shaders to virtual directory /Plugin/OculusVR
LogPluginManager: Mounting plugin PhysXVehicles
LogPluginManager: Mounting plugin ProceduralMeshComponent
LogPluginManager: Mounting plugin RuntimePhysXCooking
LogPluginManager: Mounting plugin SteamVR
LogPluginManager: Mounting plugin WindowsMoviePlayer
LogStreaming: Display: Took 11.151s to configure plugins.
LogInit: Using libcurl 7.47.1
LogInit:  - built for x86_64-pc-win32
LogInit:  - supports SSL with OpenSSL/1.0.2g
LogInit:  - supports HTTP deflate (compression) using libz 1.2.8
LogInit:  - other features:
LogInit:      CURL_VERSION_SSL
LogInit:      CURL_VERSION_LIBZ
LogInit:      CURL_VERSION_IPV6
LogInit:      CURL_VERSION_ASYNCHDNS
LogInit:      CURL_VERSION_LARGEFILE
LogInit:      CURL_VERSION_IDN
LogInit:  CurlRequestOptions (configurable via config and command line):
LogInit:  - bVerifyPeer = false  - Libcurl will NOT verify peer certificate
LogInit:  - bUseHttpProxy = false  - Libcurl will NOT use HTTP proxy
LogInit:  - bDontReuseConnections = false  - Libcurl will reuse connections
LogInit:  - CertBundlePath = nullptr  - Libcurl will use whatever was configured at build time.
LogInit:  - MaxHostConnections = 16  - Libcurl will limit the number of connections to a host
LogInit:  - LocalHostAddr = Default
LogInit: WinSock: version 1.1 (2.2), MaxSocks=32767, MaxUdp=65467
LogInit: WinSock: I am HPIlluminati (192.168.43.28:0)
LogInit: Build: ++UE4+Release-4.19-CL-3944462
LogInit: Engine Version: 4.19.0-3944462+++UE4+Release-4.19
LogInit: Compatible Engine Version: 4.19.0-3944462+++UE4+Release-4.19
LogInit: Net CL: 3944462
LogDevObjectVersion: Number of dev versions registered: 18
LogDevObjectVersion:   Dev-Blueprints (B0D832E4-1F89-4F0D-ACCF-7EB736FD4AA2): 10
LogDevObjectVersion:   Dev-Build (E1C64328-A22C-4D53-A36C-8E866417BD8C): 0
LogDevObjectVersion:   Dev-Core (375EC13C-06E4-48FB-B500-84F0262A717E): 2
LogDevObjectVersion:   Dev-Editor (E4B068ED-F494-42E9-A231-DA0B2E46BB41): 23
LogDevObjectVersion:   Dev-Framework (CFFC743F-43B0-4480-9391-14DF171D2073): 33
LogDevObjectVersion:   Dev-Mobile (B02B49B5-BB20-44E9-A304-32B752E40360): 2
LogDevObjectVersion:   Dev-Networking (A4E4105C-59A1-49B5-A7C5-40C4547EDFEE): 0
LogDevObjectVersion:   Dev-Online (39C831C9-5AE6-47DC-9A44-9C173E1C8E7C): 0
LogDevObjectVersion:   Dev-Physics (78F01B33-EBEA-4F98-B9B4-84EACCB95AA2): 0
LogDevObjectVersion:   Dev-Platform (6631380F-2D4D-43E0-8009-CF276956A95A): 0
LogDevObjectVersion:   Dev-Rendering (12F88B9F-8875-4AFC-A67C-D90C383ABD29): 25
LogDevObjectVersion:   Dev-Sequencer (7B5AE74C-D270-4C10-A958-57980B212A5A): 6
LogDevObjectVersion:   Dev-VR (D7296918-1DD6-4BDD-9DE2-64A83CC13884): 1
LogDevObjectVersion:   Dev-LoadTimes (C2A15278-BFE7-4AFE-6C17-90FF531DF755): 1
LogDevObjectVersion:   Private-Geometry (6EACA3D4-40EC-4CC1-B786-8BED09428FC5): 2
LogDevObjectVersion:   Dev-AnimPhys (29E575DD-E0A3-4627-9D10-D276232CDCEA): 16
LogDevObjectVersion:   Dev-ReflectionCapture (6B266CEC-1EC7-4B8F-A30B-E4D90942FC07): 1
LogDevObjectVersion:   Dev-Automation (0DF73D61-A23F-47EA-B727-89E90C41499A): 1
LogInit: Compiled (64-bit): Mar 13 2018 23:12:32
LogInit: Compiled with Visual C++: 19.00.24215.01
LogInit: Build Configuration: Development
LogInit: Branch Name: ++UE4+Release-4.19
LogInit: Command Line:  
LogInit: Base Directory: F:/Epic Games/UE_4.19/Engine/Binaries/Win64/
LogInit: Installed Engine Build: 1
LogStreaming: Display: Took  0.015s to delete old logs.
LogInit: Presizing for max 8388607 objects, including 0 objects not considered by GC, pre-allocating 0 bytes for permanent pool.
LogInit: Object subsystem initialized
[2018.04.09-09.45.37:250][  0]LogInit: Selected Device Profile: [Windows]
[2018.04.09-09.45.37:250][  0]LogInit: Applying CVar settings loaded from the selected device profile: [Windows]
[2018.04.09-09.45.37:271][  0]LogInit: Computer: HPILLUMINATI
[2018.04.09-09.45.37:271][  0]LogInit: User: VaucouleurV
[2018.04.09-09.45.37:271][  0]LogInit: CPU Page size=4096, Cores=2
[2018.04.09-09.45.37:271][  0]LogInit: High frequency timer resolution =2.531248 MHz
[2018.04.09-09.45.37:272][  0]LogMemory: Memory total: Physical=7.9GB (8GB approx)
[2018.04.09-09.45.37:272][  0]LogMemory: Platform Memory Stats for Windows
[2018.04.09-09.45.37:272][  0]LogMemory: Process Physical Memory: 278.28 MB used, 278.28 MB peak
[2018.04.09-09.45.37:272][  0]LogMemory: Process Virtual Memory: 276.59 MB used, 276.59 MB peak
[2018.04.09-09.45.37:272][  0]LogMemory: Physical Memory: 5515.48 MB used,  2557.12 MB free, 8072.59 MB total
[2018.04.09-09.45.37:272][  0]LogMemory: Virtual Memory: 663.32 MB used,  2557.12 MB free, 134217728.00 MB total
[2018.04.09-09.45.37:317][  0]LogInit: Using OS detected language (fr-FR).
[2018.04.09-09.45.37:317][  0]LogInit: Using OS detected locale (fr-FR).
[2018.04.09-09.45.37:326][  0]LogTextLocalizationManager: No localization for 'fr-FR' exists, so 'en' will be used for the language.
[2018.04.09-09.45.38:091][  0]LogStreaming: Display: Took  0.774s to EndInitTextLocalization.
[2018.04.09-09.45.38:091][  0]LogInit: Setting process to per monitor DPI aware
[2018.04.09-09.45.38:138][  0]LogSlate: New Slate User Created.  User Index 0, Is Virtual User: 0
[2018.04.09-09.45.38:138][  0]LogSlate: Slate User Registered.  User Index 0, Is Virtual User: 0
[2018.04.09-09.45.38:640][  0]LogD3D11RHI: D3D11 adapters:
[2018.04.09-09.45.38:722][  0]LogD3D11RHI:    0. 'Intel(R) HD Graphics 520' (Feature Level 11_0)
[2018.04.09-09.45.38:722][  0]LogD3D11RHI:       128/0/4036 MB DedicatedVideo/DedicatedSystem/SharedSystem, Outputs:1, VendorId:0x8086
[2018.04.09-09.45.38:725][  0]LogD3D11RHI:    1. 'Microsoft Basic Render Driver' (Feature Level 11_0)
[2018.04.09-09.45.38:725][  0]LogD3D11RHI:       0/0/4036 MB DedicatedVideo/DedicatedSystem/SharedSystem, Outputs:0, VendorId:0x1414
[2018.04.09-09.45.38:725][  0]LogD3D11RHI: Chosen D3D11 Adapter: 0
[2018.04.09-09.45.38:734][  0]LogD3D11RHI: Creating new Direct3DDevice
[2018.04.09-09.45.38:734][  0]LogD3D11RHI:     GPU DeviceId: 0x1916 (for the marketing name, search the web for "GPU Device Id")
[2018.04.09-09.45.38:734][  0]LogWindows: EnumDisplayDevices:
[2018.04.09-09.45.38:734][  0]LogWindows:    0. 'Intel(R) HD Graphics 520' (P:1 D:1)
[2018.04.09-09.45.38:735][  0]LogWindows:    1. 'Intel(R) HD Graphics 520' (P:0 D:0)
[2018.04.09-09.45.38:735][  0]LogWindows:    2. 'Intel(R) HD Graphics 520' (P:0 D:0)
[2018.04.09-09.45.38:736][  0]LogWindows: DebugString: FoundDriverCount:3 
[2018.04.09-09.45.38:736][  0]LogD3D11RHI:     Adapter Name: Intel(R) HD Graphics 520
[2018.04.09-09.45.38:736][  0]LogD3D11RHI:   Driver Version: 23.20.16.4877 (internal:23.20.16.4877, unified:23.20.16.4877)
[2018.04.09-09.45.38:736][  0]LogD3D11RHI:      Driver Date: 12-1-2017
[2018.04.09-09.45.38:736][  0]LogRHI: Texture pool is 1502 MB (70% of 2146 MB)
[2018.04.09-09.45.38:810][  0]LogD3D11RHI: Async texture creation enabled
[2018.04.09-09.45.38:820][  0]LogD3D11RHI: GPU Timing Frequency: 12.000048 (Debug: 2 0)
[2018.04.09-09.45.38:821][  0]LogShaderCompilers: Guid format shader working directory is -16 characters bigger than the processId version (C:/Users/VaucouleurV/Documents/Unreal Projects/RPG_OGH_OGH_3_SMORPG/Intermediate/Shaders/WorkingDirectory/12172/).
[2018.04.09-09.45.38:822][  0]LogShaderCompilers: Cleaned the shader compiler working directory 'C:/Users/VaucouleurV/AppData/Local/Temp/UnrealShaderWorkingDir/2766F614449CF4DE42B4E9BDBC7DF54D/'.
[2018.04.09-09.45.39:289][  0]LogTemp: Display: Loaded TP AllDesktopTargetPlatform
[2018.04.09-09.45.39:318][  0]LogTemp: Display: Loaded TP MacClientTargetPlatform
[2018.04.09-09.45.39:350][  0]LogTemp: Display: Loaded TP MacNoEditorTargetPlatform
[2018.04.09-09.45.39:383][  0]LogTemp: Display: Loaded TP MacServerTargetPlatform
[2018.04.09-09.45.39:415][  0]LogTemp: Display: Loaded TP MacTargetPlatform
[2018.04.09-09.45.39:447][  0]LogTemp: Display: Loaded TP WindowsClientTargetPlatform
[2018.04.09-09.45.39:479][  0]LogTemp: Display: Loaded TP WindowsNoEditorTargetPlatform
[2018.04.09-09.45.39:510][  0]LogTemp: Display: Loaded TP WindowsServerTargetPlatform
[2018.04.09-09.45.39:526][  0]LogTemp: Display: Loaded TP WindowsTargetPlatform
[2018.04.09-09.45.39:555][  0]LogTemp: Display: Loaded TP Android_ASTCTargetPlatform
[2018.04.09-09.45.39:584][  0]LogTemp: Display: Loaded TP Android_ATCTargetPlatform
[2018.04.09-09.45.39:613][  0]LogTemp: Display: Loaded TP Android_DXTTargetPlatform
[2018.04.09-09.45.39:641][  0]LogTemp: Display: Loaded TP Android_ETC1aTargetPlatform
[2018.04.09-09.45.39:667][  0]LogTemp: Display: Loaded TP Android_ETC1TargetPlatform
[2018.04.09-09.45.39:693][  0]LogTemp: Display: Loaded TP Android_ETC2TargetPlatform
[2018.04.09-09.45.39:750][  0]LogTemp: Display: Loaded TP Android_MultiTargetPlatform
[2018.04.09-09.45.39:750][  0]LogTemp: Display: Loaded TP Android_PVRTCTargetPlatform
[2018.04.09-09.45.39:780][  0]LogTemp: Display: Loaded TP AndroidTargetPlatform
[2018.04.09-09.45.39:783][  0]LogTemp: Display: Loaded TP HTML5TargetPlatform
[2018.04.09-09.45.39:835][  0]LogTemp: Display: Loaded TP IOSTargetPlatform
[2018.04.09-09.45.39:866][  0]LogTemp: Display: Loaded TP TVOSTargetPlatform
[2018.04.09-09.45.39:896][  0]LogTemp: Display: Loaded TP LinuxClientTargetPlatform
[2018.04.09-09.45.39:921][  0]LogTemp: Display: Loaded TP LinuxNoEditorTargetPlatform
[2018.04.09-09.45.39:951][  0]LogTemp: Display: Loaded TP LinuxServerTargetPlatform
[2018.04.09-09.45.39:980][  0]LogTemp: Display: Loaded TP LinuxTargetPlatform
[2018.04.09-09.45.39:980][  0]LogTargetPlatformManager: Display: Building Assets For Windows
[2018.04.09-09.45.40:236][  0]LogXGEController: Cleaning working directory: C:/Users/VaucouleurV/AppData/Local/Temp/UnrealXGEWorkingDir/
[2018.04.09-09.45.40:236][  0]LogXGEController: Cannot use XGE Controller as Incredibuild is not installed on this machine.
[2018.04.09-09.45.40:236][  0]LogShaderCompilers: Cannot use XGE Shader Compiler as Incredibuild is not installed on this machine.
[2018.04.09-09.45.40:236][  0]LogShaderCompilers: Display: Using Local Shader Compiler.
[2018.04.09-09.45.41:691][  0]LogDerivedDataCache: Display: Max Cache Size: 512 MB
[2018.04.09-09.45.41:796][  0]LogDerivedDataCache: Loaded boot cache 0.11s 74MB C:/Users/VaucouleurV/AppData/Local/UnrealEngine/4.19/DerivedDataCache/Boot.ddc.
[2018.04.09-09.45.41:796][  0]LogDerivedDataCache: Display: Loaded Boot cache: C:/Users/VaucouleurV/AppData/Local/UnrealEngine/4.19/DerivedDataCache/Boot.ddc
[2018.04.09-09.45.41:797][  0]LogDerivedDataCache: FDerivedDataBackendGraph:  Pak pak cache file C:/Users/VaucouleurV/Documents/Unreal Projects/RPG_OGH_OGH_3_SMORPG/DerivedDataCache/DDC.ddp not found, will not use a pak cache.
[2018.04.09-09.45.41:797][  0]LogDerivedDataCache: Unable to find inner node Pak for hierarchical cache Hierarchy.
[2018.04.09-09.45.41:797][  0]LogDerivedDataCache: FDerivedDataBackendGraph:  CompressedPak pak cache file C:/Users/VaucouleurV/Documents/Unreal Projects/RPG_OGH_OGH_3_SMORPG/DerivedDataCache/Compressed.ddp not found, will not use a pak cache.
[2018.04.09-09.45.41:797][  0]LogDerivedDataCache: Unable to find inner node CompressedPak for hierarchical cache Hierarchy.
[2018.04.09-09.45.41:844][  0]LogDerivedDataCache: Display: Pak cache opened for reading ../../../Engine/DerivedDataCache/Compressed.ddp.
[2018.04.09-09.45.41:859][  0]LogDerivedDataCache: Using Local data cache path C:/Users/VaucouleurV/AppData/Local/UnrealEngine/Common/DerivedDataCache: Writable
[2018.04.09-09.45.41:884][  0]LogMaterial: Verifying Global Shaders for PCD3D_SM5
[2018.04.09-09.45.41:884][  0]LogSlate: Using Freetype 2.6.0
[2018.04.09-09.45.41:885][  0]LogSlate: SlateFontCache - WITH_FREETYPE: 1, WITH_HARFBUZZ: 1
[2018.04.09-09.45.41:885][  0]LogSlate: SlateFontCache - WITH_FREETYPE: 1, WITH_HARFBUZZ: 1
[2018.04.09-09.45.42:127][  0]LogAssetRegistry: FAssetRegistry took 0.0327 seconds to start up
[2018.04.09-09.45.42:854][  0]LogInit: Selected Device Profile: [Windows]
[2018.04.09-09.45.43:183][  0]LogSimplygon: Simplygon DLL not present - disabling.
[2018.04.09-09.45.43:190][  0]LogMeshReduction: Using SimplygonSwarm for distributed automatic mesh merging
[2018.04.09-09.45.43:190][  0]LogMeshReduction: Using QuadricMeshReduction for automatic static mesh reduction
[2018.04.09-09.45.43:190][  0]LogMeshReduction: No automatic skeletal mesh reduction module available
[2018.04.09-09.45.43:190][  0]LogMeshReduction: No automatic mesh merging module available
[2018.04.09-09.45.43:190][  0]LogMeshMerging: No automatic mesh merging module available
[2018.04.09-09.45.43:261][  0]LogNetVersion: RPG_OGH_OGH_3_SMORPG , NetCL: 3944462, EngineNetVer: 2, GameNetVer: 0 (Checksum: 1955048836)
[2018.04.09-09.45.44:119][  0]LogPackageLocalizationCache: Processed 10 localized package path(s) for 1 prioritized culture(s) in 0.095754 seconds
[2018.04.09-09.45.44:129][  0]LogUObjectArray: 36729 objects as part of root set at end of initial load.
[2018.04.09-09.45.44:129][  0]LogUObjectAllocator: 7314536 out of 0 bytes used by permanent object pool.
[2018.04.09-09.45.44:129][  0]LogUObjectArray: CloseDisregardForGC: 0/0 objects in disregard for GC pool
[2018.04.09-09.45.47:922][  0]LogTcpMessaging: Initializing TcpMessaging bridge
[2018.04.09-09.45.47:990][  0]LogUdpMessaging: Initializing bridge on interface 0.0.0.0:0 to multicast group 230.0.0.1:6666.
[2018.04.09-09.45.48:986][  0]SourceControl: Source control is disabled
[2018.04.09-09.45.48:987][  0]SourceControl: Source control is disabled
[2018.04.09-09.45.49:041][  0]SourceControl: Source control is disabled
[2018.04.09-09.45.49:096][  0]SourceControl: Source control is disabled
[2018.04.09-09.45.50:420][  0]LogAndroidPermission: UAndroidPermissionCallbackProxy::GetInstance
[2018.04.09-09.45.50:865][  0]LogOcInput: OculusInput pre-init called
[2018.04.09-09.45.51:128][  0]LogEngine: Initializing Engine...
[2018.04.09-09.45.51:131][  0]LogHMD: Failed to initialize OpenVR with code 110
[2018.04.09-09.45.51:136][  0]LogStats: UGameplayTagsManager::ConstructGameplayTagTree: Construct from data asset -  0.000 s
[2018.04.09-09.45.51:136][  0]LogStats: UGameplayTagsManager::ConstructGameplayTagTree: GameplayTagTreeChangedEvent.Broadcast -  0.000 s
[2018.04.09-09.45.51:619][  0]LogAIModule: Creating AISystem for world Untitled
[2018.04.09-09.45.51:642][  0]LogInit: XAudio2 using 'Haut-parleurs (Conexant ISST Audio)' : 2 channels at 48 kHz using 32 bits per sample (channel mask 0x3)
[2018.04.09-09.45.51:745][  0]LogInit: FAudioDevice initialized.
[2018.04.09-09.45.51:866][  0]LogDerivedDataCache: Saved boot cache 0.12s 74MB C:/Users/VaucouleurV/AppData/Local/UnrealEngine/4.19/DerivedDataCache/Boot.ddc.
[2018.04.09-09.45.51:871][  0]LogInit: Texture streaming: Enabled
[2018.04.09-09.45.51:911][  0]LogEngineSessionManager: EngineSessionManager initialized
[2018.04.09-09.45.51:939][  0]LogInit: Transaction tracking system initialized
[2018.04.09-09.45.51:992][  0]BlueprintLog: New page: Editor Load
[2018.04.09-09.45.52:156][  0]LocalizationService: Localization service is disabled
[2018.04.09-09.45.52:917][  0]LogConsoleResponse: Display: 
[2018.04.09-09.45.53:218][  0]LogCook: Display: Max memory allowance for cook 16384mb min free memory 0mb
[2018.04.09-09.45.53:218][  0]LogCook: Display: Mobile HDR setting 1
[2018.04.09-09.45.53:218][  0]LogGameplayTags: Display: UGameplayTagsManager::DoneAddingNativeTags. DelegateIsBound: 0
[2018.04.09-09.45.53:218][  0]LogStats: UGameplayTagsManager::ConstructGameplayTagTree: Construct from data asset -  0.000 s
[2018.04.09-09.45.53:218][  0]LogStats: UGameplayTagsManager::ConstructGameplayTagTree: GameplayTagTreeChangedEvent.Broadcast -  0.000 s
[2018.04.09-09.45.53:341][  0]LogFileCache: Scanning file cache for directory 'C:/Users/VaucouleurV/Documents/Unreal Projects/RPG_OGH_OGH_3_SMORPG/Content/' took 0.03s
[2018.04.09-09.45.54:235][  0]SourceControl: Source control is disabled
[2018.04.09-09.45.54:235][  0]Cmd: MAP LOAD FILE="C:/Users/VaucouleurV/Documents/Unreal Projects/RPG_OGH_OGH_3_SMORPG/Content/Maps/BaseMap.umap" TEMPLATE=0 SHOWPROGRESS=1 FEATURELEVEL=3
[2018.04.09-09.45.54:236][  0]LightingResults: New page: Lighting Build
[2018.04.09-09.45.54:241][  0]MapCheck: New page: Map Check
[2018.04.09-09.45.54:241][  0]LightingResults: New page: Lighting Build
[2018.04.09-09.45.54:744][  0]LogBlueprint: Warning: [Compiler My_Player] Get : 'Level' variable not found. Base class was probably changed. /Game/Blueprints/My_Player.My_Player
[2018.04.09-09.45.54:744][  0]LogBlueprint: Warning: [Compiler My_Player] Get : 'MaxXp' variable not found. Base class was probably changed. /Game/Blueprints/My_Player.My_Player
[2018.04.09-09.45.54:801][  0]LogBlueprint: Warning: [Compiler My_Player] [0031,40] Compile of My_Player successful, but with 2 Warning(s) [in 68 ms] (/Game/Blueprints/My_Player.My_Player)
[2018.04.09-09.45.56:660][  0]LogAIModule: Creating AISystem for world BaseMap
[2018.04.09-09.45.56:818][  0]LogEditorServer: Finished looking for orphan Actors (0.000 secs)
[2018.04.09-09.45.56:879][  0]Cmd: MAP CHECKDEP NOCLEARLOG
[2018.04.09-09.45.56:996][  0]MapCheck: Map check complete: 0 Error(s), 0 Warning(s), took 117,1ms to complete.
[2018.04.09-09.45.56:996][  0]LogFileHelpers: Loading map 'BaseMap' took 2.761
[2018.04.09-09.45.57:055][  0]LogWindowsTextInputMethodSystem: Display: IME system now deactivated.
[2018.04.09-09.45.57:166][  0]LogCollectionManager: Loaded 0 collections in 0.002720 seconds
[2018.04.09-09.45.57:213][  0]LogFileCache: Scanning file cache for directory 'C:/Users/VaucouleurV/Documents/Unreal Projects/RPG_OGH_OGH_3_SMORPG/Saved/Collections/' took 0.01s
[2018.04.09-09.45.57:213][  0]LogFileCache: Scanning file cache for directory 'C:/Users/VaucouleurV/Documents/Unreal Projects/RPG_OGH_OGH_3_SMORPG/Content/Developers/VaucouleurV/Collections/' took 0.01s
[2018.04.09-09.45.57:213][  0]LogFileCache: Scanning file cache for directory 'C:/Users/VaucouleurV/Documents/Unreal Projects/RPG_OGH_OGH_3_SMORPG/Content/Collections/' took 0.01s
[2018.04.09-09.45.57:213][  0]LogCollectionManager: Rebuilt the GUID cache for 0 collections in 0.000001 seconds
[2018.04.09-09.45.57:230][  0]LogContentBrowser: Native class hierarchy populated in 0.0170 seconds. Added 2453 classes and 561 folders.
[2018.04.09-09.45.57:239][  0]LogContentBrowser: Native class hierarchy updated for 'WidgetCarousel' in 0.0003 seconds. Added 0 classes and 0 folders.
[2018.04.09-09.45.57:345][  0]LogContentBrowser: Native class hierarchy updated for 'AddContentDialog' in 0.0006 seconds. Added 0 classes and 0 folders.
[2018.04.09-09.45.57:351][  0]LogContentBrowser: Native class hierarchy updated for 'SceneOutliner' in 0.0003 seconds. Added 1 classes and 2 folders.
[2018.04.09-09.45.57:641][  0]LogSlate: Took 0.000729 seconds to synchronously load lazily loaded font '../../../Engine/Content/Slate/Fonts/Roboto-Regular.ttf' (155K)
[2018.04.09-09.45.57:645][  0]LogSlate: Took 0.000330 seconds to synchronously load lazily loaded font '../../../Engine/Content/Slate/Fonts/Roboto-Bold.ttf' (160K)
[2018.04.09-09.45.57:657][  0]LogSlate: Took 0.000955 seconds to synchronously load lazily loaded font '../../../Engine/Content/Editor/Slate/Fonts/FontAwesome.ttf' (139K)
[2018.04.09-09.45.57:830][  0]LogRenderer: Reallocating scene render targets to support 1248x648 Format 9 NumSamples 1 (Frame:1).
[2018.04.09-09.45.58:112][  0]LogContentBrowser: Native class hierarchy updated for 'HierarchicalLODOutliner' in 0.0003 seconds. Added 0 classes and 0 folders.
[2018.04.09-09.45.58:112][  0]LogLoad: (Engine Initialization) Total time: 34.71 seconds
[2018.04.09-09.45.58:112][  0]LogLoad: (Engine Initialization) Total Blueprint compile time: 0.00 seconds
[2018.04.09-09.45.58:175][  0]LogContentStreaming: Texture pool size now 400 MB
[2018.04.09-09.45.58:203][  0]LogSlate: Took 0.000361 seconds to synchronously load lazily loaded font '../../../Engine/Content/Slate/Fonts/Roboto-Light.ttf' (167K)
[2018.04.09-09.45.58:236][  1]LogFileCache: Retrieving MD5 hashes for directory 'C:/Users/VaucouleurV/Documents/Unreal Projects/RPG_OGH_OGH_3_SMORPG/Content/' took 0.09s
[2018.04.09-09.45.58:358][  2]LogAssetRegistry: Asset discovery search completed in 16.2541 seconds
[2018.04.09-09.45.58:362][  2]LogCollectionManager: Rebuilt the object cache for 0 collections in 0.000000 seconds (found 0 objects)
[2018.04.09-09.45.58:362][  2]LogCollectionManager: Fixed up redirectors for 0 collections in 0.000098 seconds (updated 0 objects)
[2018.04.09-09.45.59:956][ 31]LogSlate: FSceneViewport::OnFocusLost() reason 0
[2018.04.09-09.46.03:708][107]LogSlate: Window 'Plugins' being destroyed
[2018.04.09-09.46.03:733][107]LogSlate: Window 'Plugins' being destroyed
[2018.04.09-09.46.03:733][107]LogDirectoryWatcher: A directory notification for '../../../Engine/Plugins/' was aborted.
[2018.04.09-09.46.03:733][107]LogDirectoryWatcher: A directory notification for 'F:/Epic Games/UE_4.19/Enterprise/Plugins/' was aborted.
[2018.04.09-09.46.03:734][107]LogDirectoryWatcher: A directory notification for 'C:/Users/VaucouleurV/Documents/Unreal Projects/RPG_OGH_OGH_3_SMORPG/Plugins/' was aborted.
[2018.04.09-09.46.11:047][188]LogSlate: FSceneViewport::OnFocusLost() reason 0
[2018.04.09-09.46.13:071][237]LogTemp: Repeating last play command: New Editor Window (PIE)
[2018.04.09-09.46.13:143][237]LogBlueprintUserMessages: Early PlayInEditor Detection: Level '/Game/Maps/BaseMap.BaseMap:PersistentLevel' has LevelScriptBlueprint '/Game/Maps/BaseMap.BaseMap:PersistentLevel.BaseMap' with GeneratedClass '/Game/Maps/BaseMap.BaseMap_C' with ClassGeneratedBy '/Game/Maps/BaseMap.BaseMap:PersistentLevel.BaseMap'
[2018.04.09-09.46.13:144][237]LogPlayLevel: PlayLevel: No blueprints needed recompiling
[2018.04.09-09.46.13:148][237]PIE: New page: PIE session: BaseMap (9 avr. 2018 13:46:13)
[2018.04.09-09.46.13:158][237]LogPlayLevel: Creating play world package: /Game/Maps/UEDPIE_0_BaseMap
[2018.04.09-09.46.13:601][237]LogPlayLevel: PIE: StaticDuplicateObject took: (0.442883s)
[2018.04.09-09.46.13:603][237]LogAIModule: Creating AISystem for world BaseMap
[2018.04.09-09.46.13:603][237]LogPlayLevel: PIE: World Init took: (0.001797s)
[2018.04.09-09.46.13:603][237]LogPlayLevel: PIE: Created PIE world by copying editor world from /Game/Maps/BaseMap.BaseMap to /Game/Maps/UEDPIE_0_BaseMap.BaseMap (0.445126s)
[2018.04.09-09.46.13:640][237]LogInit: XAudio2 using 'Haut-parleurs (Conexant ISST Audio)' : 2 channels at 48 kHz using 32 bits per sample (channel mask 0x3)
[2018.04.09-09.46.13:659][237]LogInit: FAudioDevice initialized.
[2018.04.09-09.46.13:734][237]LogLoad: Game class is 'My_GM_C'
[2018.04.09-09.46.13:764][237]LogWorld: Bringing World /Game/Maps/UEDPIE_0_BaseMap.BaseMap up for play (max tick rate 60) at 2018.04.09-11.46.13
[2018.04.09-09.46.13:780][237]LogWorld: Bringing up level for play took: 0.034941
[2018.04.09-09.46.13:798][237]LogContentBrowser: Native class hierarchy updated for 'MovieSceneCapture' in 0.0007 seconds. Added 11 classes and 0 folders.
[2018.04.09-09.46.13:816][237]PIE: Play in editor start time for /Game/Maps/UEDPIE_0_BaseMap 0,594
[2018.04.09-09.46.13:818][237]LogBlueprintUserMessages: Late PlayInEditor Detection: Level '/Game/Maps/BaseMap.BaseMap:PersistentLevel' has LevelScriptBlueprint '/Game/Maps/BaseMap.BaseMap:PersistentLevel.BaseMap' with GeneratedClass '/Game/Maps/BaseMap.BaseMap_C' with ClassGeneratedBy '/Game/Maps/BaseMap.BaseMap:PersistentLevel.BaseMap'
[2018.04.09-09.46.36:172][ 63]LogBlueprintUserMessages: Early EndPlayMap Detection: Level '/Game/Maps/BaseMap.BaseMap:PersistentLevel' has LevelScriptBlueprint '/Game/Maps/BaseMap.BaseMap:PersistentLevel.BaseMap' with GeneratedClass '/Game/Maps/BaseMap.BaseMap_C' with ClassGeneratedBy '/Game/Maps/BaseMap.BaseMap:PersistentLevel.BaseMap'
[2018.04.09-09.46.36:259][ 63]LogSlate: Window 'RPG_OGH_OGH_3_SMORPG Game Preview Standalone (64-bit/PCD3D_SM5)' being destroyed
[2018.04.09-09.46.36:316][ 63]LogBlueprintUserMessages: Late EndPlayMap Detection: Level '/Game/Maps/BaseMap.BaseMap:PersistentLevel' has LevelScriptBlueprint '/Game/Maps/BaseMap.BaseMap:PersistentLevel.BaseMap' with GeneratedClass '/Game/Maps/BaseMap.BaseMap_C' with ClassGeneratedBy '/Game/Maps/BaseMap.BaseMap:PersistentLevel.BaseMap'
[2018.04.09-09.46.38:343][105]LogTemp: Repeating last play command: New Editor Window (PIE)
[2018.04.09-09.46.38:419][105]LogBlueprintUserMessages: Early PlayInEditor Detection: Level '/Game/Maps/BaseMap.BaseMap:PersistentLevel' has LevelScriptBlueprint '/Game/Maps/BaseMap.BaseMap:PersistentLevel.BaseMap' with GeneratedClass '/Game/Maps/BaseMap.BaseMap_C' with ClassGeneratedBy '/Game/Maps/BaseMap.BaseMap:PersistentLevel.BaseMap'
[2018.04.09-09.46.38:420][105]LogPlayLevel: PlayLevel: No blueprints needed recompiling
[2018.04.09-09.46.38:420][105]PIE: New page: PIE session: BaseMap (9 avr. 2018 13:46:38)
[2018.04.09-09.46.38:421][105]LogPlayLevel: Creating play world package: /Game/Maps/UEDPIE_0_BaseMap
[2018.04.09-09.46.38:757][105]LogPlayLevel: PIE: StaticDuplicateObject took: (0.335537s)
[2018.04.09-09.46.38:758][105]LogAIModule: Creating AISystem for world BaseMap
[2018.04.09-09.46.38:759][105]LogPlayLevel: PIE: World Init took: (0.001644s)
[2018.04.09-09.46.38:759][105]LogPlayLevel: PIE: Created PIE world by copying editor world from /Game/Maps/BaseMap.BaseMap to /Game/Maps/UEDPIE_0_BaseMap.BaseMap (0.337611s)
[2018.04.09-09.46.38:801][105]LogInit: XAudio2 using 'Haut-parleurs (Conexant ISST Audio)' : 2 channels at 48 kHz using 32 bits per sample (channel mask 0x3)
[2018.04.09-09.46.38:818][105]LogInit: FAudioDevice initialized.
[2018.04.09-09.46.38:877][105]LogLoad: Game class is 'My_GM_C'
[2018.04.09-09.46.38:896][105]LogWorld: Bringing World /Game/Maps/UEDPIE_0_BaseMap.BaseMap up for play (max tick rate 60) at 2018.04.09-11.46.38
[2018.04.09-09.46.38:898][105]LogWorld: Bringing up level for play took: 0.020665
[2018.04.09-09.46.38:912][105]PIE: Play in editor start time for /Game/Maps/UEDPIE_0_BaseMap -0,311
[2018.04.09-09.46.38:913][105]LogBlueprintUserMessages: Late PlayInEditor Detection: Level '/Game/Maps/BaseMap.BaseMap:PersistentLevel' has LevelScriptBlueprint '/Game/Maps/BaseMap.BaseMap:PersistentLevel.BaseMap' with GeneratedClass '/Game/Maps/BaseMap.BaseMap_C' with ClassGeneratedBy '/Game/Maps/BaseMap.BaseMap:PersistentLevel.BaseMap'
[2018.04.09-09.46.44:021][285]LogBlueprintUserMessages: Early EndPlayMap Detection: Level '/Game/Maps/BaseMap.BaseMap:PersistentLevel' has LevelScriptBlueprint '/Game/Maps/BaseMap.BaseMap:PersistentLevel.BaseMap' with GeneratedClass '/Game/Maps/BaseMap.BaseMap_C' with ClassGeneratedBy '/Game/Maps/BaseMap.BaseMap:PersistentLevel.BaseMap'
[2018.04.09-09.46.44:093][285]LogSlate: Window 'RPG_OGH_OGH_3_SMORPG Game Preview Standalone (64-bit/PCD3D_SM5)' being destroyed
[2018.04.09-09.46.44:142][285]LogBlueprintUserMessages: Late EndPlayMap Detection: Level '/Game/Maps/BaseMap.BaseMap:PersistentLevel' has LevelScriptBlueprint '/Game/Maps/BaseMap.BaseMap:PersistentLevel.BaseMap' with GeneratedClass '/Game/Maps/BaseMap.BaseMap_C' with ClassGeneratedBy '/Game/Maps/BaseMap.BaseMap:PersistentLevel.BaseMap'
[2018.04.09-09.46.45:113][304]LogEditorViewport: Clicking on Actor (LMB): Sanglier_BP_C (Sanglier_BP)
[2018.04.09-09.46.47:351][342]LogSlate: FSceneViewport::OnFocusLost() reason 0
[2018.04.09-09.46.47:961][362]LogSlate: Took 0.000533 seconds to synchronously load lazily loaded font '../../../Engine/Content/Slate/Fonts/Roboto-Light.ttf' (167K)
[2018.04.09-09.46.48:840][362]LogContentBrowser: Native class hierarchy updated for 'BlueprintGraph' in 0.0014 seconds. Added 116 classes and 0 folders.
[2018.04.09-09.46.50:445][362]LogSlate: Took 0.001368 seconds to synchronously load lazily loaded font '../../../Engine/Content/Slate/Fonts/Roboto-BoldCondensed.ttf' (158K)
[2018.04.09-09.46.50:668][363]LogSlate: Took 0.002162 seconds to synchronously load lazily loaded font '../../../Engine/Content/Slate/Fonts/Roboto-Italic.ttf' (157K)
[2018.04.09-09.46.52:460][393]LogRenderer: Reallocating scene render targets to support 1248x900 Format 9 NumSamples 1 (Frame:1).
[2018.04.09-09.47.00:782][484]LogSlate: FSceneViewport::OnFocusLost() reason 0
[2018.04.09-09.47.08:160][623]LogClass: Warning: In asset 'None', there is an enum property of type 'ECollisionChannel' with an invalid value of ''
[2018.04.09-09.47.08:160][623]LogClass: Warning: In asset 'None', there is an enum property of type 'ECollisionChannel' with an invalid value of ''
[2018.04.09-09.47.08:901][632]LogTemp: Repeating last play command: New Editor Window (PIE)
[2018.04.09-09.47.08:976][632]LogBlueprintUserMessages: Early PlayInEditor Detection: Level '/Game/Maps/BaseMap.BaseMap:PersistentLevel' has LevelScriptBlueprint '/Game/Maps/BaseMap.BaseMap:PersistentLevel.BaseMap' with GeneratedClass '/Game/Maps/BaseMap.BaseMap_C' with ClassGeneratedBy '/Game/Maps/BaseMap.BaseMap:PersistentLevel.BaseMap'
[2018.04.09-09.47.08:977][632]BlueprintLog: New page: Pre-Play auto-recompile
[2018.04.09-09.47.09:000][632]LogPlayLevel: [PlayLevel] Compiling Sanglier_BP before play...
[2018.04.09-09.47.09:905][632]LogPlayLevel: PlayLevel: Blueprint regeneration took 927 ms (1 blueprints)
[2018.04.09-09.47.09:905][632]PIE: New page: PIE session: BaseMap (9 avr. 2018 13:47:09)
[2018.04.09-09.47.09:906][632]LogPlayLevel: Creating play world package: /Game/Maps/UEDPIE_0_BaseMap
[2018.04.09-09.47.10:168][632]LogPlayLevel: PIE: StaticDuplicateObject took: (0.261594s)
[2018.04.09-09.47.10:169][632]LogAIModule: Creating AISystem for world BaseMap
[2018.04.09-09.47.10:169][632]LogPlayLevel: PIE: World Init took: (0.001533s)
[2018.04.09-09.47.10:170][632]LogPlayLevel: PIE: Created PIE world by copying editor world from /Game/Maps/BaseMap.BaseMap to /Game/Maps/UEDPIE_0_BaseMap.BaseMap (0.263382s)
[2018.04.09-09.47.10:221][632]LogInit: XAudio2 using 'Haut-parleurs (Conexant ISST Audio)' : 2 channels at 48 kHz using 32 bits per sample (channel mask 0x3)
[2018.04.09-09.47.10:235][632]LogInit: FAudioDevice initialized.
[2018.04.09-09.47.10:295][632]LogLoad: Game class is 'My_GM_C'
[2018.04.09-09.47.10:311][632]LogWorld: Bringing World /Game/Maps/UEDPIE_0_BaseMap.BaseMap up for play (max tick rate 60) at 2018.04.09-11.47.10
[2018.04.09-09.47.10:312][632]LogWorld: Bringing up level for play took: 0.016407
[2018.04.09-09.47.10:327][632]PIE: Play in editor start time for /Game/Maps/UEDPIE_0_BaseMap 1,105
[2018.04.09-09.47.10:328][632]LogBlueprintUserMessages: Late PlayInEditor Detection: Level '/Game/Maps/BaseMap.BaseMap:PersistentLevel' has LevelScriptBlueprint '/Game/Maps/BaseMap.BaseMap:PersistentLevel.BaseMap' with GeneratedClass '/Game/Maps/BaseMap.BaseMap_C' with ClassGeneratedBy '/Game/Maps/BaseMap.BaseMap:PersistentLevel.BaseMap'
[2018.04.09-09.47.16:225][788]LogBlueprintUserMessages: Early EndPlayMap Detection: Level '/Game/Maps/BaseMap.BaseMap:PersistentLevel' has LevelScriptBlueprint '/Game/Maps/BaseMap.BaseMap:PersistentLevel.BaseMap' with GeneratedClass '/Game/Maps/BaseMap.BaseMap_C' with ClassGeneratedBy '/Game/Maps/BaseMap.BaseMap:PersistentLevel.BaseMap'
[2018.04.09-09.47.16:318][788]LogSlate: Window 'RPG_OGH_OGH_3_SMORPG Game Preview Standalone (64-bit/PCD3D_SM5)' being destroyed
[2018.04.09-09.47.16:377][788]LogBlueprintUserMessages: Late EndPlayMap Detection: Level '/Game/Maps/BaseMap.BaseMap:PersistentLevel' has LevelScriptBlueprint '/Game/Maps/BaseMap.BaseMap:PersistentLevel.BaseMap' with GeneratedClass '/Game/Maps/BaseMap.BaseMap_C' with ClassGeneratedBy '/Game/Maps/BaseMap.BaseMap:PersistentLevel.BaseMap'
[2018.04.09-09.48.02:886][193]BlueprintLog: New page: Compile Sanglier_BP
[2018.04.09-09.48.06:131][239]LogAIModule: Creating AISystem for world Connexion
[2018.04.09-09.48.07:316][239]LogSlate: Window 'Save Content' being destroyed
[2018.04.09-09.48.07:331][239]Cmd: OBJ SAVEPACKAGE PACKAGE="/Game/Data/img/Sanglier/Sanglier_BP" FILE="C:/Users/VaucouleurV/Documents/Unreal Projects/RPG_OGH_OGH_3_SMORPG/Content/Data/img/Sanglier/Sanglier_BP.uasset" SILENT=true
[2018.04.09-09.48.07:490][239]LogSavePackage: Save=41.61ms
[2018.04.09-09.48.07:490][239]LogSavePackage: Moving 'C:/Users/VaucouleurV/Documents/Unreal Projects/RPG_OGH_OGH_3_SMORPG/Saved/Sanglier_BP277CF0E243B4E1EE87EF7A941A3C0FF6.tmp' to 'C:/Users/VaucouleurV/Documents/Unreal Projects/RPG_OGH_OGH_3_SMORPG/Content/Data/img/Sanglier/Sanglier_BP.uasset'
[2018.04.09-09.48.07:499][239]LogSavePackage: Display: Finished SavePackage C:/Users/VaucouleurV/Documents/Unreal Projects/RPG_OGH_OGH_3_SMORPG/Content/Data/img/Sanglier/Sanglier_BP.uasset
[2018.04.09-09.48.07:683][239]Cmd: OBJ SAVEPACKAGE PACKAGE="/Game/Maps/BaseMap" FILE="C:/Users/VaucouleurV/Documents/Unreal Projects/RPG_OGH_OGH_3_SMORPG/Content/Maps/BaseMap.umap" SILENT=true AUTOSAVING=false KEEPDIRTY=false
[2018.04.09-09.48.08:841][239]LogSavePackage: Save=1021.19ms
[2018.04.09-09.48.08:841][239]LogSavePackage: Moving 'C:/Users/VaucouleurV/Documents/Unreal Projects/RPG_OGH_OGH_3_SMORPG/Saved/BaseMapF795A74C46B505E561CC10AB1AE38CDC.tmp' to 'C:/Users/VaucouleurV/Documents/Unreal Projects/RPG_OGH_OGH_3_SMORPG/Content/Maps/BaseMap.umap'
[2018.04.09-09.48.08:849][239]LogSavePackage: Display: Finished SavePackage C:/Users/VaucouleurV/Documents/Unreal Projects/RPG_OGH_OGH_3_SMORPG/Content/Maps/BaseMap.umap
[2018.04.09-09.48.08:938][239]LogFileHelpers: Saving map 'BaseMap' took 1.438
[2018.04.09-09.48.08:941][239]Cmd: MAP LOAD FILE="C:/Users/VaucouleurV/Documents/Unreal Projects/RPG_OGH_OGH_3_SMORPG/Content/Maps/Connexion.umap" TEMPLATE=0 SHOWPROGRESS=1 FEATURELEVEL=3
[2018.04.09-09.48.08:941][239]LightingResults: New page: Lighting Build
[2018.04.09-09.48.08:942][239]LoadErrors: New page: Loading map: Connexion.umap
[2018.04.09-09.48.08:950][239]MapCheck: New page: Map Check
[2018.04.09-09.48.08:950][239]LightingResults: New page: Lighting Build
[2018.04.09-09.48.09:194][239]LogEditorServer: Finished looking for orphan Actors (0.000 secs)
[2018.04.09-09.48.09:342][239]Cmd: MAP CHECKDEP NOCLEARLOG
[2018.04.09-09.48.09:533][239]MapCheck: Map check complete: 0 Error(s), 0 Warning(s), took 190,046ms to complete.
[2018.04.09-09.48.09:534][239]LogFileHelpers: Loading map 'Connexion' took 0.596
[2018.04.09-09.48.11:509][256]LogTemp: Repeating last play command: New Editor Window (PIE)
[2018.04.09-09.48.11:575][256]LogBlueprintUserMessages: Early PlayInEditor Detection: Level '/Game/Maps/Connexion.Connexion:PersistentLevel' has LevelScriptBlueprint '/Game/Maps/Connexion.Connexion:PersistentLevel.Connexion' with GeneratedClass '/Game/Maps/Connexion.Connexion_C' with ClassGeneratedBy '/Game/Maps/Connexion.Connexion:PersistentLevel.Connexion'
[2018.04.09-09.48.11:575][256]LogPlayLevel: PlayLevel: No blueprints needed recompiling
[2018.04.09-09.48.11:576][256]PIE: New page: PIE session: Connexion (9 avr. 2018 13:48:11)
[2018.04.09-09.48.11:576][256]LogPlayLevel: Creating play world package: /Game/Maps/UEDPIE_0_Connexion
[2018.04.09-09.48.11:578][256]LogPlayLevel: PIE: StaticDuplicateObject took: (0.001816s)
[2018.04.09-09.48.11:581][256]LogAIModule: Creating AISystem for world Connexion
[2018.04.09-09.48.11:581][256]LogPlayLevel: PIE: World Init took: (0.002940s)
[2018.04.09-09.48.11:581][256]LogPlayLevel: PIE: Created PIE world by copying editor world from /Game/Maps/Connexion.Connexion to /Game/Maps/UEDPIE_0_Connexion.Connexion (0.005020s)
[2018.04.09-09.48.11:626][256]LogInit: XAudio2 using 'Haut-parleurs (Conexant ISST Audio)' : 2 channels at 48 kHz using 32 bits per sample (channel mask 0x3)
[2018.04.09-09.48.11:644][256]LogInit: FAudioDevice initialized.
[2018.04.09-09.48.11:699][256]LogLoad: Game class is 'GameModeBase'
[2018.04.09-09.48.11:700][256]LogWorld: Bringing World /Game/Maps/UEDPIE_0_Connexion.Connexion up for play (max tick rate 60) at 2018.04.09-11.48.11
[2018.04.09-09.48.11:701][256]LogWorld: Bringing up level for play took: 0.000686
[2018.04.09-09.48.11:715][256]PIE: Play in editor start time for /Game/Maps/UEDPIE_0_Connexion 0,492
[2018.04.09-09.48.11:715][256]LogBlueprintUserMessages: Late PlayInEditor Detection: Level '/Game/Maps/Connexion.Connexion:PersistentLevel' has LevelScriptBlueprint '/Game/Maps/Connexion.Connexion:PersistentLevel.Connexion' with GeneratedClass '/Game/Maps/Connexion.Connexion_C' with ClassGeneratedBy '/Game/Maps/Connexion.Connexion:PersistentLevel.Connexion'
[2018.04.09-09.48.16:270][480]LogScriptCore: Warning: Script Msg: FindSessions - Invalid or uninitialized OnlineSubsystem
[2018.04.09-09.48.16:270][480]LogScriptCore: Warning: Script Msg: FindSessions - Cannot map local player to unique net ID
[2018.04.09-09.48.17:919][565]LogScriptCore: Warning: Script Msg: FindSessions - Invalid or uninitialized OnlineSubsystem
[2018.04.09-09.48.17:919][565]LogScriptCore: Warning: Script Msg: FindSessions - Cannot map local player to unique net ID
[2018.04.09-09.48.18:086][574]LogScriptCore: Warning: Script Msg: FindSessions - Invalid or uninitialized OnlineSubsystem
[2018.04.09-09.48.18:086][574]LogScriptCore: Warning: Script Msg: FindSessions - Cannot map local player to unique net ID
[2018.04.09-09.48.18:387][589]LogScriptCore: Warning: Script Msg: FindSessions - Invalid or uninitialized OnlineSubsystem
[2018.04.09-09.48.18:387][589]LogScriptCore: Warning: Script Msg: FindSessions - Cannot map local player to unique net ID
[2018.04.09-09.48.18:609][600]LogScriptCore: Warning: Script Msg: FindSessions - Invalid or uninitialized OnlineSubsystem
[2018.04.09-09.48.18:610][600]LogScriptCore: Warning: Script Msg: FindSessions - Cannot map local player to unique net ID
[2018.04.09-09.48.19:383][639]LogBlueprintUserMessages: Early EndPlayMap Detection: Level '/Game/Maps/Connexion.Connexion:PersistentLevel' has LevelScriptBlueprint '/Game/Maps/Connexion.Connexion:PersistentLevel.Connexion' with GeneratedClass '/Game/Maps/Connexion.Connexion_C' with ClassGeneratedBy '/Game/Maps/Connexion.Connexion:PersistentLevel.Connexion'
[2018.04.09-09.48.19:450][639]LogSlate: Window 'RPG_OGH_OGH_3_SMORPG Game Preview Standalone (64-bit/PCD3D_SM5)' being destroyed
[2018.04.09-09.48.19:484][639]LogBlueprintUserMessages: Late EndPlayMap Detection: Level '/Game/Maps/Connexion.Connexion:PersistentLevel' has LevelScriptBlueprint '/Game/Maps/Connexion.Connexion:PersistentLevel.Connexion' with GeneratedClass '/Game/Maps/Connexion.Connexion_C' with ClassGeneratedBy '/Game/Maps/Connexion.Connexion:PersistentLevel.Connexion'
[2018.04.09-09.50.40:581][149]LogTemp: Repeating last play command: New Editor Window (PIE)
[2018.04.09-09.50.40:632][149]LogBlueprintUserMessages: Early PlayInEditor Detection: Level '/Game/Maps/Connexion.Connexion:PersistentLevel' has LevelScriptBlueprint '/Game/Maps/Connexion.Connexion:PersistentLevel.Connexion' with GeneratedClass '/Game/Maps/Connexion.Connexion_C' with ClassGeneratedBy '/Game/Maps/Connexion.Connexion:PersistentLevel.Connexion'
[2018.04.09-09.50.40:632][149]LogPlayLevel: PlayLevel: No blueprints needed recompiling
[2018.04.09-09.50.40:632][149]PIE: New page: PIE session: Connexion (9 avr. 2018 13:50:40)
[2018.04.09-09.50.40:633][149]LogPlayLevel: Creating play world package: /Game/Maps/UEDPIE_0_Connexion
[2018.04.09-09.50.40:635][149]LogPlayLevel: PIE: StaticDuplicateObject took: (0.002041s)
[2018.04.09-09.50.40:636][149]LogAIModule: Creating AISystem for world Connexion
[2018.04.09-09.50.40:636][149]LogPlayLevel: PIE: World Init took: (0.001139s)
[2018.04.09-09.50.40:636][149]LogPlayLevel: PIE: Created PIE world by copying editor world from /Game/Maps/Connexion.Connexion to /Game/Maps/UEDPIE_0_Connexion.Connexion (0.003430s)
[2018.04.09-09.50.40:674][149]LogInit: XAudio2 using 'Haut-parleurs (Conexant ISST Audio)' : 2 channels at 48 kHz using 32 bits per sample (channel mask 0x3)
[2018.04.09-09.50.40:689][149]LogInit: FAudioDevice initialized.
[2018.04.09-09.50.40:740][149]LogLoad: Game class is 'GameModeBase'
[2018.04.09-09.50.40:741][149]LogWorld: Bringing World /Game/Maps/UEDPIE_0_Connexion.Connexion up for play (max tick rate 60) at 2018.04.09-11.50.40
[2018.04.09-09.50.40:741][149]LogWorld: Bringing up level for play took: 0.000742
[2018.04.09-09.50.40:750][149]PIE: Play in editor start time for /Game/Maps/UEDPIE_0_Connexion -0,472
[2018.04.09-09.50.40:750][149]LogBlueprintUserMessages: Late PlayInEditor Detection: Level '/Game/Maps/Connexion.Connexion:PersistentLevel' has LevelScriptBlueprint '/Game/Maps/Connexion.Connexion:PersistentLevel.Connexion' with GeneratedClass '/Game/Maps/Connexion.Connexion_C' with ClassGeneratedBy '/Game/Maps/Connexion.Connexion:PersistentLevel.Connexion'
[2018.04.09-09.50.44:852][375]LogScriptCore: Warning: Script Msg: FindSessions - Invalid or uninitialized OnlineSubsystem
[2018.04.09-09.50.44:852][375]LogScriptCore: Warning: Script Msg: FindSessions - Cannot map local player to unique net ID
[2018.04.09-09.50.45:539][409]LogScriptCore: Warning: Script Msg: FindSessions - Invalid or uninitialized OnlineSubsystem
[2018.04.09-09.50.45:539][409]LogScriptCore: Warning: Script Msg: FindSessions - Cannot map local player to unique net ID
[2018.04.09-09.50.45:757][420]LogScriptCore: Warning: Script Msg: FindSessions - Invalid or uninitialized OnlineSubsystem
[2018.04.09-09.50.45:757][420]LogScriptCore: Warning: Script Msg: FindSessions - Cannot map local player to unique net ID
[2018.04.09-09.50.46:185][442]LogScriptCore: Warning: Script Msg: FindSessions - Invalid or uninitialized OnlineSubsystem
[2018.04.09-09.50.46:186][442]LogScriptCore: Warning: Script Msg: FindSessions - Cannot map local player to unique net ID
[2018.04.09-09.50.46:288][447]LogScriptCore: Warning: Script Msg: FindSessions - Invalid or uninitialized OnlineSubsystem
[2018.04.09-09.50.46:288][447]LogScriptCore: Warning: Script Msg: FindSessions - Cannot map local player to unique net ID
[2018.04.09-09.50.46:390][451]LogScriptCore: Warning: Script Msg: FindSessions - Invalid or uninitialized OnlineSubsystem
[2018.04.09-09.50.46:391][451]LogScriptCore: Warning: Script Msg: FindSessions - Cannot map local player to unique net ID
[2018.04.09-09.50.47:527][508]LogBlueprintUserMessages: Early EndPlayMap Detection: Level '/Game/Maps/Connexion.Connexion:PersistentLevel' has LevelScriptBlueprint '/Game/Maps/Connexion.Connexion:PersistentLevel.Connexion' with GeneratedClass '/Game/Maps/Connexion.Connexion_C' with ClassGeneratedBy '/Game/Maps/Connexion.Connexion:PersistentLevel.Connexion'
[2018.04.09-09.50.47:593][508]LogSlate: Window 'RPG_OGH_OGH_3_SMORPG Game Preview Standalone (64-bit/PCD3D_SM5)' being destroyed
[2018.04.09-09.50.47:630][508]LogBlueprintUserMessages: Late EndPlayMap Detection: Level '/Game/Maps/Connexion.Connexion:PersistentLevel' has LevelScriptBlueprint '/Game/Maps/Connexion.Connexion:PersistentLevel.Connexion' with GeneratedClass '/Game/Maps/Connexion.Connexion_C' with ClassGeneratedBy '/Game/Maps/Connexion.Connexion:PersistentLevel.Connexion'
[2018.04.09-09.50.52:617][578]LogSlate: Window 'Sanglier_BP' being destroyed
[2018.04.09-09.50.52:707][578]LogSlate: Window 'RPG_OGH_OGH_3_SMORPG - Unreal Editor' being destroyed
[2018.04.09-09.50.52:708][578]LogWindowsTextInputMethodSystem: Display: IME system now deactivated.
[2018.04.09-09.50.53:240][579]Cmd: QUIT_EDITOR
[2018.04.09-09.50.53:352][579]LogSlate: Slate User Destroyed.  User Index 0, Is Virtual User: 0
[2018.04.09-09.50.53:354][579]LogExit: Preparing to exit.
[2018.04.09-09.50.54:349][579]LogExit: Editor shut down
[2018.04.09-09.50.54:387][579]LogExit: Transaction tracking system shut down
[2018.04.09-09.50.54:590][579]LogDirectoryWatcher: A directory notification for '../../../Engine/Content/' was aborted.
[2018.04.09-09.50.54:590][579]LogDirectoryWatcher: A directory notification for 'C:/Users/VaucouleurV/Documents/Unreal Projects/RPG_OGH_OGH_3_SMORPG/Content/' was aborted.
[2018.04.09-09.50.54:590][579]LogDirectoryWatcher: A directory notification for '../../Plugins/2D/Paper2D/Content/' was aborted.
[2018.04.09-09.50.54:590][579]LogDirectoryWatcher: A directory notification for 'C:/Users/VaucouleurV/Documents/Unreal Projects/RPG_OGH_OGH_3_SMORPG/Plugins/Designer/Content/' was aborted.
[2018.04.09-09.50.54:590][579]LogDirectoryWatcher: A directory notification for '../../Plugins/Enterprise/DatasmithContent/Content/' was aborted.
[2018.04.09-09.50.54:590][579]LogDirectoryWatcher: A directory notification for '../../Plugins/Media/MediaCompositing/Content/' was aborted.
[2018.04.09-09.50.54:590][579]LogDirectoryWatcher: A directory notification for '../../Plugins/Runtime/AppleARKit/Content/' was aborted.
[2018.04.09-09.50.54:590][579]LogDirectoryWatcher: A directory notification for '../../Plugins/Runtime/Oculus/OculusVR/Content/' was aborted.
[2018.04.09-09.50.54:591][579]LogDirectoryWatcher: A directory notification for '../../Plugins/Runtime/Steam/SteamVR/Content/' was aborted.
[2018.04.09-09.50.54:924][579]LogExit: Object subsystem successfully closed.
[2018.04.09-09.50.54:959][579]LogShaderCompilers: Display: Shaders left to compile 0
[2018.04.09-09.50.54:969][579]LogD3D11RHI: Shutdown
[2018.04.09-09.50.54:969][579]LogD3D11RHI: CleanupD3DDevice
[2018.04.09-09.50.55:006][579]LogD3D11RHI: ~FD3D11DynamicRHI
[2018.04.09-09.50.55:115][579]LogModuleManager: Shutting down and abandoning module BlueprintGraph (580)
[2018.04.09-09.50.55:115][579]LogModuleManager: Shutting down and abandoning module MovieSceneCapture (578)
[2018.04.09-09.50.55:116][579]LogModuleManager: Shutting down and abandoning module HierarchicalLODOutliner (576)
[2018.04.09-09.50.55:116][579]LogModuleManager: Shutting down and abandoning module SceneOutliner (574)
[2018.04.09-09.50.55:116][579]LogModuleManager: Shutting down and abandoning module AddContentDialog (572)
[2018.04.09-09.50.55:117][579]LogDirectoryWatcher: A directory notification for 'F:/Epic Games/UE_4.19/FeaturePacks/' was aborted.
[2018.04.09-09.50.55:117][579]LogDirectoryWatcher: A directory notification for 'F:/Epic Games/UE_4.19/Enterprise/FeaturePacks/' was aborted.
[2018.04.09-09.50.55:122][579]LogModuleManager: Shutting down and abandoning module WidgetCarousel (571)
[2018.04.09-09.50.55:123][579]LogModuleManager: Shutting down and abandoning module EditorWidgets (568)
[2018.04.09-09.50.55:123][579]LogModuleManager: Shutting down and abandoning module CollectionManager (566)
[2018.04.09-09.50.55:123][579]LogDirectoryWatcher: A directory notification for 'C:/Users/VaucouleurV/Documents/Unreal Projects/RPG_OGH_OGH_3_SMORPG/Content/Collections/' was aborted.
[2018.04.09-09.50.55:123][579]LogDirectoryWatcher: A directory notification for 'C:/Users/VaucouleurV/Documents/Unreal Projects/RPG_OGH_OGH_3_SMORPG/Content/Developers/VaucouleurV/Collections/' was aborted.
[2018.04.09-09.50.55:123][579]LogDirectoryWatcher: A directory notification for 'C:/Users/VaucouleurV/Documents/Unreal Projects/RPG_OGH_OGH_3_SMORPG/Saved/Collections/' was aborted.
[2018.04.09-09.50.55:123][579]LogModuleManager: Shutting down and abandoning module StatsViewer (564)
[2018.04.09-09.50.55:123][579]LogModuleManager: Shutting down and abandoning module FoliageEdit (562)
[2018.04.09-09.50.55:123][579]LogModuleManager: Shutting down and abandoning module LandscapeEditor (560)
[2018.04.09-09.50.55:124][579]LogModuleManager: Shutting down and abandoning module MeshPaintMode (558)
[2018.04.09-09.50.55:124][579]LogModuleManager: Shutting down and abandoning module SceneDepthPickerMode (556)
[2018.04.09-09.50.55:124][579]LogModuleManager: Shutting down and abandoning module ActorPickerMode (554)
[2018.04.09-09.50.55:124][579]LogModuleManager: Shutting down and abandoning module GeometryMode (552)
[2018.04.09-09.50.55:124][579]LogModuleManager: Shutting down and abandoning module TextureAlignMode (550)
[2018.04.09-09.50.55:124][579]LogModuleManager: Shutting down and abandoning module BspMode (548)
[2018.04.09-09.50.55:124][579]LogModuleManager: Shutting down and abandoning module PIEPreviewDeviceProfileSelector (546)
[2018.04.09-09.50.55:124][579]LogModuleManager: Shutting down and abandoning module HardwareSurvey (544)
[2018.04.09-09.50.55:124][579]LogModuleManager: Shutting down and abandoning module SequenceRecorderSections (542)
[2018.04.09-09.50.55:124][579]LogModuleManager: Shutting down and abandoning module AutomationWorker (540)
[2018.04.09-09.50.55:125][579]LogModuleManager: Shutting down and abandoning module AudioCaptureEditor (538)
[2018.04.09-09.50.55:125][579]LogModuleManager: Shutting down and abandoning module SequenceRecorder (537)
[2018.04.09-09.50.55:125][579]LogModuleManager: Shutting down and abandoning module MatineeToLevelSequence (534)
[2018.04.09-09.50.55:126][579]LogModuleManager: Shutting down and abandoning module LevelSequenceEditor (532)
[2018.04.09-09.50.55:135][579]LogModuleManager: Shutting down and abandoning module PlacementMode (531)
[2018.04.09-09.50.55:136][579]LogModuleManager: Shutting down and abandoning module MaterialEditor (530)
[2018.04.09-09.50.55:139][579]LogModuleManager: Shutting down and abandoning module WmfMediaFactory (526)
[2018.04.09-09.50.55:139][579]LogModuleManager: Shutting down and abandoning module WmfMediaEditor (524)
[2018.04.09-09.50.55:139][579]LogModuleManager: Shutting down and abandoning module MediaPlayerEditor (522)
[2018.04.09-09.50.55:140][579]LogModuleManager: Shutting down and abandoning module OpenExrWrapper (520)
[2018.04.09-09.50.55:140][579]LogModuleManager: Shutting down and abandoning module ImgMediaFactory (518)
[2018.04.09-09.50.55:140][579]LogModuleManager: Shutting down and abandoning module ImgMediaEditor (516)
[2018.04.09-09.50.55:141][579]LogModuleManager: Shutting down and abandoning module AvfMediaFactory (514)
[2018.04.09-09.50.55:141][579]LogModuleManager: Shutting down and abandoning module AvfMediaEditor (512)
[2018.04.09-09.50.55:141][579]LogModuleManager: Shutting down and abandoning module AndroidMediaFactory (510)
[2018.04.09-09.50.55:141][579]LogModuleManager: Shutting down and abandoning module AndroidMediaEditor (508)
[2018.04.09-09.50.55:141][579]LogModuleManager: Shutting down and abandoning module CharacterAI (506)
[2018.04.09-09.50.55:141][579]LogModuleManager: Shutting down and abandoning module SmartSnapping (504)
[2018.04.09-09.50.55:141][579]LogModuleManager: Shutting down and abandoning module SessionServices (502)
[2018.04.09-09.50.55:141][579]LogModuleManager: Shutting down and abandoning module ViewportSnapping (500)
[2018.04.09-09.50.55:141][579]LogModuleManager: Shutting down and abandoning module ViewportInteraction (498)
[2018.04.09-09.50.55:141][579]LogModuleManager: Shutting down and abandoning module ClothPainter (496)
[2018.04.09-09.50.55:144][579]LogModuleManager: Shutting down and abandoning module SkeletalMeshEditor (495)
[2018.04.09-09.50.55:146][579]LogModuleManager: Shutting down and abandoning module LogVisualizer (492)
[2018.04.09-09.50.55:147][579]LogModuleManager: Shutting down and abandoning module IntroTutorials (490)
[2018.04.09-09.50.55:147][579]LogModuleManager: Shutting down and abandoning module GameProjectGeneration (489)
[2018.04.09-09.50.55:148][579]LogModuleManager: Shutting down and abandoning module IOSPlatformEditor (486)
[2018.04.09-09.50.55:149][579]LogModuleManager: Shutting down and abandoning module HTML5PlatformEditor (484)
[2018.04.09-09.50.55:149][579]LogModuleManager: Shutting down and abandoning module AndroidPlatformEditor (482)
[2018.04.09-09.50.55:149][579]LogModuleManager: Shutting down and abandoning module AndroidDeviceDetection (481)
[2018.04.09-09.50.55:393][579]LogModuleManager: Shutting down and abandoning module WindowsPlatformEditor (478)
[2018.04.09-09.50.55:394][579]LogModuleManager: Shutting down and abandoning module IOSRuntimeSettings (476)
[2018.04.09-09.50.55:394][579]LogModuleManager: Shutting down and abandoning module AndroidRuntimeSettings (474)
[2018.04.09-09.50.55:394][579]LogModuleManager: Shutting down and abandoning module InputBindingEditor (472)
[2018.04.09-09.50.55:394][579]LogModuleManager: Shutting down and abandoning module MergeActors (470)
[2018.04.09-09.50.55:395][579]LogModuleManager: Shutting down and abandoning module LocalizationDashboard (468)
[2018.04.09-09.50.55:395][579]LogModuleManager: Shutting down and abandoning module LocalizationService (467)
[2018.04.09-09.50.55:395][579]LogModuleManager: Shutting down and abandoning module HardwareTargeting (464)
[2018.04.09-09.50.55:395][579]LogModuleManager: Shutting down and abandoning module DeviceProfileEditor (462)
[2018.04.09-09.50.55:396][579]LogModuleManager: Shutting down and abandoning module UndoHistory (460)
[2018.04.09-09.50.55:396][579]LogModuleManager: Shutting down and abandoning module XmlParser (458)
[2018.04.09-09.50.55:396][579]LogModuleManager: Shutting down and abandoning module Blutility (456)
[2018.04.09-09.50.55:396][579]LogModuleManager: Shutting down and abandoning module ProjectSettingsViewer (454)
[2018.04.09-09.50.55:397][579]LogModuleManager: Shutting down and abandoning module ProjectTargetPlatformEditor (453)
[2018.04.09-09.50.55:397][579]LogModuleManager: Shutting down and abandoning module EditorSettingsViewer (450)
[2018.04.09-09.50.55:398][579]LogModuleManager: Shutting down and abandoning module SettingsEditor (448)
[2018.04.09-09.50.55:400][579]LogModuleManager: Shutting down and abandoning module ProjectLauncher (446)
[2018.04.09-09.50.55:400][579]LogModuleManager: Shutting down and abandoning module SessionFrontend (444)
[2018.04.09-09.50.55:401][579]LogModuleManager: Shutting down and abandoning module ProfilerClient (442)
[2018.04.09-09.50.55:401][579]LogModuleManager: Shutting down and abandoning module DeviceManager (440)
[2018.04.09-09.50.55:401][579]LogModuleManager: Shutting down and abandoning module TargetDeviceServices (439)
[2018.04.09-09.50.55:457][579]LogModuleManager: Shutting down and abandoning module AutomationController (436)
[2018.04.09-09.50.55:457][579]LogModuleManager: Shutting down and abandoning module AutomationWindow (434)
[2018.04.09-09.50.55:458][579]LogModuleManager: Shutting down and abandoning module Layers (432)
[2018.04.09-09.50.55:458][579]LogModuleManager: Shutting down and abandoning module ComponentVisualizers (430)
[2018.04.09-09.50.55:458][579]LogModuleManager: Shutting down and abandoning module DetailCustomizations (428)
[2018.04.09-09.50.55:460][579]LogModuleManager: Shutting down and abandoning module PackagesDialog (426)
[2018.04.09-09.50.55:461][579]LogModuleManager: Shutting down and abandoning module Persona (424)
[2018.04.09-09.50.55:462][579]LogModuleManager: Shutting down and abandoning module AdvancedPreviewScene (423)
[2018.04.09-09.50.55:462][579]LogModuleManager: Shutting down and abandoning module AnimGraph (421)
[2018.04.09-09.50.55:462][579]LogModuleManager: Shutting down and abandoning module Kismet (418)
[2018.04.09-09.50.55:474][579]LogModuleManager: Shutting down and abandoning module GraphEditor (416)
[2018.04.09-09.50.55:476][579]LogModuleManager: Shutting down and abandoning module ClassViewer (414)
[2018.04.09-09.50.55:476][579]LogModuleManager: Shutting down and abandoning module Toolbox (412)
[2018.04.09-09.50.55:476][579]LogModuleManager: Shutting down and abandoning module ModuleUI (410)
[2018.04.09-09.50.55:476][579]LogModuleManager: Shutting down and abandoning module MovieSceneTools (408)
[2018.04.09-09.50.55:477][579]LogModuleManager: Shutting down and abandoning module OutputLog (406)
[2018.04.09-09.50.55:478][579]LogModuleManager: Shutting down and abandoning module GammaUI (404)
[2018.04.09-09.50.55:478][579]LogModuleManager: Shutting down and abandoning module Documentation (402)
[2018.04.09-09.50.55:478][579]LogModuleManager: Shutting down and abandoning module MovieSceneTracks (400)
[2018.04.09-09.50.55:478][579]LogModuleManager: Shutting down and abandoning module MovieScene (398)
[2018.04.09-09.50.55:478][579]LogModuleManager: Shutting down and abandoning module StreamingPauseRendering (396)
[2018.04.09-09.50.55:478][579]LogModuleManager: Shutting down and abandoning module LauncherPlatform (394)
[2018.04.09-09.50.55:478][579]LogModuleManager: Shutting down and abandoning module AnalyticsET (392)
[2018.04.09-09.50.55:478][579]LogModuleManager: Shutting down and abandoning module PortalServices (390)
[2018.04.09-09.50.55:478][579]LogModuleManager: Shutting down and abandoning module PortalRpc (388)
[2018.04.09-09.50.55:478][579]LogModuleManager: Shutting down and abandoning module MessagingRpc (386)
[2018.04.09-09.50.55:478][579]LogModuleManager: Shutting down and abandoning module AIModule (384)
[2018.04.09-09.50.55:479][579]LogModuleManager: Shutting down and abandoning module GameplayDebugger (383)
[2018.04.09-09.50.55:479][579]LogModuleManager: Shutting down and abandoning module AITestSuite (381)
[2018.04.09-09.50.55:479][579]LogModuleManager: Shutting down and abandoning module DesktopPlatform (378)
[2018.04.09-09.50.55:479][579]LogModuleManager: Shutting down and abandoning module ProfilerService (376)
[2018.04.09-09.50.55:671][579]LogModuleManager: Shutting down and abandoning module TaskGraph (374)
[2018.04.09-09.50.55:671][579]LogModuleManager: Shutting down and abandoning module SteamVRController (372)
[2018.04.09-09.50.55:671][579]LogModuleManager: Shutting down and abandoning module ProceduralMeshComponentEditor (370)
[2018.04.09-09.50.55:672][579]LogModuleManager: Shutting down and abandoning module ProceduralMeshComponent (368)
[2018.04.09-09.50.55:672][579]LogModuleManager: Shutting down and abandoning module OculusInput (366)
[2018.04.09-09.50.55:672][579]LogModuleManager: Shutting down and abandoning module MobilePatchingUtils (364)
[2018.04.09-09.50.55:672][579]LogModuleManager: Shutting down and abandoning module CustomMeshComponent (362)
[2018.04.09-09.50.55:672][579]LogModuleManager: Shutting down and abandoning module CableComponent (360)
[2018.04.09-09.50.55:672][579]LogModuleManager: Shutting down and abandoning module AudioCapture (358)
[2018.04.09-09.50.55:672][579]LogModuleManager: Shutting down and abandoning module ArchVisCharacter (356)
[2018.04.09-09.50.55:672][579]LogModuleManager: Shutting down and abandoning module AndroidPermission (354)
[2018.04.09-09.50.55:672][579]LogModuleManager: Shutting down and abandoning module NUTUnrealEngine4 (350)
[2018.04.09-09.50.55:672][579]LogModuleManager: Shutting down and abandoning module NetcodeUnitTest (348)
[2018.04.09-09.50.55:672][579]LogModuleManager: Shutting down and abandoning module MediaCompositingEditor (346)
[2018.04.09-09.50.55:672][579]LogModuleManager: Shutting down and abandoning module MediaCompositing (344)
[2018.04.09-09.50.55:672][579]LogModuleManager: Shutting down and abandoning module LinearTimecode (342)
[2018.04.09-09.50.55:673][579]LogModuleManager: Shutting down and abandoning module ImgMedia (340)
[2018.04.09-09.50.55:679][579]LogModuleManager: Shutting down and abandoning module HTML5Networking (338)
[2018.04.09-09.50.55:679][579]LogModuleManager: Shutting down and abandoning module AlembicImporter (336)
[2018.04.09-09.50.55:679][579]LogModuleManager: Shutting down and abandoning module AlembicLibrary (335)
[2018.04.09-09.50.55:679][579]LogModuleManager: Shutting down and abandoning module GeometryCache (334)
[2018.04.09-09.50.55:679][579]LogModuleManager: Shutting down and abandoning module GeometryCacheEd (333)
[2018.04.09-09.50.55:679][579]LogModuleManager: Shutting down and abandoning module DatasmithContent (328)
[2018.04.09-09.50.55:679][579]LogModuleManager: Shutting down and abandoning module SpeedTreeImporter (326)
[2018.04.09-09.50.55:679][579]LogModuleManager: Shutting down and abandoning module PluginBrowser (324)
[2018.04.09-09.50.55:679][579]LogModuleManager: Shutting down and abandoning module MobileLauncherProfileWizard (322)
[2018.04.09-09.50.55:679][579]LogModuleManager: Shutting down and abandoning module CryptoKeysOpenSSL (320)
[2018.04.09-09.50.55:679][579]LogModuleManager: Shutting down and abandoning module CryptoKeys (318)
[2018.04.09-09.50.55:680][579]LogModuleManager: Shutting down and abandoning module VisualStudioSourceCodeAccess (316)
[2018.04.09-09.50.55:680][579]LogModuleManager: Shutting down and abandoning module VisualStudioCodeSourceCodeAccess (314)
[2018.04.09-09.50.55:680][579]LogModuleManager: Shutting down and abandoning module UObjectPlugin (312)
[2018.04.09-09.50.55:680][579]LogModuleManager: Shutting down and abandoning module SubversionSourceControl (310)
[2018.04.09-09.50.55:680][579]LogModuleManager: Shutting down and abandoning module PerforceSourceControl (308)
[2018.04.09-09.50.55:680][579]LogModuleManager: Shutting down and abandoning module GitSourceControl (306)
[2018.04.09-09.50.55:680][579]LogModuleManager: Shutting down and abandoning module SourceControl (305)
[2018.04.09-09.50.55:681][579]LogModuleManager: Shutting down and abandoning module CLionSourceCodeAccess (302)
[2018.04.09-09.50.55:681][579]LogModuleManager: Shutting down and abandoning module Designer (300)
[2018.04.09-09.50.55:681][579]LogModuleManager: Shutting down and abandoning module LightPropagationVolumeEditor (298)
[2018.04.09-09.50.55:681][579]LogModuleManager: Shutting down and abandoning module PaperTiledImporter (296)
[2018.04.09-09.50.55:681][579]LogModuleManager: Shutting down and abandoning module PaperSpriteSheetImporter (294)
[2018.04.09-09.50.55:681][579]LogModuleManager: Shutting down and abandoning module Paper2DEditor (292)
[2018.04.09-09.50.55:682][579]LogModuleManager: Shutting down and abandoning module MeshPaint (291)
[2018.04.09-09.50.55:682][579]LogModuleManager: Shutting down and abandoning module RuntimePhysXCooking (288)
[2018.04.09-09.50.55:682][579]LogModuleManager: Shutting down and abandoning module PhysXVehiclesEditor (286)
[2018.04.09-09.50.55:682][579]LogModuleManager: Shutting down and abandoning module PhysXVehicles (284)
[2018.04.09-09.50.55:682][579]LogModuleManager: Shutting down and abandoning module OculusEditor (282)
[2018.04.09-09.50.55:682][579]LogModuleManager: Shutting down and abandoning module LocationServicesBPLibrary (280)
[2018.04.09-09.50.55:682][579]LogModuleManager: Shutting down and abandoning module ImmediatePhysicsEditor (278)
[2018.04.09-09.50.55:682][579]LogModuleManager: Shutting down and abandoning module ImmediatePhysics (276)
[2018.04.09-09.50.55:682][579]LogModuleManager: Shutting down and abandoning module ActorSequence (274)
[2018.04.09-09.50.55:682][579]LogModuleManager: Shutting down and abandoning module UdpMessaging (272)
[2018.04.09-09.50.55:785][579]LogModuleManager: Shutting down and abandoning module TcpMessaging (270)
[2018.04.09-09.50.55:886][579]LogModuleManager: Shutting down and abandoning module GameplayTagsEditor (268)
[2018.04.09-09.50.55:886][579]LogModuleManager: Shutting down and abandoning module FacialAnimationEditor (266)
[2018.04.09-09.50.55:886][579]LogModuleManager: Shutting down and abandoning module FacialAnimation (264)
[2018.04.09-09.50.55:886][579]LogModuleManager: Shutting down and abandoning module DataValidation (262)
[2018.04.09-09.50.55:886][579]LogModuleManager: Shutting down and abandoning module AssetManagerEditor (260)
[2018.04.09-09.50.55:886][579]LogModuleManager: Shutting down and abandoning module LevelEditor (259)
[2018.04.09-09.50.55:888][579]LogModuleManager: Shutting down and abandoning module PixelInspectorModule (258)
[2018.04.09-09.50.55:888][579]LogModuleManager: Shutting down and abandoning module CommonMenuExtensions (256)
[2018.04.09-09.50.55:889][579]LogModuleManager: Shutting down and abandoning module MainFrame (254)
[2018.04.09-09.50.55:889][579]LogModuleManager: Shutting down and abandoning module HotReload (253)
[2018.04.09-09.50.55:889][579]LogDirectoryWatcher: A directory notification for 'C:/Users/VaucouleurV/Documents/Unreal Projects/RPG_OGH_OGH_3_SMORPG/Plugins/Designer/Binaries/Win64' was aborted.
[2018.04.09-09.50.55:890][579]LogModuleManager: Shutting down and abandoning module ContentBrowser (249)
[2018.04.09-09.50.55:907][579]LogModuleManager: Shutting down and abandoning module TreeMap (247)
[2018.04.09-09.50.55:907][579]LogModuleManager: Shutting down and abandoning module LightPropagationVolumeRuntime (244)
[2018.04.09-09.50.55:907][579]LogModuleManager: Shutting down and abandoning module LiveLinkEditor (242)
[2018.04.09-09.50.55:908][579]LogModuleManager: Shutting down and abandoning module LiveLink (240)
[2018.04.09-09.50.56:190][579]LogModuleManager: Shutting down and abandoning module Paper2D (238)
[2018.04.09-09.50.56:190][579]LogModuleManager: Shutting down and abandoning module WindowsMoviePlayer (236)
[2018.04.09-09.50.56:190][579]LogModuleManager: Shutting down and abandoning module WmfMedia (234)
[2018.04.09-09.50.56:190][579]LogModuleManager: Shutting down and abandoning module PacketHandler (232)
[2018.04.09-09.50.56:190][579]LogModuleManager: Shutting down and abandoning module ClothingSystemEditor (230)
[2018.04.09-09.50.56:190][579]LogModuleManager: Shutting down and abandoning module ClothingSystemRuntime (228)
[2018.04.09-09.50.56:194][579]LogModuleManager: Shutting down and abandoning module MediaAssets (226)
[2018.04.09-09.50.56:194][579]LogModuleManager: Shutting down and abandoning module Media (225)
[2018.04.09-09.50.56:206][579]LogModuleManager: Shutting down and abandoning module Overlay (222)
[2018.04.09-09.50.56:206][579]LogModuleManager: Shutting down and abandoning module OverlayEditor (221)
[2018.04.09-09.50.56:206][579]LogModuleManager: Shutting down and abandoning module VREditor (218)
[2018.04.09-09.50.56:206][579]LogModuleManager: Shutting down and abandoning module StringTableEditor (216)
[2018.04.09-09.50.56:206][579]LogModuleManager: Shutting down and abandoning module GameplayTasksEditor (214)
[2018.04.09-09.50.56:206][579]LogModuleManager: Shutting down and abandoning module BehaviorTreeEditor (212)
[2018.04.09-09.50.56:207][579]LogModuleManager: Shutting down and abandoning module FunctionalTesting (210)
[2018.04.09-09.50.56:207][579]LogModuleManager: Shutting down and abandoning module CollisionAnalyzer (208)
[2018.04.09-09.50.56:207][579]LogModuleManager: Shutting down and abandoning module WorkspaceMenuStructure (207)
[2018.04.09-09.50.56:207][579]LogModuleManager: Shutting down and abandoning module UMG (204)
[2018.04.09-09.50.56:215][579]LogModuleManager: Shutting down and abandoning module UMGEditor (203)
[2018.04.09-09.50.56:227][579]LogModuleManager: Shutting down and abandoning module Sequencer (202)
[2018.04.09-09.50.56:240][579]LogModuleManager: Shutting down and abandoning module MessageLog (199)
[2018.04.09-09.50.56:240][579]LogModuleManager: Shutting down and abandoning module SlateReflector (194)
[2018.04.09-09.50.56:240][579]LogModuleManager: Shutting down and abandoning module Slate (192)
[2018.04.09-09.50.56:244][579]LogModuleManager: Shutting down and abandoning module EditorStyle (190)
[2018.04.09-09.50.56:255][579]LogModuleManager: Shutting down and abandoning module MRMesh (188)
[2018.04.09-09.50.56:255][579]LogModuleManager: Shutting down and abandoning module SourceCodeAccess (186)
[2018.04.09-09.50.56:255][579]LogModuleManager: Shutting down and abandoning module HeadMountedDisplay (184)
[2018.04.09-09.50.56:255][579]LogModuleManager: Shutting down and abandoning module XAudio2 (182)
[2018.04.09-09.50.56:255][579]LogModuleManager: Shutting down and abandoning module Networking (180)
[2018.04.09-09.50.56:255][579]LogModuleManager: Shutting down and abandoning module Core (178)
[2018.04.09-09.50.56:256][579]LogModuleManager: Shutting down and abandoning module LevelSequence (176)
[2018.04.09-09.50.56:256][579]LogModuleManager: Shutting down and abandoning module KismetCompiler (174)
[2018.04.09-09.50.56:256][579]LogModuleManager: Shutting down and abandoning module MeshUtilities (172)
[2018.04.09-09.50.56:257][579]LogModuleManager: Shutting down and abandoning module MeshMergeUtilities (171)
[2018.04.09-09.50.56:257][579]LogModuleManager: Shutting down and abandoning module MeshReductionInterface (170)
[2018.04.09-09.50.56:266][579]LogModuleManager: Shutting down and abandoning module SimplygonSwarm (169)
[2018.04.09-09.50.56:267][579]LogModuleManager: Shutting down and abandoning module SimplygonMeshReduction (167)
[2018.04.09-09.50.56:268][579]LogModuleManager: Shutting down and abandoning module QuadricMeshReduction (165)
[2018.04.09-09.50.56:269][579]LogModuleManager: Shutting down and abandoning module MaterialBaking (161)
[2018.04.09-09.50.56:271][579]LogModuleManager: Shutting down and abandoning module DirectoryWatcher (157)
[2018.04.09-09.50.56:303][579]LogModuleManager: Shutting down and abandoning module DerivedDataCache (154)
[2018.04.09-09.50.56:356][579]LogDerivedDataCache: Shutdown
[2018.04.09-09.50.56:357][579]LogModuleManager: Shutting down and abandoning module XGEController (152)
[2018.04.09-09.50.56:357][579]LogXGEController: Cleaning working directory: C:/Users/VaucouleurV/AppData/Local/Temp/UnrealXGEWorkingDir/
[2018.04.09-09.50.56:361][579]LogModuleManager: Shutting down and abandoning module TargetPlatform (150)
[2018.04.09-09.50.56:361][579]LogModuleManager: Shutting down and abandoning module VulkanShaderFormat (149)
[2018.04.09-09.50.56:368][579]LogModuleManager: Shutting down and abandoning module ShaderFormatVectorVM (147)
[2018.04.09-09.50.56:374][579]LogModuleManager: Shutting down and abandoning module ShaderFormatOpenGL (145)
[2018.04.09-09.50.56:380][579]LogModuleManager: Shutting down and abandoning module ShaderFormatD3D (143)
[2018.04.09-09.50.56:388][579]LogModuleManager: Shutting down and abandoning module MetalShaderFormat (141)
[2018.04.09-09.50.56:437][579]LogModuleManager: Shutting down and abandoning module TextureFormatUncompressed (139)
[2018.04.09-09.50.56:437][579]LogModuleManager: Shutting down and abandoning module TextureFormatPVR (137)
[2018.04.09-09.50.56:437][579]LogModuleManager: Shutting down and abandoning module TextureFormatDXT (135)
[2018.04.09-09.50.56:440][579]LogModuleManager: Shutting down and abandoning module TextureFormatIntelISPCTexComp (133)
[2018.04.09-09.50.56:443][579]LogModuleManager: Shutting down and abandoning module TextureFormatASTC (131)
[2018.04.09-09.50.56:444][579]LogModuleManager: Shutting down and abandoning module ImageWrapper (130)
[2018.04.09-09.50.56:444][579]LogModuleManager: Shutting down and abandoning module TextureFormatAndroid (127)
[2018.04.09-09.50.56:444][579]LogModuleManager: Shutting down and abandoning module AudioFormatOpus (125)
[2018.04.09-09.50.56:444][579]LogModuleManager: Shutting down and abandoning module AudioFormatOgg (123)
[2018.04.09-09.50.56:444][579]LogModuleManager: Shutting down and abandoning module AudioFormatADPCM (121)
[2018.04.09-09.50.56:444][579]LogModuleManager: Shutting down and abandoning module LinuxTargetPlatform (119)
[2018.04.09-09.50.56:445][579]LogModuleManager: Shutting down and abandoning module LinuxServerTargetPlatform (117)
[2018.04.09-09.50.56:445][579]LogModuleManager: Shutting down and abandoning module LinuxNoEditorTargetPlatform (115)
[2018.04.09-09.50.56:445][579]LogModuleManager: Shutting down and abandoning module LinuxClientTargetPlatform (113)
[2018.04.09-09.50.56:448][579]LogModuleManager: Shutting down and abandoning module TVOSTargetPlatform (111)
[2018.04.09-09.50.56:448][579]LogModuleManager: Shutting down and abandoning module Messaging (109)
[2018.04.09-09.50.56:448][579]LogModuleManager: Shutting down and abandoning module IOSTargetPlatform (107)
[2018.04.09-09.50.56:448][579]LogModuleManager: Shutting down and abandoning module HTML5TargetPlatform (105)
[2018.04.09-09.50.56:448][579]LogModuleManager: Shutting down and abandoning module AndroidTargetPlatform (103)
[2018.04.09-09.50.56:448][579]LogModuleManager: Shutting down and abandoning module Android_PVRTCTargetPlatform (101)
[2018.04.09-09.50.56:448][579]LogModuleManager: Shutting down and abandoning module Android_MultiTargetPlatform (99)
[2018.04.09-09.50.56:448][579]LogModuleManager: Shutting down and abandoning module Android_ETC2TargetPlatform (97)
[2018.04.09-09.50.56:449][579]LogModuleManager: Shutting down and abandoning module Android_ETC1TargetPlatform (95)
[2018.04.09-09.50.56:450][579]LogModuleManager: Shutting down and abandoning module Android_ETC1aTargetPlatform (93)
[2018.04.09-09.50.56:451][579]LogModuleManager: Shutting down and abandoning module Android_DXTTargetPlatform (91)
[2018.04.09-09.50.56:451][579]LogModuleManager: Shutting down and abandoning module Android_ATCTargetPlatform (89)
[2018.04.09-09.50.56:451][579]LogModuleManager: Shutting down and abandoning module Android_ASTCTargetPlatform (87)
[2018.04.09-09.50.56:451][579]LogModuleManager: Shutting down and abandoning module WindowsTargetPlatform (85)
[2018.04.09-09.50.56:452][579]LogModuleManager: Shutting down and abandoning module WindowsServerTargetPlatform (83)
[2018.04.09-09.50.56:453][579]LogModuleManager: Shutting down and abandoning module WindowsNoEditorTargetPlatform (81)
[2018.04.09-09.50.56:453][579]LogModuleManager: Shutting down and abandoning module WindowsClientTargetPlatform (79)
[2018.04.09-09.50.56:453][579]LogModuleManager: Shutting down and abandoning module MacTargetPlatform (77)
[2018.04.09-09.50.56:454][579]LogModuleManager: Shutting down and abandoning module MacServerTargetPlatform (75)
[2018.04.09-09.50.56:454][579]LogModuleManager: Shutting down and abandoning module MacNoEditorTargetPlatform (73)
[2018.04.09-09.50.56:454][579]LogModuleManager: Shutting down and abandoning module MacClientTargetPlatform (71)
[2018.04.09-09.50.56:455][579]LogModuleManager: Shutting down and abandoning module AllDesktopTargetPlatform (69)
[2018.04.09-09.50.56:455][579]LogModuleManager: Shutting down and abandoning module InputCore (66)
[2018.04.09-09.50.56:455][579]LogModuleManager: Shutting down and abandoning module Settings (64)
[2018.04.09-09.50.56:456][579]LogModuleManager: Shutting down and abandoning module PhysXCooking (62)
[2018.04.09-09.50.56:456][579]LogModuleManager: Shutting down and abandoning module SteamVR (60)
[2018.04.09-09.50.56:456][579]LogModuleManager: Shutting down and abandoning module OculusHMD (58)
[2018.04.09-09.50.56:456][579]LogModuleManager: Shutting down and abandoning module ExampleDeviceProfileSelector (56)
[2018.04.09-09.50.56:456][579]LogModuleManager: Shutting down and abandoning module AppleARKit (54)
[2018.04.09-09.50.56:456][579]LogModuleManager: Shutting down and abandoning module AugmentedReality (51)
[2018.04.09-09.50.56:456][579]LogModuleManager: Shutting down and abandoning module OnlineBlueprintSupport (48)
[2018.04.09-09.50.56:456][579]LogModuleManager: Shutting down and abandoning module OnlineSubsystem (44)
[2018.04.09-09.50.56:458][579]LogModuleManager: Shutting down and abandoning module XMPP (43)
[2018.04.09-09.50.56:465][579]LogModuleManager: Shutting down and abandoning module HTTP (41)
[2018.04.09-09.50.56:466][579]LogHttp: Display: Http module shutting down, but needs to wait on 1 outstanding Http requests:
[2018.04.09-09.50.56:466][579]LogHttp: Display: 	verb=[POST] url=[https://datarouter.ol.epicgames.com/datarouter/api/v1/public/data?SessionID=%7B08CCFF12-47FA-1440-C539-D3820D2DADA3%7D&AppID=UEEditor.Rocket.Release&AppVersion=4.19.0-3944462%2B%2B%2BUE4%2BRelease-4.19&UserID=f3f4c4614ae92268290eef9ab01bc95d%7C9667c87ae98b4c59b33858b78b85c915%7C256f2a14-a5f3-4699-86f1-9ff3e8e37f47&AppEnvironment=datacollector-binary&UploadType=eteventstream] status=Processing
[2018.04.09-09.50.56:475][579]LogModuleManager: Shutting down and abandoning module SSL (40)
[2018.04.09-09.50.56:484][579]LogModuleManager: Shutting down and abandoning module AnimationModifiers (36)
[2018.04.09-09.50.56:485][579]LogModuleManager: Shutting down and abandoning module PropertyEditor (35)
[2018.04.09-09.50.56:486][579]LogModuleManager: Shutting down and abandoning module AudioEditor (32)
[2018.04.09-09.50.56:486][579]LogModuleManager: Shutting down and abandoning module TextureCompressor (30)
[2018.04.09-09.50.56:487][579]LogModuleManager: Shutting down and abandoning module ShaderCore (28)
[2018.04.09-09.50.56:487][579]LogModuleManager: Shutting down and abandoning module Landscape (26)
[2018.04.09-09.50.56:487][579]LogModuleManager: Shutting down and abandoning module SlateRHIRenderer (24)
[2018.04.09-09.50.56:498][579]LogModuleManager: Shutting down and abandoning module OpenGLDrv (22)
[2018.04.09-09.50.56:505][579]LogModuleManager: Shutting down and abandoning module D3D11RHI (20)
[2018.04.09-09.50.56:505][579]LogModuleManager: Shutting down and abandoning module AnimGraphRuntime (18)
[2018.04.09-09.50.56:510][579]LogModuleManager: Shutting down and abandoning module Renderer (16)
[2018.04.09-09.50.56:510][579]LogModuleManager: Shutting down and abandoning module Engine (14)
[2018.04.09-09.50.56:510][579]LogModuleManager: Shutting down and abandoning module CoreUObject (12)
[2018.04.09-09.50.56:510][579]LogModuleManager: Shutting down and abandoning module NetworkFile (10)
[2018.04.09-09.50.56:510][579]LogModuleManager: Shutting down and abandoning module CookedIterativeFile (8)
[2018.04.09-09.50.56:510][579]LogModuleManager: Shutting down and abandoning module StreamingFile (6)
[2018.04.09-09.50.56:510][579]LogModuleManager: Shutting down and abandoning module SandboxFile (4)
[2018.04.09-09.50.56:510][579]LogModuleManager: Shutting down and abandoning module PakFile (2)
[2018.04.09-09.50.56:521][579]LogExit: Exiting.
[2018.04.09-09.50.56:577][579]Log file closed, 04/09/18 11:50:56
